# JRE version: Java(TM) SE Runtime Environment (8.0_201-b09) (build 1.8.0_201-b09)
# Java VM: Java HotSpot(TM) 64-Bit Server VM (25.201-b09 mixed mode linux-amd64 compressed oops)
Heap:
 PSYoungGen      total 229376K, used 0K [0x00000000eab00000, 0x0000000100000000, 0x0000000100000000)
  eden space 176128K, 0% used [0x00000000eab00000,0x00000000eab00000,0x00000000f5700000)
  from space 53248K, 0% used [0x00000000f5700000,0x00000000f5700000,0x00000000f8b00000)
  to   space 88064K, 0% used [0x00000000faa00000,0x00000000faa00000,0x0000000100000000)
 ParOldGen       total 162304K, used 105974K [0x00000000c0000000, 0x00000000c9e80000, 0x00000000eab00000)
  object space 162304K, 65% used [0x00000000c0000000,0x00000000c677da48,0x00000000c9e80000)
 Metaspace       used 90483K, capacity 95240K, committed 95704K, reserved 1132544K
  class space    used 11943K, capacity 13153K, committed 13272K, reserved 1048576K
GC Heap History (10 events):
Event: 55,645 GC heap after
Heap after GC invocations=20 (full 3):
 PSYoungGen      total 282112K, used 44303K [0x00000000eab00000, 0x0000000100000000, 0x0000000100000000)
  eden space 220672K, 0% used [0x00000000eab00000,0x00000000eab00000,0x00000000f8280000)
  from space 61440K, 72% used [0x00000000f8280000,0x00000000fadc3f70,0x00000000fbe80000)
  to   space 65024K, 0% used [0x00000000fc080000,0x00000000fc080000,0x0000000100000000)
 ParOldGen       total 162304K, used 90775K [0x00000000c0000000, 0x00000000c9e80000, 0x00000000eab00000)
  object space 162304K, 55% used [0x00000000c0000000,0x00000000c58a5e88,0x00000000c9e80000)
 Metaspace       used 78644K, capacity 82770K, committed 82904K, reserved 1120256K
  class space    used 10541K, capacity 11680K, committed 11736K, reserved 1048576K
}
Event: 62,055 GC heap before
{Heap before GC invocations=21 (full 3):
 PSYoungGen      total 282112K, used 264975K [0x00000000eab00000, 0x0000000100000000, 0x0000000100000000)
  eden space 220672K, 100% used [0x00000000eab00000,0x00000000f8280000,0x00000000f8280000)
  from space 61440K, 72% used [0x00000000f8280000,0x00000000fadc3f70,0x00000000fbe80000)
  to   space 65024K, 0% used [0x00000000fc080000,0x00000000fc080000,0x0000000100000000)
 ParOldGen       total 162304K, used 90775K [0x00000000c0000000, 0x00000000c9e80000, 0x00000000eab00000)
  object space 162304K, 55% used [0x00000000c0000000,0x00000000c58a5e88,0x00000000c9e80000)
 Metaspace       used 81555K, capacity 85690K, committed 85976K, reserved 1124352K
  class space    used 10833K, capacity 11956K, committed 11992K, reserved 1048576K
Event: 62,161 GC heap after
Heap after GC invocations=21 (full 3):
 PSYoungGen      total 284160K, used 36648K [0x00000000eab00000, 0x0000000100000000, 0x0000000100000000)
  eden space 219136K, 0% used [0x00000000eab00000,0x00000000eab00000,0x00000000f8100000)
  from space 65024K, 56% used [0x00000000fc080000,0x00000000fe44a168,0x0000000100000000)
  to   space 65024K, 0% used [0x00000000f8100000,0x00000000f8100000,0x00000000fc080000)
 ParOldGen       total 162304K, used 90791K [0x00000000c0000000, 0x00000000c9e80000, 0x00000000eab00000)
  object space 162304K, 55% used [0x00000000c0000000,0x00000000c58a9e88,0x00000000c9e80000)
 Metaspace       used 81555K, capacity 85690K, committed 85976K, reserved 1124352K
  class space    used 10833K, capacity 11956K, committed 11992K, reserved 1048576K
}
Event: 67,335 GC heap before
{Heap before GC invocations=22 (full 3):
 PSYoungGen      total 284160K, used 255784K [0x00000000eab00000, 0x0000000100000000, 0x0000000100000000)
  eden space 219136K, 100% used [0x00000000eab00000,0x00000000f8100000,0x00000000f8100000)
  from space 65024K, 56% used [0x00000000fc080000,0x00000000fe44a168,0x0000000100000000)
  to   space 65024K, 0% used [0x00000000f8100000,0x00000000f8100000,0x00000000fc080000)
 ParOldGen       total 162304K, used 90791K [0x00000000c0000000, 0x00000000c9e80000, 0x00000000eab00000)
  object space 162304K, 55% used [0x00000000c0000000,0x00000000c58a9e88,0x00000000c9e80000)
 Metaspace       used 81813K, capacity 85932K, committed 86232K, reserved 1124352K
  class space    used 10847K, capacity 11965K, committed 11992K, reserved 1048576K
Event: 67,433 GC heap after
Heap after GC invocations=22 (full 3):
 PSYoungGen      total 284160K, used 37846K [0x00000000eab00000, 0x0000000100000000, 0x0000000100000000)
  eden space 219136K, 0% used [0x00000000eab00000,0x00000000eab00000,0x00000000f8100000)
  from space 65024K, 58% used [0x00000000f8100000,0x00000000fa5f59f0,0x00000000fc080000)
  to   space 65024K, 0% used [0x00000000fc080000,0x00000000fc080000,0x0000000100000000)
 ParOldGen       total 162304K, used 90791K [0x00000000c0000000, 0x00000000c9e80000, 0x00000000eab00000)
  object space 162304K, 55% used [0x00000000c0000000,0x00000000c58a9e88,0x00000000c9e80000)
 Metaspace       used 81813K, capacity 85932K, committed 86232K, reserved 1124352K
  class space    used 10847K, capacity 11965K, committed 11992K, reserved 1048576K
}
Event: 72,544 GC heap before
{Heap before GC invocations=23 (full 3):
 PSYoungGen      total 284160K, used 256955K [0x00000000eab00000, 0x0000000100000000, 0x0000000100000000)
  eden space 219136K, 99% used [0x00000000eab00000,0x00000000f80f9420,0x00000000f8100000)
  from space 65024K, 58% used [0x00000000f8100000,0x00000000fa5f59f0,0x00000000fc080000)
  to   space 65024K, 0% used [0x00000000fc080000,0x00000000fc080000,0x0000000100000000)
 ParOldGen       total 162304K, used 90791K [0x00000000c0000000, 0x00000000c9e80000, 0x00000000eab00000)
  object space 162304K, 55% used [0x00000000c0000000,0x00000000c58a9e88,0x00000000c9e80000)
 Metaspace       used 87055K, capacity 91556K, committed 91608K, reserved 1128448K
  class space    used 11552K, capacity 12729K, committed 12760K, reserved 1048576K
Event: 72,768 GC heap after
Heap after GC invocations=23 (full 3):
 PSYoungGen      total 241152K, used 64992K [0x00000000eab00000, 0x0000000100000000, 0x0000000100000000)
  eden space 176128K, 0% used [0x00000000eab00000,0x00000000eab00000,0x00000000f5700000)
  from space 65024K, 99% used [0x00000000fc080000,0x00000000ffff8078,0x0000000100000000)
  to   space 86528K, 0% used [0x00000000f5700000,0x00000000f5700000,0x00000000fab80000)
 ParOldGen       total 162304K, used 121704K [0x00000000c0000000, 0x00000000c9e80000, 0x00000000eab00000)
  object space 162304K, 74% used [0x00000000c0000000,0x00000000c76da328,0x00000000c9e80000)
 Metaspace       used 87055K, capacity 91556K, committed 91608K, reserved 1128448K
  class space    used 11552K, capacity 12729K, committed 12760K, reserved 1048576K
}
Event: 78,457 GC heap before
{Heap before GC invocations=24 (full 3):
 PSYoungGen      total 241152K, used 241120K [0x00000000eab00000, 0x0000000100000000, 0x0000000100000000)
  eden space 176128K, 100% used [0x00000000eab00000,0x00000000f5700000,0x00000000f5700000)
  from space 65024K, 99% used [0x00000000fc080000,0x00000000ffff8078,0x0000000100000000)
  to   space 86528K, 0% used [0x00000000f5700000,0x00000000f5700000,0x00000000fab80000)
 ParOldGen       total 162304K, used 121704K [0x00000000c0000000, 0x00000000c9e80000, 0x00000000eab00000)
  object space 162304K, 74% used [0x00000000c0000000,0x00000000c76da328,0x00000000c9e80000)
 Metaspace       used 90530K, capacity 95360K, committed 95704K, reserved 1132544K
  class space    used 11960K, capacity 13181K, committed 13272K, reserved 1048576K
Event: 78,913 GC heap after
Heap after GC invocations=24 (full 3):
 PSYoungGen      total 229376K, used 53161K [0x00000000eab00000, 0x0000000100000000, 0x0000000100000000)
  eden space 176128K, 0% used [0x00000000eab00000,0x00000000eab00000,0x00000000f5700000)
  from space 53248K, 99% used [0x00000000f5700000,0x00000000f8aea620,0x00000000f8b00000)
  to   space 88064K, 0% used [0x00000000faa00000,0x00000000faa00000,0x0000000100000000)
 ParOldGen       total 162304K, used 139125K [0x00000000c0000000, 0x00000000c9e80000, 0x00000000eab00000)
  object space 162304K, 85% used [0x00000000c0000000,0x00000000c87dd548,0x00000000c9e80000)
 Metaspace       used 90530K, capacity 95360K, committed 95704K, reserved 1132544K
  class space    used 11960K, capacity 13181K, committed 13272K, reserved 1048576K
}
Event: 78,954 GC heap before
{Heap before GC invocations=25 (full 4):
 PSYoungGen      total 229376K, used 53161K [0x00000000eab00000, 0x0000000100000000, 0x0000000100000000)
  eden space 176128K, 0% used [0x00000000eab00000,0x00000000eab00000,0x00000000f5700000)
  from space 53248K, 99% used [0x00000000f5700000,0x00000000f8aea620,0x00000000f8b00000)
  to   space 88064K, 0% used [0x00000000faa00000,0x00000000faa00000,0x0000000100000000)
 ParOldGen       total 162304K, used 139125K [0x00000000c0000000, 0x00000000c9e80000, 0x00000000eab00000)
  object space 162304K, 85% used [0x00000000c0000000,0x00000000c87dd548,0x00000000c9e80000)
 Metaspace       used 90530K, capacity 95360K, committed 95704K, reserved 1132544K
  class space    used 11960K, capacity 13181K, committed 13272K, reserved 1048576K

