<?xml version="1.0" encoding="UTF-8"?>
<coverage generated="1550051256153" clover="3.2.0">
  <project timestamp="1550051256154" name="All files">
    <metrics statements="5725" coveredstatements="4553" conditionals="5921" coveredconditionals="3108" methods="3160" coveredmethods="1970" elements="14806" coveredelements="9631" complexity="0" loc="5725" ncloc="5725" packages="158" files="338" classes="338">
      <package name="App">
        <metrics statements="61" coveredstatements="37" conditionals="62" coveredconditionals="16" methods="26" coveredmethods="7"/>
        <file name="config.js" path="/home/fede/Workspace/cruijff/App/config.js">
          <metrics statements="22" coveredstatements="13" conditionals="18" coveredconditionals="7" methods="6" coveredmethods="1"/>
          <line num="1" count="2" type="stmt"/>
          <line num="2" count="2" type="stmt"/>
          <line num="3" count="2" type="cond" truecount="3" falsecount="7"/>
          <line num="6" count="2" type="cond" truecount="1" falsecount="1"/>
          <line num="8" count="2" type="stmt"/>
          <line num="13" count="2" type="stmt"/>
          <line num="15" count="2" type="stmt"/>
          <line num="24" count="2" type="cond" truecount="1" falsecount="1"/>
          <line num="25" count="0" type="stmt"/>
          <line num="28" count="2" type="stmt"/>
          <line num="30" count="2" type="cond" truecount="1" falsecount="1"/>
          <line num="35" count="0" type="stmt"/>
          <line num="36" count="0" type="stmt"/>
          <line num="37" count="0" type="stmt"/>
          <line num="38" count="0" type="stmt"/>
          <line num="39" count="0" type="stmt"/>
          <line num="43" count="2" type="cond" truecount="1" falsecount="1"/>
          <line num="46" count="0" type="stmt"/>
          <line num="48" count="0" type="stmt"/>
          <line num="60" count="0" type="stmt"/>
          <line num="63" count="2" type="stmt"/>
          <line num="65" count="2" type="stmt"/>
        </file>
        <file name="globalRefs.js" path="/home/fede/Workspace/cruijff/App/globalRefs.js">
          <metrics statements="3" coveredstatements="3" conditionals="0" coveredconditionals="0" methods="2" coveredmethods="2"/>
          <line num="1" count="4" type="stmt"/>
          <line num="2" count="4" type="stmt"/>
          <line num="4" count="7" type="stmt"/>
        </file>
        <file name="utils.js" path="/home/fede/Workspace/cruijff/App/utils.js">
          <metrics statements="36" coveredstatements="21" conditionals="44" coveredconditionals="9" methods="18" coveredmethods="4"/>
          <line num="1" count="4" type="stmt"/>
          <line num="2" count="8" type="cond" truecount="3" falsecount="7"/>
          <line num="5" count="4" type="cond" truecount="2" falsecount="2"/>
          <line num="6" count="2" type="cond" truecount="2" falsecount="0"/>
          <line num="7" count="2" type="cond" truecount="2" falsecount="0"/>
          <line num="8" count="2" type="stmt"/>
          <line num="9" count="0" type="stmt"/>
          <line num="13" count="2" type="stmt"/>
          <line num="14" count="0" type="stmt"/>
          <line num="15" count="0" type="stmt"/>
          <line num="17" count="0" type="stmt"/>
          <line num="20" count="2" type="stmt"/>
          <line num="21" count="4" type="stmt"/>
          <line num="24" count="13" type="stmt"/>
          <line num="25" count="13" type="stmt"/>
          <line num="26" count="21" type="stmt"/>
          <line num="27" count="21" type="stmt"/>
          <line num="31" count="4" type="stmt"/>
          <line num="38" count="4" type="stmt"/>
          <line num="44" count="4" type="stmt"/>
          <line num="46" count="4" type="stmt"/>
          <line num="47" count="0" type="cond" truecount="0" falsecount="4"/>
          <line num="48" count="0" type="stmt"/>
          <line num="51" count="0" type="cond" truecount="0" falsecount="4"/>
          <line num="52" count="0" type="stmt"/>
          <line num="54" count="4" type="stmt"/>
          <line num="56" count="4" type="cond" truecount="0" falsecount="4"/>
          <line num="57" count="0" type="cond" truecount="0" falsecount="2"/>
          <line num="58" count="0" type="cond" truecount="0" falsecount="2"/>
          <line num="59" count="0" type="stmt"/>
          <line num="60" count="0" type="stmt"/>
          <line num="61" count="0" type="cond" truecount="0" falsecount="2"/>
          <line num="64" count="0" type="stmt"/>
          <line num="67" count="4" type="cond" truecount="0" falsecount="4"/>
          <line num="68" count="0" type="stmt"/>
          <line num="69" count="4" type="stmt"/>
        </file>
      </package>
      <package name="App.Backgrounds.FieldBackground">
        <metrics statements="21" coveredstatements="21" conditionals="26" coveredconditionals="12" methods="10" coveredmethods="8"/>
        <file name="index.js" path="/home/fede/Workspace/cruijff/App/Backgrounds/FieldBackground/index.js">
          <metrics statements="15" coveredstatements="15" conditionals="22" coveredconditionals="8" methods="8" coveredmethods="6"/>
          <line num="1" count="1" type="stmt"/>
          <line num="2" count="1" type="stmt"/>
          <line num="3" count="1" type="stmt"/>
          <line num="4" count="1" type="stmt"/>
          <line num="5" count="1" type="stmt"/>
          <line num="6" count="1" type="stmt"/>
          <line num="7" count="1" type="stmt"/>
          <line num="8" count="6" type="cond" truecount="8" falsecount="14"/>
          <line num="13" count="1" type="stmt"/>
          <line num="17" count="1" type="stmt"/>
          <line num="24" count="1" type="stmt"/>
          <line num="30" count="2" type="stmt"/>
          <line num="58" count="1" type="stmt"/>
          <line num="62" count="1" type="stmt"/>
          <line num="66" count="1" type="stmt"/>
        </file>
        <file name="stories.js" path="/home/fede/Workspace/cruijff/App/Backgrounds/FieldBackground/stories.js">
          <metrics statements="6" coveredstatements="6" conditionals="4" coveredconditionals="4" methods="2" coveredmethods="2"/>
          <line num="1" count="1" type="stmt"/>
          <line num="2" count="1" type="stmt"/>
          <line num="3" count="1" type="stmt"/>
          <line num="4" count="2" type="cond" truecount="4" falsecount="0"/>
          <line num="6" count="1" type="stmt"/>
          <line num="7" count="1" type="stmt"/>
        </file>
      </package>
      <package name="App.Backgrounds.ImageBackground">
        <metrics statements="29" coveredstatements="29" conditionals="15" coveredconditionals="13" methods="14" coveredmethods="10"/>
        <file name="index.js" path="/home/fede/Workspace/cruijff/App/Backgrounds/ImageBackground/index.js">
          <metrics statements="21" coveredstatements="21" conditionals="11" coveredconditionals="9" methods="11" coveredmethods="7"/>
          <line num="1" count="1" type="stmt"/>
          <line num="2" count="1" type="stmt"/>
          <line num="3" count="1" type="stmt"/>
          <line num="4" count="1" type="stmt"/>
          <line num="5" count="1" type="stmt"/>
          <line num="6" count="1" type="stmt"/>
          <line num="7" count="1" type="stmt"/>
          <line num="8" count="1" type="stmt"/>
          <line num="9" count="8" type="cond" truecount="5" falsecount="1"/>
          <line num="15" count="1" type="stmt"/>
          <line num="20" count="1" type="stmt"/>
          <line num="26" count="1" type="stmt"/>
          <line num="31" count="1" type="stmt"/>
          <line num="38" count="1" type="stmt"/>
          <line num="39" count="5" type="stmt"/>
          <line num="40" count="5" type="stmt"/>
          <line num="41" count="5" type="stmt"/>
          <line num="42" count="5" type="stmt"/>
          <line num="69" count="1" type="stmt"/>
          <line num="79" count="1" type="stmt"/>
          <line num="86" count="1" type="stmt"/>
        </file>
        <file name="stories.js" path="/home/fede/Workspace/cruijff/App/Backgrounds/ImageBackground/stories.js">
          <metrics statements="8" coveredstatements="8" conditionals="4" coveredconditionals="4" methods="3" coveredmethods="3"/>
          <line num="1" count="1" type="stmt"/>
          <line num="2" count="1" type="stmt"/>
          <line num="3" count="1" type="stmt"/>
          <line num="4" count="1" type="stmt"/>
          <line num="5" count="3" type="cond" truecount="4" falsecount="0"/>
          <line num="7" count="1" type="stmt"/>
          <line num="8" count="1" type="stmt"/>
          <line num="15" count="1" type="stmt"/>
        </file>
      </package>
      <package name="App.Backgrounds.LogoHeaderBackground">
        <metrics statements="26" coveredstatements="26" conditionals="16" coveredconditionals="15" methods="12" coveredmethods="10"/>
        <file name="index.js" path="/home/fede/Workspace/cruijff/App/Backgrounds/LogoHeaderBackground/index.js">
          <metrics statements="19" coveredstatements="19" conditionals="12" coveredconditionals="11" methods="9" coveredmethods="7"/>
          <line num="1" count="1" type="stmt"/>
          <line num="2" count="1" type="stmt"/>
          <line num="3" count="1" type="stmt"/>
          <line num="4" count="1" type="stmt"/>
          <line num="5" count="1" type="stmt"/>
          <line num="6" count="1" type="stmt"/>
          <line num="7" count="1" type="stmt"/>
          <line num="8" count="7" type="cond" truecount="5" falsecount="1"/>
          <line num="13" count="1" type="stmt"/>
          <line num="15" count="6" type="cond" truecount="2" falsecount="0"/>
          <line num="18" count="1" type="stmt"/>
          <line num="19" count="6" type="stmt"/>
          <line num="24" count="1" type="stmt"/>
          <line num="28" count="3" type="stmt"/>
          <line num="29" count="3" type="stmt"/>
          <line num="31" count="3" type="stmt"/>
          <line num="57" count="1" type="stmt"/>
          <line num="66" count="1" type="stmt"/>
          <line num="71" count="1" type="stmt"/>
        </file>
        <file name="stories.js" path="/home/fede/Workspace/cruijff/App/Backgrounds/LogoHeaderBackground/stories.js">
          <metrics statements="7" coveredstatements="7" conditionals="4" coveredconditionals="4" methods="3" coveredmethods="3"/>
          <line num="1" count="1" type="stmt"/>
          <line num="2" count="1" type="stmt"/>
          <line num="3" count="1" type="stmt"/>
          <line num="4" count="2" type="cond" truecount="4" falsecount="0"/>
          <line num="6" count="1" type="stmt"/>
          <line num="7" count="1" type="stmt"/>
          <line num="12" count="1" type="stmt"/>
        </file>
      </package>
      <package name="App.Components">
        <metrics statements="24" coveredstatements="24" conditionals="4" coveredconditionals="4" methods="14" coveredmethods="14"/>
        <file name="Stories.js" path="/home/fede/Workspace/cruijff/App/Components/Stories.js">
          <metrics statements="24" coveredstatements="24" conditionals="4" coveredconditionals="4" methods="14" coveredmethods="14"/>
          <line num="1" count="1" type="stmt"/>
          <line num="2" count="1" type="stmt"/>
          <line num="3" count="1" type="stmt"/>
          <line num="5" count="1" type="stmt"/>
          <line num="6" count="1" type="stmt"/>
          <line num="7" count="1" type="stmt"/>
          <line num="8" count="1" type="stmt"/>
          <line num="9" count="6" type="cond" truecount="4" falsecount="0"/>
          <line num="12" count="1" type="stmt"/>
          <line num="13" count="1" type="stmt"/>
          <line num="21" count="1" type="stmt"/>
          <line num="22" count="1" type="stmt"/>
          <line num="23" count="1" type="stmt"/>
          <line num="24" count="1" type="stmt"/>
          <line num="26" count="1" type="stmt"/>
          <line num="35" count="1" type="stmt"/>
          <line num="36" count="1" type="stmt"/>
          <line num="37" count="1" type="stmt"/>
          <line num="38" count="1" type="stmt"/>
          <line num="40" count="1" type="stmt"/>
          <line num="41" count="1" type="stmt"/>
          <line num="42" count="1" type="stmt"/>
          <line num="43" count="1" type="stmt"/>
          <line num="51" count="1" type="stmt"/>
        </file>
      </package>
      <package name="App.Components.Auth.LoginEmailApiCall">
        <metrics statements="19" coveredstatements="12" conditionals="44" coveredconditionals="20" methods="18" coveredmethods="12"/>
        <file name="index.js" path="/home/fede/Workspace/cruijff/App/Components/Auth/LoginEmailApiCall/index.js">
          <metrics statements="19" coveredstatements="12" conditionals="44" coveredconditionals="20" methods="18" coveredmethods="12"/>
          <line num="1" count="1" type="stmt"/>
          <line num="2" count="1" type="stmt"/>
          <line num="4" count="3" type="cond" truecount="20" falsecount="15"/>
          <line num="13" count="2" type="stmt"/>
          <line num="14" count="0" type="cond" truecount="0" falsecount="5"/>
          <line num="16" count="0" type="stmt"/>
          <line num="19" count="0" type="stmt"/>
          <line num="22" count="0" type="cond" truecount="0" falsecount="4"/>
          <line num="26" count="0" type="stmt"/>
          <line num="28" count="0" type="stmt"/>
          <line num="29" count="0" type="stmt"/>
          <line num="31" count="1" type="stmt"/>
          <line num="36" count="1" type="stmt"/>
          <line num="39" count="1" type="stmt"/>
          <line num="43" count="1" type="stmt"/>
          <line num="44" count="1" type="stmt"/>
          <line num="47" count="1" type="stmt"/>
          <line num="56" count="1" type="stmt"/>
          <line num="61" count="1" type="stmt"/>
        </file>
      </package>
      <package name="App.Components.Auth.LoginEmailForm">
        <metrics statements="64" coveredstatements="63" conditionals="61" coveredconditionals="38" methods="31" coveredmethods="25"/>
        <file name="index.js" path="/home/fede/Workspace/cruijff/App/Components/Auth/LoginEmailForm/index.js">
          <metrics statements="56" coveredstatements="55" conditionals="53" coveredconditionals="32" methods="28" coveredmethods="22"/>
          <line num="1" count="2" type="stmt"/>
          <line num="2" count="2" type="stmt"/>
          <line num="3" count="2" type="stmt"/>
          <line num="4" count="2" type="stmt"/>
          <line num="5" count="2" type="stmt"/>
          <line num="6" count="2" type="stmt"/>
          <line num="7" count="2" type="stmt"/>
          <line num="8" count="2" type="stmt"/>
          <line num="9" count="2" type="stmt"/>
          <line num="10" count="2" type="stmt"/>
          <line num="11" count="26" type="cond" truecount="23" falsecount="18"/>
          <line num="16" count="2" type="stmt"/>
          <line num="18" count="2" type="stmt"/>
          <line num="22" count="2" type="stmt"/>
          <line num="28" count="22" type="stmt"/>
          <line num="31" count="8" type="stmt"/>
          <line num="47" count="5" type="stmt"/>
          <line num="48" count="8" type="stmt"/>
          <line num="50" count="5" type="stmt"/>
          <line num="51" count="5" type="stmt"/>
          <line num="54" count="5" type="stmt"/>
          <line num="58" count="8" type="stmt"/>
          <line num="60" count="5" type="stmt"/>
          <line num="62" count="5" type="stmt"/>
          <line num="65" count="5" type="cond" truecount="2" falsecount="0"/>
          <line num="67" count="5" type="cond" truecount="2" falsecount="0"/>
          <line num="68" count="1" type="stmt"/>
          <line num="69" count="4" type="cond" truecount="2" falsecount="0"/>
          <line num="70" count="2" type="stmt"/>
          <line num="71" count="2" type="cond" truecount="1" falsecount="1"/>
          <line num="72" count="0" type="stmt"/>
          <line num="75" count="5" type="stmt"/>
          <line num="76" count="8" type="stmt"/>
          <line num="84" count="6" type="stmt"/>
          <line num="88" count="6" type="stmt"/>
          <line num="89" count="6" type="stmt"/>
          <line num="91" count="1" type="stmt"/>
          <line num="92" count="1" type="stmt"/>
          <line num="96" count="5" type="stmt"/>
          <line num="99" count="5" type="stmt"/>
          <line num="102" count="5" type="cond" truecount="2" falsecount="0"/>
          <line num="103" count="3" type="stmt"/>
          <line num="106" count="3" type="stmt"/>
          <line num="107" count="3" type="stmt"/>
          <line num="111" count="2" type="stmt"/>
          <line num="112" count="8" type="cond" truecount="0" falsecount="2"/>
          <line num="114" count="21" type="stmt"/>
          <line num="115" count="21" type="stmt"/>
          <line num="116" count="21" type="stmt"/>
          <line num="119" count="21" type="stmt"/>
          <line num="121" count="21" type="stmt"/>
          <line num="135" count="5" type="stmt"/>
          <line num="150" count="2" type="stmt"/>
          <line num="153" count="2" type="stmt"/>
          <line num="162" count="2" type="stmt"/>
          <line num="171" count="2" type="stmt"/>
        </file>
        <file name="stories.js" path="/home/fede/Workspace/cruijff/App/Components/Auth/LoginEmailForm/stories.js">
          <metrics statements="8" coveredstatements="8" conditionals="8" coveredconditionals="6" methods="3" coveredmethods="3"/>
          <line num="1" count="1" type="stmt"/>
          <line num="2" count="1" type="stmt"/>
          <line num="3" count="1" type="stmt"/>
          <line num="4" count="1" type="stmt"/>
          <line num="5" count="3" type="cond" truecount="4" falsecount="0"/>
          <line num="7" count="1" type="stmt"/>
          <line num="8" count="1" type="stmt"/>
          <line num="13" count="1" type="stmt"/>
        </file>
      </package>
      <package name="App.Components.Auth.SignupEmailApiCall">
        <metrics statements="45" coveredstatements="15" conditionals="52" coveredconditionals="15" methods="23" coveredmethods="6"/>
        <file name="index.js" path="/home/fede/Workspace/cruijff/App/Components/Auth/SignupEmailApiCall/index.js">
          <metrics statements="24" coveredstatements="10" conditionals="42" coveredconditionals="15" methods="18" coveredmethods="6"/>
          <line num="1" count="1" type="stmt"/>
          <line num="2" count="1" type="stmt"/>
          <line num="3" count="1" type="stmt"/>
          <line num="4" count="3" type="cond" truecount="15" falsecount="20"/>
          <line num="13" count="1" type="stmt"/>
          <line num="14" count="0" type="cond" truecount="0" falsecount="3"/>
          <line num="16" count="0" type="stmt"/>
          <line num="18" count="0" type="stmt"/>
          <line num="20" count="0" type="stmt"/>
          <line num="23" count="0" type="cond" truecount="0" falsecount="4"/>
          <line num="24" count="0" type="stmt"/>
          <line num="25" count="0" type="stmt"/>
          <line num="26" count="0" type="stmt"/>
          <line num="27" count="0" type="stmt"/>
          <line num="30" count="0" type="stmt"/>
          <line num="33" count="0" type="stmt"/>
          <line num="34" count="1" type="stmt"/>
          <line num="38" count="0" type="stmt"/>
          <line num="41" count="0" type="stmt"/>
          <line num="45" count="0" type="stmt"/>
          <line num="46" count="1" type="stmt"/>
          <line num="49" count="1" type="stmt"/>
          <line num="59" count="1" type="stmt"/>
          <line num="64" count="1" type="stmt"/>
        </file>
        <file name="utils.js" path="/home/fede/Workspace/cruijff/App/Components/Auth/SignupEmailApiCall/utils.js">
          <metrics statements="21" coveredstatements="5" conditionals="10" coveredconditionals="0" methods="5" coveredmethods="0"/>
          <line num="1" count="1" type="stmt"/>
          <line num="4" count="1" type="stmt"/>
          <line num="5" count="0" type="cond" truecount="0" falsecount="5"/>
          <line num="7" count="0" type="stmt"/>
          <line num="12" count="0" type="stmt"/>
          <line num="19" count="1" type="stmt"/>
          <line num="20" count="0" type="cond" truecount="0" falsecount="5"/>
          <line num="22" count="0" type="stmt"/>
          <line num="24" count="0" type="stmt"/>
          <line num="26" count="0" type="stmt"/>
          <line num="28" count="0" type="stmt"/>
          <line num="30" count="0" type="stmt"/>
          <line num="40" count="1" type="stmt"/>
          <line num="41" count="0" type="stmt"/>
          <line num="42" count="0" type="stmt"/>
          <line num="44" count="0" type="stmt"/>
          <line num="45" count="0" type="stmt"/>
          <line num="46" count="0" type="stmt"/>
          <line num="47" count="0" type="stmt"/>
          <line num="50" count="0" type="stmt"/>
          <line num="53" count="1" type="stmt"/>
        </file>
      </package>
      <package name="App.Components.Auth.SignupEmailForm">
        <metrics statements="96" coveredstatements="86" conditionals="79" coveredconditionals="50" methods="41" coveredmethods="30"/>
        <file name="index.js" path="/home/fede/Workspace/cruijff/App/Components/Auth/SignupEmailForm/index.js">
          <metrics statements="88" coveredstatements="78" conditionals="71" coveredconditionals="44" methods="38" coveredmethods="27"/>
          <line num="1" count="2" type="stmt"/>
          <line num="2" count="2" type="stmt"/>
          <line num="3" count="2" type="stmt"/>
          <line num="4" count="2" type="stmt"/>
          <line num="5" count="2" type="stmt"/>
          <line num="6" count="2" type="stmt"/>
          <line num="7" count="2" type="stmt"/>
          <line num="8" count="2" type="stmt"/>
          <line num="9" count="2" type="stmt"/>
          <line num="10" count="2" type="stmt"/>
          <line num="11" count="2" type="stmt"/>
          <line num="12" count="2" type="stmt"/>
          <line num="13" count="2" type="stmt"/>
          <line num="14" count="2" type="stmt"/>
          <line num="15" count="148" type="cond" truecount="24" falsecount="21"/>
          <line num="20" count="2" type="stmt"/>
          <line num="22" count="2" type="stmt"/>
          <line num="28" count="2" type="stmt"/>
          <line num="36" count="32" type="stmt"/>
          <line num="41" count="33" type="stmt"/>
          <line num="43" count="11" type="stmt"/>
          <line num="59" count="11" type="stmt"/>
          <line num="60" count="11" type="stmt"/>
          <line num="62" count="0" type="stmt"/>
          <line num="63" count="0" type="stmt"/>
          <line num="65" count="0" type="stmt"/>
          <line num="71" count="11" type="stmt"/>
          <line num="73" count="30" type="stmt"/>
          <line num="74" count="30" type="stmt"/>
          <line num="77" count="30" type="stmt"/>
          <line num="81" count="11" type="stmt"/>
          <line num="83" count="11" type="stmt"/>
          <line num="85" count="11" type="stmt"/>
          <line num="88" count="11" type="cond" truecount="2" falsecount="0"/>
          <line num="90" count="11" type="cond" truecount="2" falsecount="0"/>
          <line num="91" count="2" type="stmt"/>
          <line num="92" count="9" type="cond" truecount="1" falsecount="1"/>
          <line num="93" count="0" type="stmt"/>
          <line num="97" count="11" type="cond" truecount="2" falsecount="0"/>
          <line num="99" count="11" type="cond" truecount="2" falsecount="0"/>
          <line num="100" count="2" type="stmt"/>
          <line num="101" count="9" type="cond" truecount="1" falsecount="1"/>
          <line num="102" count="0" type="stmt"/>
          <line num="106" count="11" type="cond" truecount="2" falsecount="0"/>
          <line num="108" count="11" type="cond" truecount="2" falsecount="0"/>
          <line num="109" count="2" type="stmt"/>
          <line num="110" count="9" type="cond" truecount="2" falsecount="0"/>
          <line num="111" count="1" type="stmt"/>
          <line num="112" count="8" type="cond" truecount="1" falsecount="1"/>
          <line num="113" count="0" type="stmt"/>
          <line num="116" count="11" type="stmt"/>
          <line num="117" count="11" type="stmt"/>
          <line num="125" count="12" type="stmt"/>
          <line num="129" count="12" type="stmt"/>
          <line num="130" count="12" type="stmt"/>
          <line num="132" count="1" type="stmt"/>
          <line num="133" count="1" type="stmt"/>
          <line num="137" count="11" type="stmt"/>
          <line num="140" count="11" type="stmt"/>
          <line num="143" count="11" type="cond" truecount="2" falsecount="0"/>
          <line num="144" count="7" type="stmt"/>
          <line num="146" count="7" type="stmt"/>
          <line num="147" count="7" type="stmt"/>
          <line num="148" count="7" type="stmt"/>
          <line num="149" count="7" type="cond" truecount="1" falsecount="1"/>
          <line num="150" count="0" type="stmt"/>
          <line num="154" count="7" type="stmt"/>
          <line num="155" count="7" type="stmt"/>
          <line num="159" count="4" type="stmt"/>
          <line num="160" count="11" type="cond" truecount="0" falsecount="2"/>
          <line num="162" count="59" type="stmt"/>
          <line num="163" count="59" type="stmt"/>
          <line num="169" count="59" type="stmt"/>
          <line num="172" count="59" type="stmt"/>
          <line num="173" count="59" type="stmt"/>
          <line num="174" count="59" type="stmt"/>
          <line num="176" count="59" type="stmt"/>
          <line num="183" count="1" type="stmt"/>
          <line num="189" count="0" type="stmt"/>
          <line num="201" count="10" type="stmt"/>
          <line num="207" count="0" type="stmt"/>
          <line num="218" count="10" type="stmt"/>
          <line num="224" count="0" type="stmt"/>
          <line num="236" count="10" type="stmt"/>
          <line num="263" count="2" type="stmt"/>
          <line num="266" count="2" type="stmt"/>
          <line num="275" count="2" type="stmt"/>
          <line num="284" count="2" type="stmt"/>
        </file>
        <file name="stories.js" path="/home/fede/Workspace/cruijff/App/Components/Auth/SignupEmailForm/stories.js">
          <metrics statements="8" coveredstatements="8" conditionals="8" coveredconditionals="6" methods="3" coveredmethods="3"/>
          <line num="1" count="1" type="stmt"/>
          <line num="2" count="1" type="stmt"/>
          <line num="3" count="1" type="stmt"/>
          <line num="4" count="1" type="stmt"/>
          <line num="5" count="3" type="cond" truecount="4" falsecount="0"/>
          <line num="7" count="1" type="stmt"/>
          <line num="8" count="1" type="stmt"/>
          <line num="13" count="1" type="stmt"/>
        </file>
      </package>
      <package name="App.Components.Common">
        <metrics statements="80" coveredstatements="72" conditionals="113" coveredconditionals="68" methods="60" coveredmethods="40"/>
        <file name="CenteredActivityIndicator.js" path="/home/fede/Workspace/cruijff/App/Components/Common/CenteredActivityIndicator.js">
          <metrics statements="7" coveredstatements="7" conditionals="6" coveredconditionals="5" methods="5" coveredmethods="4"/>
          <line num="1" count="1" type="stmt"/>
          <line num="2" count="1" type="stmt"/>
          <line num="3" count="1" type="stmt"/>
          <line num="4" count="3" type="cond" truecount="5" falsecount="1"/>
          <line num="6" count="10" type="stmt"/>
          <line num="11" count="1" type="stmt"/>
          <line num="13" count="1" type="stmt"/>
        </file>
        <file name="ErrorBoundary.js" path="/home/fede/Workspace/cruijff/App/Components/Common/ErrorBoundary.js">
          <metrics statements="16" coveredstatements="9" conditionals="37" coveredconditionals="15" methods="16" coveredmethods="6"/>
          <line num="1" count="1" type="stmt"/>
          <line num="2" count="1" type="stmt"/>
          <line num="3" count="3" type="cond" truecount="15" falsecount="20"/>
          <line num="6" count="1" type="stmt"/>
          <line num="7" count="1" type="stmt"/>
          <line num="10" count="0" type="stmt"/>
          <line num="14" count="0" type="stmt"/>
          <line num="15" count="0" type="stmt"/>
          <line num="17" count="0" type="cond" truecount="0" falsecount="2"/>
          <line num="18" count="0" type="stmt"/>
          <line num="20" count="0" type="stmt"/>
          <line num="21" count="1" type="stmt"/>
          <line num="24" count="1" type="stmt"/>
          <line num="32" count="1" type="stmt"/>
          <line num="33" count="0" type="stmt"/>
          <line num="36" count="1" type="stmt"/>
        </file>
        <file name="NothingFound.js" path="/home/fede/Workspace/cruijff/App/Components/Common/NothingFound.js">
          <metrics statements="10" coveredstatements="10" conditionals="6" coveredconditionals="5" methods="7" coveredmethods="5"/>
          <line num="1" count="2" type="stmt"/>
          <line num="2" count="2" type="stmt"/>
          <line num="3" count="2" type="stmt"/>
          <line num="4" count="2" type="stmt"/>
          <line num="5" count="10" type="cond" truecount="5" falsecount="1"/>
          <line num="7" count="2" type="stmt"/>
          <line num="13" count="2" type="stmt"/>
          <line num="18" count="2" type="stmt"/>
          <line num="25" count="2" type="stmt"/>
          <line num="30" count="2" type="stmt"/>
        </file>
        <file name="Rating.js" path="/home/fede/Workspace/cruijff/App/Components/Common/Rating.js">
          <metrics statements="11" coveredstatements="11" conditionals="28" coveredconditionals="20" methods="8" coveredmethods="7"/>
          <line num="1" count="1" type="stmt"/>
          <line num="2" count="1" type="stmt"/>
          <line num="3" count="1" type="stmt"/>
          <line num="4" count="1" type="stmt"/>
          <line num="5" count="1" type="stmt"/>
          <line num="6" count="19" type="cond" truecount="18" falsecount="8"/>
          <line num="8" count="3" type="stmt"/>
          <line num="10" count="15" type="stmt"/>
          <line num="17" count="1" type="stmt"/>
          <line num="21" count="1" type="stmt"/>
          <line num="23" count="1" type="stmt"/>
        </file>
        <file name="RatingBig.js" path="/home/fede/Workspace/cruijff/App/Components/Common/RatingBig.js">
          <metrics statements="15" coveredstatements="14" conditionals="8" coveredconditionals="7" methods="11" coveredmethods="7"/>
          <line num="1" count="1" type="stmt"/>
          <line num="2" count="1" type="stmt"/>
          <line num="3" count="1" type="stmt"/>
          <line num="4" count="1" type="stmt"/>
          <line num="5" count="1" type="stmt"/>
          <line num="6" count="5" type="cond" truecount="5" falsecount="1"/>
          <line num="11" count="1" type="stmt"/>
          <line num="17" count="1" type="stmt"/>
          <line num="22" count="1" type="stmt"/>
          <line num="29" count="3" type="stmt"/>
          <line num="32" count="15" type="cond" truecount="2" falsecount="0"/>
          <line num="33" count="15" type="stmt"/>
          <line num="34" count="0" type="stmt"/>
          <line num="42" count="1" type="stmt"/>
          <line num="47" count="1" type="stmt"/>
        </file>
        <file name="Text.js" path="/home/fede/Workspace/cruijff/App/Components/Common/Text.js">
          <metrics statements="21" coveredstatements="21" conditionals="28" coveredconditionals="16" methods="13" coveredmethods="11"/>
          <line num="1" count="5" type="stmt"/>
          <line num="2" count="5" type="stmt"/>
          <line num="3" count="5" type="stmt"/>
          <line num="4" count="5" type="stmt"/>
          <line num="5" count="1307" type="cond" truecount="14" falsecount="12"/>
          <line num="7" count="238" type="stmt"/>
          <line num="11" count="5" type="stmt"/>
          <line num="15" count="5" type="stmt"/>
          <line num="17" count="5" type="stmt"/>
          <line num="18" count="30" type="stmt"/>
          <line num="23" count="30" type="stmt"/>
          <line num="26" count="5" type="stmt"/>
          <line num="27" count="30" type="stmt"/>
          <line num="28" count="230" type="stmt"/>
          <line num="29" count="230" type="stmt"/>
          <line num="34" count="230" type="cond" truecount="2" falsecount="0"/>
          <line num="35" count="3" type="stmt"/>
          <line num="37" count="230" type="stmt"/>
          <line num="41" count="30" type="stmt"/>
          <line num="46" count="30" type="stmt"/>
          <line num="49" count="5" type="stmt"/>
        </file>
      </package>
      <package name="App.Components.Common.AlertMsg">
        <metrics statements="39" coveredstatements="38" conditionals="19" coveredconditionals="16" methods="18" coveredmethods="15"/>
        <file name="index.js" path="/home/fede/Workspace/cruijff/App/Components/Common/AlertMsg/index.js">
          <metrics statements="20" coveredstatements="20" conditionals="6" coveredconditionals="5" methods="10" coveredmethods="7"/>
          <line num="1" count="1" type="stmt"/>
          <line num="2" count="1" type="stmt"/>
          <line num="3" count="1" type="stmt"/>
          <line num="5" count="1" type="stmt"/>
          <line num="6" count="1" type="stmt"/>
          <line num="7" count="1" type="stmt"/>
          <line num="8" count="1" type="stmt"/>
          <line num="9" count="1" type="stmt"/>
          <line num="10" count="9" type="cond" truecount="5" falsecount="1"/>
          <line num="15" count="1" type="stmt"/>
          <line num="19" count="1" type="stmt"/>
          <line num="24" count="1" type="stmt"/>
          <line num="25" count="10" type="stmt"/>
          <line num="30" count="5" type="stmt"/>
          <line num="31" count="5" type="stmt"/>
          <line num="32" count="5" type="stmt"/>
          <line num="34" count="5" type="stmt"/>
          <line num="53" count="1" type="stmt"/>
          <line num="58" count="1" type="stmt"/>
          <line num="62" count="1" type="stmt"/>
        </file>
        <file name="stories.js" path="/home/fede/Workspace/cruijff/App/Components/Common/AlertMsg/stories.js">
          <metrics statements="10" coveredstatements="10" conditionals="4" coveredconditionals="4" methods="6" coveredmethods="6"/>
          <line num="1" count="1" type="stmt"/>
          <line num="2" count="1" type="stmt"/>
          <line num="3" count="2" type="cond" truecount="4" falsecount="0"/>
          <line num="5" count="1" type="stmt"/>
          <line num="7" count="1" type="stmt"/>
          <line num="8" count="1" type="stmt"/>
          <line num="11" count="1" type="stmt"/>
          <line num="14" count="1" type="stmt"/>
          <line num="17" count="1" type="stmt"/>
          <line num="20" count="1" type="stmt"/>
        </file>
        <file name="utils.js" path="/home/fede/Workspace/cruijff/App/Components/Common/AlertMsg/utils.js">
          <metrics statements="9" coveredstatements="8" conditionals="9" coveredconditionals="7" methods="2" coveredmethods="2"/>
          <line num="1" count="1" type="cond" truecount="3" falsecount="1"/>
          <line num="3" count="1" type="stmt"/>
          <line num="4" count="5" type="cond" truecount="4" falsecount="1"/>
          <line num="6" count="1" type="stmt"/>
          <line num="12" count="1" type="stmt"/>
          <line num="18" count="1" type="stmt"/>
          <line num="24" count="2" type="stmt"/>
          <line num="30" count="0" type="stmt"/>
          <line num="34" count="1" type="stmt"/>
        </file>
      </package>
      <package name="App.Components.Common.Avatar">
        <metrics statements="50" coveredstatements="44" conditionals="75" coveredconditionals="38" methods="36" coveredmethods="28"/>
        <file name="index.js" path="/home/fede/Workspace/cruijff/App/Components/Common/Avatar/index.js">
          <metrics statements="33" coveredstatements="30" conditionals="58" coveredconditionals="32" methods="29" coveredmethods="23"/>
          <line num="1" count="2" type="stmt"/>
          <line num="2" count="2" type="stmt"/>
          <line num="3" count="2" type="stmt"/>
          <line num="4" count="2" type="stmt"/>
          <line num="5" count="2" type="stmt"/>
          <line num="6" count="2" type="stmt"/>
          <line num="7" count="12" type="cond" truecount="21" falsecount="16"/>
          <line num="12" count="2" type="stmt"/>
          <line num="16" count="2" type="stmt"/>
          <line num="17" count="6" type="stmt"/>
          <line num="18" count="6" type="stmt"/>
          <line num="19" count="6" type="stmt"/>
          <line num="20" count="6" type="cond" truecount="2" falsecount="0"/>
          <line num="27" count="2" type="stmt"/>
          <line num="28" count="2" type="stmt"/>
          <line num="29" count="2" type="stmt"/>
          <line num="32" count="2" type="stmt"/>
          <line num="33" count="0" type="stmt"/>
          <line num="41" count="3" type="stmt"/>
          <line num="45" count="3" type="stmt"/>
          <line num="48" count="3" type="cond" truecount="2" falsecount="4"/>
          <line num="57" count="3" type="cond" truecount="1" falsecount="1"/>
          <line num="58" count="0" type="stmt"/>
          <line num="69" count="3" type="cond" truecount="1" falsecount="4"/>
          <line num="76" count="3" type="cond" truecount="1" falsecount="1"/>
          <line num="77" count="0" type="stmt"/>
          <line num="86" count="3" type="cond" truecount="4" falsecount="0"/>
          <line num="87" count="2" type="stmt"/>
          <line num="97" count="1" type="stmt"/>
          <line num="105" count="2" type="stmt"/>
          <line num="108" count="2" type="stmt"/>
          <line num="120" count="2" type="stmt"/>
          <line num="126" count="2" type="stmt"/>
        </file>
        <file name="stories.js" path="/home/fede/Workspace/cruijff/App/Components/Common/Avatar/stories.js">
          <metrics statements="10" coveredstatements="10" conditionals="8" coveredconditionals="6" methods="5" coveredmethods="5"/>
          <line num="1" count="1" type="stmt"/>
          <line num="2" count="1" type="stmt"/>
          <line num="3" count="1" type="stmt"/>
          <line num="4" count="1" type="stmt"/>
          <line num="5" count="3" type="cond" truecount="4" falsecount="0"/>
          <line num="7" count="1" type="stmt"/>
          <line num="8" count="1" type="stmt"/>
          <line num="13" count="1" type="stmt"/>
          <line num="20" count="1" type="stmt"/>
          <line num="23" count="1" type="stmt"/>
        </file>
        <file name="utils.js" path="/home/fede/Workspace/cruijff/App/Components/Common/Avatar/utils.js">
          <metrics statements="7" coveredstatements="4" conditionals="9" coveredconditionals="0" methods="2" coveredmethods="0"/>
          <line num="1" count="2" type="stmt"/>
          <line num="2" count="0" type="cond" truecount="0" falsecount="5"/>
          <line num="3" count="0" type="stmt"/>
          <line num="6" count="0" type="stmt"/>
          <line num="7" count="2" type="stmt"/>
          <line num="9" count="2" type="stmt"/>
          <line num="18" count="2" type="stmt"/>
        </file>
      </package>
      <package name="App.Components.Common.AvatarPicker">
        <metrics statements="26" coveredstatements="18" conditionals="12" coveredconditionals="10" methods="9" coveredmethods="4"/>
        <file name="index.js" path="/home/fede/Workspace/cruijff/App/Components/Common/AvatarPicker/index.js">
          <metrics statements="18" coveredstatements="10" conditionals="4" coveredconditionals="4" methods="6" coveredmethods="1"/>
          <line num="1" count="1" type="stmt"/>
          <line num="2" count="1" type="stmt"/>
          <line num="3" count="1" type="stmt"/>
          <line num="4" count="1" type="stmt"/>
          <line num="5" count="1" type="stmt"/>
          <line num="6" count="5" type="cond" truecount="4" falsecount="0"/>
          <line num="11" count="1" type="stmt"/>
          <line num="14" count="0" type="stmt"/>
          <line num="15" count="0" type="stmt"/>
          <line num="16" count="0" type="stmt"/>
          <line num="17" count="0" type="stmt"/>
          <line num="18" count="0" type="stmt"/>
          <line num="19" count="0" type="stmt"/>
          <line num="29" count="0" type="stmt"/>
          <line num="31" count="0" type="stmt"/>
          <line num="39" count="1" type="stmt"/>
          <line num="44" count="1" type="stmt"/>
          <line num="48" count="1" type="stmt"/>
        </file>
        <file name="stories.js" path="/home/fede/Workspace/cruijff/App/Components/Common/AvatarPicker/stories.js">
          <metrics statements="8" coveredstatements="8" conditionals="8" coveredconditionals="6" methods="3" coveredmethods="3"/>
          <line num="1" count="1" type="stmt"/>
          <line num="2" count="1" type="stmt"/>
          <line num="3" count="1" type="stmt"/>
          <line num="4" count="1" type="stmt"/>
          <line num="5" count="3" type="cond" truecount="4" falsecount="0"/>
          <line num="7" count="1" type="stmt"/>
          <line num="8" count="1" type="stmt"/>
          <line num="13" count="1" type="stmt"/>
        </file>
      </package>
      <package name="App.Components.Common.AvatarPickerForm">
        <metrics statements="53" coveredstatements="21" conditionals="52" coveredconditionals="16" methods="26" coveredmethods="8"/>
        <file name="index.js" path="/home/fede/Workspace/cruijff/App/Components/Common/AvatarPickerForm/index.js">
          <metrics statements="53" coveredstatements="21" conditionals="52" coveredconditionals="16" methods="26" coveredmethods="8"/>
          <line num="1" count="1" type="stmt"/>
          <line num="2" count="1" type="stmt"/>
          <line num="3" count="1" type="stmt"/>
          <line num="4" count="1" type="stmt"/>
          <line num="5" count="1" type="stmt"/>
          <line num="6" count="1" type="stmt"/>
          <line num="7" count="1" type="stmt"/>
          <line num="8" count="1" type="stmt"/>
          <line num="9" count="1" type="stmt"/>
          <line num="10" count="1" type="stmt"/>
          <line num="11" count="1" type="stmt"/>
          <line num="12" count="1" type="stmt"/>
          <line num="13" count="1" type="stmt"/>
          <line num="14" count="13" type="cond" truecount="16" falsecount="25"/>
          <line num="19" count="1" type="stmt"/>
          <line num="27" count="1" type="stmt"/>
          <line num="28" count="0" type="stmt"/>
          <line num="29" count="0" type="stmt"/>
          <line num="43" count="0" type="stmt"/>
          <line num="44" count="0" type="stmt"/>
          <line num="52" count="0" type="stmt"/>
          <line num="56" count="0" type="stmt"/>
          <line num="57" count="0" type="stmt"/>
          <line num="59" count="0" type="stmt"/>
          <line num="60" count="0" type="stmt"/>
          <line num="64" count="0" type="stmt"/>
          <line num="66" count="0" type="stmt"/>
          <line num="75" count="0" type="stmt"/>
          <line num="76" count="0" type="stmt"/>
          <line num="78" count="0" type="cond" truecount="0" falsecount="2"/>
          <line num="79" count="0" type="stmt"/>
          <line num="80" count="0" type="stmt"/>
          <line num="81" count="0" type="cond" truecount="0" falsecount="2"/>
          <line num="82" count="0" type="stmt"/>
          <line num="85" count="0" type="stmt"/>
          <line num="86" count="0" type="stmt"/>
          <line num="87" count="0" type="cond" truecount="0" falsecount="2"/>
          <line num="88" count="0" type="stmt"/>
          <line num="89" count="0" type="stmt"/>
          <line num="91" count="0" type="stmt"/>
          <line num="95" count="0" type="stmt"/>
          <line num="96" count="0" type="stmt"/>
          <line num="99" count="0" type="stmt"/>
          <line num="102" count="1" type="cond" truecount="0" falsecount="2"/>
          <line num="105" count="0" type="stmt"/>
          <line num="106" count="0" type="stmt"/>
          <line num="109" count="0" type="stmt"/>
          <line num="112" count="0" type="stmt"/>
          <line num="114" count="0" type="stmt"/>
          <line num="131" count="1" type="stmt"/>
          <line num="134" count="1" type="stmt"/>
          <line num="143" count="1" type="stmt"/>
          <line num="151" count="1" type="stmt"/>
        </file>
      </package>
      <package name="App.Components.Common.Block">
        <metrics statements="20" coveredstatements="20" conditionals="14" coveredconditionals="13" methods="11" coveredmethods="10"/>
        <file name="index.js" path="/home/fede/Workspace/cruijff/App/Components/Common/Block/index.js">
          <metrics statements="10" coveredstatements="10" conditionals="10" coveredconditionals="9" methods="7" coveredmethods="6"/>
          <line num="1" count="5" type="stmt"/>
          <line num="2" count="5" type="stmt"/>
          <line num="3" count="15" type="cond" truecount="5" falsecount="1"/>
          <line num="8" count="5" type="stmt"/>
          <line num="9" count="198" type="cond" truecount="2" falsecount="0"/>
          <line num="10" count="198" type="cond" truecount="2" falsecount="0"/>
          <line num="11" count="198" type="stmt"/>
          <line num="14" count="5" type="stmt"/>
          <line num="20" count="5" type="stmt"/>
          <line num="26" count="5" type="stmt"/>
        </file>
        <file name="stories.js" path="/home/fede/Workspace/cruijff/App/Components/Common/Block/stories.js">
          <metrics statements="10" coveredstatements="10" conditionals="4" coveredconditionals="4" methods="4" coveredmethods="4"/>
          <line num="1" count="1" type="stmt"/>
          <line num="2" count="1" type="stmt"/>
          <line num="3" count="1" type="stmt"/>
          <line num="4" count="1" type="stmt"/>
          <line num="5" count="1" type="stmt"/>
          <line num="6" count="4" type="cond" truecount="4" falsecount="0"/>
          <line num="8" count="1" type="stmt"/>
          <line num="9" count="1" type="stmt"/>
          <line num="14" count="1" type="stmt"/>
          <line num="20" count="1" type="stmt"/>
        </file>
      </package>
      <package name="App.Components.Common.Calendar">
        <metrics statements="32" coveredstatements="30" conditionals="69" coveredconditionals="42" methods="25" coveredmethods="21"/>
        <file name="index.js" path="/home/fede/Workspace/cruijff/App/Components/Common/Calendar/index.js">
          <metrics statements="18" coveredstatements="18" conditionals="31" coveredconditionals="20" methods="9" coveredmethods="8"/>
          <line num="1" count="3" type="stmt"/>
          <line num="2" count="3" type="stmt"/>
          <line num="3" count="3" type="stmt"/>
          <line num="4" count="3" type="stmt"/>
          <line num="5" count="3" type="stmt"/>
          <line num="6" count="15" type="cond" truecount="11" falsecount="11"/>
          <line num="12" count="3" type="stmt"/>
          <line num="19" count="3" type="stmt"/>
          <line num="43" count="6" type="stmt"/>
          <line num="44" count="6" type="cond" truecount="5" falsecount="0"/>
          <line num="45" count="2" type="stmt"/>
          <line num="49" count="4" type="cond" truecount="2" falsecount="0"/>
          <line num="56" count="4" type="stmt"/>
          <line num="61" count="8" type="stmt"/>
          <line num="73" count="30" type="stmt"/>
          <line num="81" count="3" type="stmt"/>
          <line num="86" count="3" type="stmt"/>
          <line num="89" count="3" type="stmt"/>
        </file>
        <file name="stories.js" path="/home/fede/Workspace/cruijff/App/Components/Common/Calendar/stories.js">
          <metrics statements="14" coveredstatements="12" conditionals="38" coveredconditionals="22" methods="16" coveredmethods="13"/>
          <line num="1" count="1" type="stmt"/>
          <line num="2" count="1" type="stmt"/>
          <line num="3" count="1" type="stmt"/>
          <line num="4" count="2" type="cond" truecount="20" falsecount="15"/>
          <line num="6" count="2" type="stmt"/>
          <line num="8" count="1" type="stmt"/>
          <line num="12" count="0" type="stmt"/>
          <line num="13" count="0" type="stmt"/>
          <line num="14" count="1" type="stmt"/>
          <line num="17" count="1" type="stmt"/>
          <line num="19" count="1" type="stmt"/>
          <line num="29" count="1" type="stmt"/>
          <line num="32" count="1" type="stmt"/>
          <line num="33" count="1" type="stmt"/>
        </file>
      </package>
      <package name="App.Components.Common.CapacityPicker">
        <metrics statements="38" coveredstatements="34" conditionals="47" coveredconditionals="29" methods="31" coveredmethods="19"/>
        <file name="index.js" path="/home/fede/Workspace/cruijff/App/Components/Common/CapacityPicker/index.js">
          <metrics statements="22" coveredstatements="21" conditionals="10" coveredconditionals="9" methods="11" coveredmethods="6"/>
          <line num="1" count="2" type="stmt"/>
          <line num="2" count="2" type="stmt"/>
          <line num="3" count="2" type="stmt"/>
          <line num="4" count="2" type="stmt"/>
          <line num="5" count="2" type="stmt"/>
          <line num="6" count="2" type="stmt"/>
          <line num="7" count="2" type="stmt"/>
          <line num="8" count="2" type="stmt"/>
          <line num="9" count="16" type="cond" truecount="5" falsecount="1"/>
          <line num="14" count="2" type="stmt"/>
          <line num="22" count="2" type="stmt"/>
          <line num="29" count="2" type="stmt"/>
          <line num="30" count="2" type="stmt"/>
          <line num="31" count="2" type="stmt"/>
          <line num="32" count="2" type="stmt"/>
          <line num="33" count="2" type="stmt"/>
          <line num="36" count="6" type="stmt"/>
          <line num="41" count="18" type="stmt"/>
          <line num="48" count="0" type="stmt"/>
          <line num="79" count="2" type="stmt"/>
          <line num="86" count="2" type="stmt"/>
          <line num="93" count="2" type="stmt"/>
        </file>
        <file name="stories.js" path="/home/fede/Workspace/cruijff/App/Components/Common/CapacityPicker/stories.js">
          <metrics statements="16" coveredstatements="13" conditionals="37" coveredconditionals="20" methods="20" coveredmethods="13"/>
          <line num="1" count="1" type="stmt"/>
          <line num="2" count="1" type="stmt"/>
          <line num="3" count="2" type="cond" truecount="20" falsecount="15"/>
          <line num="5" count="2" type="stmt"/>
          <line num="6" count="1" type="stmt"/>
          <line num="9" count="0" type="stmt"/>
          <line num="10" count="1" type="stmt"/>
          <line num="13" count="0" type="stmt"/>
          <line num="16" count="1" type="stmt"/>
          <line num="19" count="0" type="stmt"/>
          <line num="22" count="1" type="stmt"/>
          <line num="25" count="1" type="stmt"/>
          <line num="27" count="1" type="stmt"/>
          <line num="35" count="1" type="stmt"/>
          <line num="38" count="1" type="stmt"/>
          <line num="39" count="1" type="stmt"/>
        </file>
      </package>
      <package name="App.Components.Common.CapacityPickerField">
        <metrics statements="33" coveredstatements="30" conditionals="59" coveredconditionals="33" methods="28" coveredmethods="22"/>
        <file name="index.js" path="/home/fede/Workspace/cruijff/App/Components/Common/CapacityPickerField/index.js">
          <metrics statements="12" coveredstatements="10" conditionals="24" coveredconditionals="13" methods="9" coveredmethods="6"/>
          <line num="1" count="2" type="stmt"/>
          <line num="2" count="2" type="stmt"/>
          <line num="3" count="2" type="stmt"/>
          <line num="4" count="2" type="stmt"/>
          <line num="5" count="36" type="cond" truecount="10" falsecount="10"/>
          <line num="10" count="5" type="stmt"/>
          <line num="12" count="5" type="stmt"/>
          <line num="28" count="0" type="stmt"/>
          <line num="29" count="0" type="stmt"/>
          <line num="38" count="2" type="stmt"/>
          <line num="44" count="2" type="stmt"/>
          <line num="49" count="2" type="stmt"/>
        </file>
        <file name="stories.js" path="/home/fede/Workspace/cruijff/App/Components/Common/CapacityPickerField/stories.js">
          <metrics statements="21" coveredstatements="20" conditionals="35" coveredconditionals="20" methods="19" coveredmethods="16"/>
          <line num="1" count="1" type="stmt"/>
          <line num="2" count="1" type="stmt"/>
          <line num="3" count="1" type="stmt"/>
          <line num="4" count="1" type="stmt"/>
          <line num="5" count="1" type="stmt"/>
          <line num="6" count="5" type="cond" truecount="20" falsecount="15"/>
          <line num="8" count="8" type="stmt"/>
          <line num="9" count="4" type="stmt"/>
          <line num="12" count="0" type="stmt"/>
          <line num="13" count="4" type="stmt"/>
          <line num="22" count="4" type="stmt"/>
          <line num="23" count="4" type="stmt"/>
          <line num="25" count="4" type="stmt"/>
          <line num="36" count="1" type="stmt"/>
          <line num="39" count="1" type="stmt"/>
          <line num="47" count="1" type="stmt"/>
          <line num="55" count="1" type="stmt"/>
          <line num="56" count="1" type="stmt"/>
          <line num="59" count="1" type="stmt"/>
          <line num="62" count="1" type="stmt"/>
          <line num="67" count="1" type="stmt"/>
        </file>
      </package>
      <package name="App.Components.Common.CappedList">
        <metrics statements="16" coveredstatements="16" conditionals="29" coveredconditionals="16" methods="14" coveredmethods="11"/>
        <file name="index.js" path="/home/fede/Workspace/cruijff/App/Components/Common/CappedList/index.js">
          <metrics statements="16" coveredstatements="16" conditionals="29" coveredconditionals="16" methods="14" coveredmethods="11"/>
          <line num="1" count="3" type="stmt"/>
          <line num="2" count="3" type="stmt"/>
          <line num="3" count="12" type="cond" truecount="8" falsecount="13"/>
          <line num="5" count="3" type="stmt"/>
          <line num="7" count="5" type="stmt"/>
          <line num="8" count="5" type="stmt"/>
          <line num="9" count="12" type="stmt"/>
          <line num="15" count="5" type="cond" truecount="2" falsecount="0"/>
          <line num="16" count="2" type="stmt"/>
          <line num="19" count="3" type="cond" truecount="2" falsecount="0"/>
          <line num="21" count="3" type="stmt"/>
          <line num="30" count="3" type="stmt"/>
          <line num="40" count="3" type="stmt"/>
          <line num="41" count="5" type="stmt"/>
          <line num="43" count="9" type="stmt"/>
          <line num="46" count="3" type="stmt"/>
        </file>
      </package>
      <package name="App.Components.Common.Checkbox">
        <metrics statements="32" coveredstatements="31" conditionals="61" coveredconditionals="35" methods="26" coveredmethods="21"/>
        <file name="index.js" path="/home/fede/Workspace/cruijff/App/Components/Common/Checkbox/index.js">
          <metrics statements="13" coveredstatements="13" conditionals="24" coveredconditionals="14" methods="6" coveredmethods="5"/>
          <line num="1" count="1" type="stmt"/>
          <line num="2" count="1" type="stmt"/>
          <line num="3" count="1" type="stmt"/>
          <line num="4" count="1" type="stmt"/>
          <line num="5" count="18" type="cond" truecount="10" falsecount="10"/>
          <line num="13" count="6" type="stmt"/>
          <line num="14" count="6" type="stmt"/>
          <line num="17" count="6" type="stmt"/>
          <line num="25" count="6" type="stmt"/>
          <line num="32" count="6" type="stmt"/>
          <line num="39" count="1" type="stmt"/>
          <line num="45" count="1" type="stmt"/>
          <line num="50" count="1" type="stmt"/>
        </file>
        <file name="stories.js" path="/home/fede/Workspace/cruijff/App/Components/Common/Checkbox/stories.js">
          <metrics statements="19" coveredstatements="18" conditionals="37" coveredconditionals="21" methods="20" coveredmethods="16"/>
          <line num="1" count="1" type="stmt"/>
          <line num="2" count="1" type="stmt"/>
          <line num="3" count="1" type="stmt"/>
          <line num="4" count="1" type="stmt"/>
          <line num="5" count="4" type="cond" truecount="21" falsecount="16"/>
          <line num="7" count="1" type="stmt"/>
          <line num="13" count="4" type="stmt"/>
          <line num="15" count="2" type="stmt"/>
          <line num="18" count="2" type="stmt"/>
          <line num="19" count="2" type="stmt"/>
          <line num="20" count="2" type="stmt"/>
          <line num="22" count="2" type="stmt"/>
          <line num="28" count="0" type="stmt"/>
          <line num="33" count="1" type="stmt"/>
          <line num="36" count="1" type="stmt"/>
          <line num="40" count="1" type="stmt"/>
          <line num="44" count="1" type="stmt"/>
          <line num="45" count="1" type="stmt"/>
          <line num="46" count="1" type="stmt"/>
        </file>
      </package>
      <package name="App.Components.Common.DatePickerField">
        <metrics statements="38" coveredstatements="35" conditionals="59" coveredconditionals="33" methods="27" coveredmethods="21"/>
        <file name="index.js" path="/home/fede/Workspace/cruijff/App/Components/Common/DatePickerField/index.js">
          <metrics statements="18" coveredstatements="16" conditionals="24" coveredconditionals="13" methods="9" coveredmethods="6"/>
          <line num="1" count="2" type="stmt"/>
          <line num="2" count="2" type="stmt"/>
          <line num="3" count="2" type="stmt"/>
          <line num="4" count="2" type="stmt"/>
          <line num="5" count="2" type="stmt"/>
          <line num="6" count="2" type="stmt"/>
          <line num="7" count="31" type="cond" truecount="10" falsecount="10"/>
          <line num="13" count="2" type="stmt"/>
          <line num="14" count="4" type="stmt"/>
          <line num="15" count="4" type="stmt"/>
          <line num="16" count="4" type="stmt"/>
          <line num="17" count="4" type="stmt"/>
          <line num="20" count="4" type="stmt"/>
          <line num="36" count="0" type="stmt"/>
          <line num="37" count="0" type="stmt"/>
          <line num="46" count="2" type="stmt"/>
          <line num="53" count="2" type="stmt"/>
          <line num="59" count="2" type="stmt"/>
        </file>
        <file name="stories.js" path="/home/fede/Workspace/cruijff/App/Components/Common/DatePickerField/stories.js">
          <metrics statements="20" coveredstatements="19" conditionals="35" coveredconditionals="20" methods="18" coveredmethods="15"/>
          <line num="1" count="1" type="stmt"/>
          <line num="2" count="1" type="stmt"/>
          <line num="3" count="1" type="stmt"/>
          <line num="4" count="1" type="stmt"/>
          <line num="5" count="1" type="stmt"/>
          <line num="6" count="5" type="cond" truecount="20" falsecount="15"/>
          <line num="8" count="6" type="stmt"/>
          <line num="9" count="3" type="stmt"/>
          <line num="12" count="0" type="stmt"/>
          <line num="13" count="3" type="stmt"/>
          <line num="22" count="3" type="stmt"/>
          <line num="23" count="3" type="stmt"/>
          <line num="25" count="3" type="stmt"/>
          <line num="36" count="1" type="stmt"/>
          <line num="39" count="1" type="stmt"/>
          <line num="47" count="1" type="stmt"/>
          <line num="55" count="1" type="stmt"/>
          <line num="56" count="1" type="stmt"/>
          <line num="59" count="1" type="stmt"/>
          <line num="64" count="1" type="stmt"/>
        </file>
      </package>
      <package name="App.Components.Common.Divider">
        <metrics statements="19" coveredstatements="19" conditionals="18" coveredconditionals="17" methods="11" coveredmethods="10"/>
        <file name="index.js" path="/home/fede/Workspace/cruijff/App/Components/Common/Divider/index.js">
          <metrics statements="11" coveredstatements="11" conditionals="14" coveredconditionals="13" methods="8" coveredmethods="7"/>
          <line num="1" count="3" type="stmt"/>
          <line num="2" count="3" type="stmt"/>
          <line num="3" count="9" type="cond" truecount="5" falsecount="1"/>
          <line num="5" count="3" type="stmt"/>
          <line num="6" count="46" type="cond" truecount="2" falsecount="0"/>
          <line num="7" count="46" type="stmt"/>
          <line num="10" count="46" type="cond" truecount="2" falsecount="0"/>
          <line num="11" count="46" type="stmt"/>
          <line num="16" count="3" type="stmt"/>
          <line num="20" count="3" type="stmt"/>
          <line num="24" count="3" type="stmt"/>
        </file>
        <file name="stories.js" path="/home/fede/Workspace/cruijff/App/Components/Common/Divider/stories.js">
          <metrics statements="8" coveredstatements="8" conditionals="4" coveredconditionals="4" methods="3" coveredmethods="3"/>
          <line num="1" count="1" type="stmt"/>
          <line num="2" count="1" type="stmt"/>
          <line num="3" count="1" type="stmt"/>
          <line num="4" count="1" type="stmt"/>
          <line num="5" count="3" type="cond" truecount="4" falsecount="0"/>
          <line num="7" count="1" type="stmt"/>
          <line num="8" count="1" type="stmt"/>
          <line num="15" count="1" type="stmt"/>
        </file>
      </package>
      <package name="App.Components.Common.DotSpacer">
        <metrics statements="29" coveredstatements="28" conditionals="14" coveredconditionals="12" methods="13" coveredmethods="11"/>
        <file name="index.js" path="/home/fede/Workspace/cruijff/App/Components/Common/DotSpacer/index.js">
          <metrics statements="13" coveredstatements="13" conditionals="6" coveredconditionals="5" methods="8" coveredmethods="6"/>
          <line num="1" count="2" type="stmt"/>
          <line num="2" count="2" type="stmt"/>
          <line num="3" count="2" type="stmt"/>
          <line num="4" count="2" type="stmt"/>
          <line num="5" count="2" type="stmt"/>
          <line num="6" count="12" type="cond" truecount="5" falsecount="1"/>
          <line num="11" count="2" type="stmt"/>
          <line num="12" count="8" type="stmt"/>
          <line num="15" count="2" type="stmt"/>
          <line num="21" count="4" type="stmt"/>
          <line num="27" count="2" type="stmt"/>
          <line num="31" count="2" type="stmt"/>
          <line num="35" count="2" type="stmt"/>
        </file>
        <file name="stories.js" path="/home/fede/Workspace/cruijff/App/Components/Common/DotSpacer/stories.js">
          <metrics statements="9" coveredstatements="9" conditionals="4" coveredconditionals="4" methods="4" coveredmethods="4"/>
          <line num="1" count="1" type="stmt"/>
          <line num="2" count="1" type="stmt"/>
          <line num="3" count="1" type="stmt"/>
          <line num="4" count="1" type="stmt"/>
          <line num="5" count="3" type="cond" truecount="4" falsecount="0"/>
          <line num="7" count="1" type="stmt"/>
          <line num="8" count="1" type="stmt"/>
          <line num="15" count="1" type="stmt"/>
          <line num="22" count="1" type="stmt"/>
        </file>
        <file name="utils.js" path="/home/fede/Workspace/cruijff/App/Components/Common/DotSpacer/utils.js">
          <metrics statements="7" coveredstatements="6" conditionals="4" coveredconditionals="3" methods="1" coveredmethods="1"/>
          <line num="1" count="2" type="stmt"/>
          <line num="2" count="8" type="cond" truecount="3" falsecount="1"/>
          <line num="4" count="2" type="stmt"/>
          <line num="6" count="4" type="stmt"/>
          <line num="8" count="2" type="stmt"/>
          <line num="10" count="0" type="stmt"/>
          <line num="14" count="2" type="stmt"/>
        </file>
      </package>
      <package name="App.Components.Common.Dropdown">
        <metrics statements="38" coveredstatements="34" conditionals="63" coveredconditionals="35" methods="35" coveredmethods="26"/>
        <file name="index.js" path="/home/fede/Workspace/cruijff/App/Components/Common/Dropdown/index.js">
          <metrics statements="15" coveredstatements="14" conditionals="28" coveredconditionals="15" methods="15" coveredmethods="10"/>
          <line num="1" count="2" type="stmt"/>
          <line num="2" count="2" type="stmt"/>
          <line num="3" count="2" type="stmt"/>
          <line num="4" count="2" type="stmt"/>
          <line num="5" count="132" type="cond" truecount="13" falsecount="13"/>
          <line num="12" count="2" type="stmt"/>
          <line num="21" count="14" type="stmt"/>
          <line num="29" count="14" type="stmt"/>
          <line num="31" count="14" type="stmt"/>
          <line num="33" count="70" type="stmt"/>
          <line num="35" count="0" type="stmt"/>
          <line num="52" count="14" type="stmt"/>
          <line num="68" count="2" type="stmt"/>
          <line num="84" count="2" type="stmt"/>
          <line num="93" count="2" type="stmt"/>
        </file>
        <file name="stories.js" path="/home/fede/Workspace/cruijff/App/Components/Common/Dropdown/stories.js">
          <metrics statements="23" coveredstatements="20" conditionals="35" coveredconditionals="20" methods="20" coveredmethods="16"/>
          <line num="1" count="1" type="stmt"/>
          <line num="2" count="1" type="stmt"/>
          <line num="3" count="1" type="stmt"/>
          <line num="4" count="1" type="stmt"/>
          <line num="5" count="1" type="stmt"/>
          <line num="6" count="5" type="cond" truecount="20" falsecount="15"/>
          <line num="8" count="1" type="stmt"/>
          <line num="20" count="8" type="stmt"/>
          <line num="21" count="4" type="stmt"/>
          <line num="23" count="0" type="stmt"/>
          <line num="24" count="0" type="stmt"/>
          <line num="26" count="0" type="stmt"/>
          <line num="28" count="4" type="stmt"/>
          <line num="36" count="4" type="stmt"/>
          <line num="38" count="4" type="stmt"/>
          <line num="50" count="1" type="stmt"/>
          <line num="53" count="1" type="stmt"/>
          <line num="60" count="1" type="stmt"/>
          <line num="67" count="1" type="stmt"/>
          <line num="68" count="1" type="stmt"/>
          <line num="69" count="1" type="stmt"/>
          <line num="72" count="1" type="stmt"/>
          <line num="78" count="1" type="stmt"/>
        </file>
      </package>
      <package name="App.Components.Common.DurationPickerField">
        <metrics statements="38" coveredstatements="34" conditionals="59" coveredconditionals="32" methods="29" coveredmethods="22"/>
        <file name="index.js" path="/home/fede/Workspace/cruijff/App/Components/Common/DurationPickerField/index.js">
          <metrics statements="15" coveredstatements="14" conditionals="24" coveredconditionals="12" methods="10" coveredmethods="7"/>
          <line num="1" count="2" type="stmt"/>
          <line num="2" count="2" type="stmt"/>
          <line num="3" count="2" type="stmt"/>
          <line num="4" count="27" type="cond" truecount="10" falsecount="10"/>
          <line num="9" count="2" type="stmt"/>
          <line num="23" count="20" type="stmt"/>
          <line num="24" count="20" type="stmt"/>
          <line num="25" count="20" type="cond" truecount="1" falsecount="1"/>
          <line num="30" count="4" type="stmt"/>
          <line num="31" count="40" type="stmt"/>
          <line num="33" count="4" type="stmt"/>
          <line num="38" count="0" type="stmt"/>
          <line num="44" count="2" type="stmt"/>
          <line num="53" count="2" type="stmt"/>
          <line num="58" count="2" type="stmt"/>
        </file>
        <file name="stories.js" path="/home/fede/Workspace/cruijff/App/Components/Common/DurationPickerField/stories.js">
          <metrics statements="23" coveredstatements="20" conditionals="35" coveredconditionals="20" methods="19" coveredmethods="15"/>
          <line num="1" count="1" type="stmt"/>
          <line num="2" count="1" type="stmt"/>
          <line num="3" count="1" type="stmt"/>
          <line num="4" count="1" type="stmt"/>
          <line num="5" count="1" type="stmt"/>
          <line num="6" count="1" type="stmt"/>
          <line num="7" count="5" type="cond" truecount="20" falsecount="15"/>
          <line num="9" count="6" type="stmt"/>
          <line num="10" count="3" type="stmt"/>
          <line num="12" count="0" type="stmt"/>
          <line num="13" count="0" type="stmt"/>
          <line num="15" count="0" type="stmt"/>
          <line num="17" count="3" type="stmt"/>
          <line num="25" count="3" type="stmt"/>
          <line num="26" count="3" type="stmt"/>
          <line num="28" count="3" type="stmt"/>
          <line num="41" count="1" type="stmt"/>
          <line num="44" count="1" type="stmt"/>
          <line num="51" count="1" type="stmt"/>
          <line num="58" count="1" type="stmt"/>
          <line num="59" count="1" type="stmt"/>
          <line num="60" count="1" type="stmt"/>
          <line num="65" count="1" type="stmt"/>
        </file>
      </package>
      <package name="App.Components.Common.Flap">
        <metrics statements="28" coveredstatements="28" conditionals="10" coveredconditionals="9" methods="17" coveredmethods="11"/>
        <file name="index.js" path="/home/fede/Workspace/cruijff/App/Components/Common/Flap/index.js">
          <metrics statements="23" coveredstatements="23" conditionals="6" coveredconditionals="5" methods="15" coveredmethods="9"/>
          <line num="1" count="1" type="stmt"/>
          <line num="2" count="1" type="stmt"/>
          <line num="3" count="1" type="stmt"/>
          <line num="4" count="1" type="stmt"/>
          <line num="5" count="1" type="stmt"/>
          <line num="6" count="1" type="stmt"/>
          <line num="7" count="1" type="stmt"/>
          <line num="8" count="8" type="cond" truecount="5" falsecount="1"/>
          <line num="13" count="1" type="stmt"/>
          <line num="14" count="1" type="stmt"/>
          <line num="18" count="1" type="stmt"/>
          <line num="24" count="1" type="stmt"/>
          <line num="31" count="1" type="stmt"/>
          <line num="38" count="1" type="stmt"/>
          <line num="49" count="1" type="stmt"/>
          <line num="57" count="1" type="stmt"/>
          <line num="64" count="2" type="stmt"/>
          <line num="66" count="2" type="stmt"/>
          <line num="67" count="2" type="stmt"/>
          <line num="69" count="2" type="stmt"/>
          <line num="94" count="1" type="stmt"/>
          <line num="98" count="1" type="stmt"/>
          <line num="102" count="1" type="stmt"/>
        </file>
        <file name="stories.js" path="/home/fede/Workspace/cruijff/App/Components/Common/Flap/stories.js">
          <metrics statements="5" coveredstatements="5" conditionals="4" coveredconditionals="4" methods="2" coveredmethods="2"/>
          <line num="1" count="1" type="stmt"/>
          <line num="2" count="1" type="stmt"/>
          <line num="3" count="2" type="cond" truecount="4" falsecount="0"/>
          <line num="5" count="1" type="stmt"/>
          <line num="6" count="1" type="stmt"/>
        </file>
      </package>
      <package name="App.Components.Common.HeaderBtn">
        <metrics statements="18" coveredstatements="18" conditionals="10" coveredconditionals="9" methods="8" coveredmethods="6"/>
        <file name="index.js" path="/home/fede/Workspace/cruijff/App/Components/Common/HeaderBtn/index.js">
          <metrics statements="11" coveredstatements="11" conditionals="6" coveredconditionals="5" methods="6" coveredmethods="4"/>
          <line num="1" count="1" type="stmt"/>
          <line num="2" count="1" type="stmt"/>
          <line num="3" count="1" type="stmt"/>
          <line num="4" count="1" type="stmt"/>
          <line num="5" count="1" type="stmt"/>
          <line num="6" count="5" type="cond" truecount="5" falsecount="1"/>
          <line num="11" count="1" type="stmt"/>
          <line num="17" count="3" type="stmt"/>
          <line num="28" count="1" type="stmt"/>
          <line num="33" count="1" type="stmt"/>
          <line num="37" count="1" type="stmt"/>
        </file>
        <file name="stories.js" path="/home/fede/Workspace/cruijff/App/Components/Common/HeaderBtn/stories.js">
          <metrics statements="7" coveredstatements="7" conditionals="4" coveredconditionals="4" methods="2" coveredmethods="2"/>
          <line num="1" count="1" type="stmt"/>
          <line num="2" count="1" type="stmt"/>
          <line num="3" count="1" type="stmt"/>
          <line num="4" count="1" type="stmt"/>
          <line num="5" count="3" type="cond" truecount="4" falsecount="0"/>
          <line num="7" count="1" type="stmt"/>
          <line num="8" count="1" type="stmt"/>
        </file>
      </package>
      <package name="App.Components.Common.ImageSwiper">
        <metrics statements="9" coveredstatements="9" conditionals="4" coveredconditionals="3" methods="3" coveredmethods="3"/>
        <file name="index.js" path="/home/fede/Workspace/cruijff/App/Components/Common/ImageSwiper/index.js">
          <metrics statements="9" coveredstatements="9" conditionals="4" coveredconditionals="3" methods="3" coveredmethods="3"/>
          <line num="1" count="1" type="stmt"/>
          <line num="2" count="1" type="stmt"/>
          <line num="3" count="1" type="stmt"/>
          <line num="4" count="3" type="cond" truecount="3" falsecount="1"/>
          <line num="9" count="1" type="stmt"/>
          <line num="11" count="2" type="stmt"/>
          <line num="21" count="1" type="stmt"/>
          <line num="25" count="1" type="stmt"/>
          <line num="29" count="1" type="stmt"/>
        </file>
      </package>
      <package name="App.Components.Common.InputField">
        <metrics statements="54" coveredstatements="54" conditionals="46" coveredconditionals="35" methods="26" coveredmethods="23"/>
        <file name="index.js" path="/home/fede/Workspace/cruijff/App/Components/Common/InputField/index.js">
          <metrics statements="32" coveredstatements="32" conditionals="42" coveredconditionals="31" methods="10" coveredmethods="7"/>
          <line num="1" count="2" type="stmt"/>
          <line num="2" count="2" type="stmt"/>
          <line num="3" count="2" type="stmt"/>
          <line num="4" count="2" type="stmt"/>
          <line num="5" count="2" type="stmt"/>
          <line num="6" count="2" type="stmt"/>
          <line num="7" count="2" type="stmt"/>
          <line num="8" count="2" type="stmt"/>
          <line num="9" count="2" type="stmt"/>
          <line num="10" count="2" type="stmt"/>
          <line num="11" count="2" type="stmt"/>
          <line num="12" count="430" type="cond" truecount="11" falsecount="11"/>
          <line num="17" count="2" type="stmt"/>
          <line num="21" count="2" type="stmt"/>
          <line num="27" count="2" type="stmt"/>
          <line num="41" count="32" type="stmt"/>
          <line num="42" count="32" type="stmt"/>
          <line num="43" count="32" type="cond" truecount="2" falsecount="0"/>
          <line num="44" count="32" type="cond" truecount="2" falsecount="0"/>
          <line num="45" count="32" type="cond" truecount="2" falsecount="0"/>
          <line num="46" count="32" type="stmt"/>
          <line num="48" count="32" type="stmt"/>
          <line num="49" count="32" type="cond" truecount="2" falsecount="0"/>
          <line num="50" count="32" type="cond" truecount="2" falsecount="0"/>
          <line num="52" count="32" type="cond" truecount="2" falsecount="0"/>
          <line num="53" count="14" type="stmt"/>
          <line num="82" count="18" type="stmt"/>
          <line num="88" count="18" type="stmt"/>
          <line num="90" count="18" type="stmt"/>
          <line num="136" count="2" type="stmt"/>
          <line num="152" count="2" type="stmt"/>
          <line num="166" count="2" type="stmt"/>
        </file>
        <file name="stories.js" path="/home/fede/Workspace/cruijff/App/Components/Common/InputField/stories.js">
          <metrics statements="22" coveredstatements="22" conditionals="4" coveredconditionals="4" methods="16" coveredmethods="16"/>
          <line num="1" count="1" type="stmt"/>
          <line num="2" count="1" type="stmt"/>
          <line num="3" count="1" type="stmt"/>
          <line num="4" count="1" type="stmt"/>
          <line num="5" count="4" type="cond" truecount="4" falsecount="0"/>
          <line num="7" count="1" type="stmt"/>
          <line num="19" count="1" type="stmt"/>
          <line num="20" count="1" type="stmt"/>
          <line num="31" count="1" type="stmt"/>
          <line num="41" count="1" type="stmt"/>
          <line num="51" count="1" type="stmt"/>
          <line num="61" count="1" type="stmt"/>
          <line num="72" count="1" type="stmt"/>
          <line num="83" count="1" type="stmt"/>
          <line num="92" count="1" type="stmt"/>
          <line num="102" count="1" type="stmt"/>
          <line num="112" count="1" type="stmt"/>
          <line num="122" count="1" type="stmt"/>
          <line num="133" count="1" type="stmt"/>
          <line num="144" count="1" type="stmt"/>
          <line num="154" count="1" type="stmt"/>
          <line num="164" count="1" type="stmt"/>
        </file>
      </package>
      <package name="App.Components.Common.Label">
        <metrics statements="9" coveredstatements="9" conditionals="8" coveredconditionals="6" methods="5" coveredmethods="4"/>
        <file name="index.js" path="/home/fede/Workspace/cruijff/App/Components/Common/Label/index.js">
          <metrics statements="9" coveredstatements="9" conditionals="8" coveredconditionals="6" methods="5" coveredmethods="4"/>
          <line num="1" count="2" type="stmt"/>
          <line num="2" count="2" type="stmt"/>
          <line num="3" count="2" type="stmt"/>
          <line num="4" count="8" type="cond" truecount="5" falsecount="1"/>
          <line num="7" count="2" type="stmt"/>
          <line num="8" count="2" type="cond" truecount="1" falsecount="1"/>
          <line num="12" count="2" type="stmt"/>
          <line num="16" count="2" type="stmt"/>
          <line num="20" count="2" type="stmt"/>
        </file>
      </package>
      <package name="App.Components.Common.LinkNavigate">
        <metrics statements="28" coveredstatements="27" conditionals="14" coveredconditionals="13" methods="7" coveredmethods="5"/>
        <file name="index.js" path="/home/fede/Workspace/cruijff/App/Components/Common/LinkNavigate/index.js">
          <metrics statements="18" coveredstatements="17" conditionals="10" coveredconditionals="9" methods="3" coveredmethods="2"/>
          <line num="1" count="1" type="stmt"/>
          <line num="2" count="1" type="stmt"/>
          <line num="3" count="1" type="stmt"/>
          <line num="4" count="1" type="stmt"/>
[...]
          <metrics statements="7" coveredstatements="7" conditionals="4" coveredconditionals="4" methods="2" coveredmethods="2"/>
          <line num="1" count="1" type="stmt"/>
          <line num="2" count="1" type="stmt"/>
          <line num="3" count="1" type="stmt"/>
          <line num="4" count="1" type="stmt"/>
          <line num="5" count="3" type="cond" truecount="4" falsecount="0"/>
          <line num="7" count="1" type="stmt"/>
          <line num="8" count="1" type="stmt"/>
        </file>
      </package>
      <package name="App.Screens.Spots.SpotsListScreen">
        <metrics statements="26" coveredstatements="24" conditionals="52" coveredconditionals="31" methods="27" coveredmethods="20"/>
        <file name="index.js" path="/home/fede/Workspace/cruijff/App/Screens/Spots/SpotsListScreen/index.js">
          <metrics statements="18" coveredstatements="16" conditionals="48" coveredconditionals="27" methods="24" coveredmethods="18"/>
          <line num="1" count="1" type="stmt"/>
          <line num="2" count="1" type="stmt"/>
          <line num="3" count="1" type="stmt"/>
          <line num="4" count="1" type="stmt"/>
          <line num="5" count="1" type="stmt"/>
          <line num="6" count="1" type="stmt"/>
          <line num="7" count="6" type="cond" truecount="24" falsecount="19"/>
          <line num="12" count="1" type="stmt"/>
          <line num="16" count="1" type="stmt"/>
          <line num="24" count="2" type="stmt"/>
          <line num="26" count="0" type="stmt"/>
          <line num="27" count="0" type="stmt"/>
          <line num="28" count="1" type="stmt"/>
          <line num="31" count="1" type="stmt"/>
          <line num="33" count="1" type="stmt"/>
          <line num="65" count="1" type="stmt"/>
          <line num="68" count="1" type="stmt"/>
          <line num="75" count="1" type="stmt"/>
        </file>
        <file name="mocks.js" path="/home/fede/Workspace/cruijff/App/Screens/Spots/SpotsListScreen/mocks.js">
          <metrics statements="2" coveredstatements="2" conditionals="0" coveredconditionals="0" methods="1" coveredmethods="0"/>
          <line num="1" count="1" type="stmt"/>
          <line num="5" count="1" type="stmt"/>
        </file>
        <file name="stories.js" path="/home/fede/Workspace/cruijff/App/Screens/Spots/SpotsListScreen/stories.js">
          <metrics statements="6" coveredstatements="6" conditionals="4" coveredconditionals="4" methods="2" coveredmethods="2"/>
          <line num="1" count="1" type="stmt"/>
          <line num="2" count="1" type="stmt"/>
          <line num="3" count="1" type="stmt"/>
          <line num="4" count="3" type="cond" truecount="4" falsecount="0"/>
          <line num="6" count="1" type="stmt"/>
          <line num="7" count="1" type="stmt"/>
        </file>
      </package>
      <package name="App.Services">
        <metrics statements="102" coveredstatements="58" conditionals="33" coveredconditionals="11" methods="57" coveredmethods="7"/>
        <file name="IncomingLinks.js" path="/home/fede/Workspace/cruijff/App/Services/IncomingLinks.js">
          <metrics statements="18" coveredstatements="6" conditionals="15" coveredconditionals="3" methods="3" coveredmethods="1"/>
          <line num="1" count="1" type="stmt"/>
          <line num="2" count="1" type="cond" truecount="3" falsecount="1"/>
          <line num="4" count="1" type="stmt"/>
          <line num="7" count="1" type="stmt"/>
          <line num="10" count="1" type="stmt"/>
          <line num="12" count="1" type="cond" truecount="0" falsecount="3"/>
          <line num="13" count="0" type="cond" truecount="0" falsecount="2"/>
          <line num="14" count="0" type="stmt"/>
          <line num="15" count="0" type="cond" truecount="0" falsecount="2"/>
          <line num="16" count="0" type="stmt"/>
          <line num="17" count="0" type="stmt"/>
          <line num="18" count="0" type="cond" truecount="0" falsecount="2"/>
          <line num="19" count="0" type="stmt"/>
          <line num="22" count="0" type="stmt"/>
          <line num="23" count="0" type="stmt"/>
          <line num="24" count="0" type="cond" truecount="0" falsecount="2"/>
          <line num="26" count="0" type="stmt"/>
          <line num="28" count="0" type="stmt"/>
        </file>
        <file name="SeedorfApi.js" path="/home/fede/Workspace/cruijff/App/Services/SeedorfApi.js">
          <metrics statements="5" coveredstatements="5" conditionals="6" coveredconditionals="4" methods="1" coveredmethods="1"/>
          <line num="1" count="1" type="stmt"/>
          <line num="2" count="1" type="stmt"/>
          <line num="3" count="3" type="cond" truecount="3" falsecount="1"/>
          <line num="5" count="1" type="cond" truecount="1" falsecount="1"/>
          <line num="6" count="1" type="stmt"/>
        </file>
        <file name="SeedorfApiFixture.js" path="/home/fede/Workspace/cruijff/App/Services/SeedorfApiFixture.js">
          <metrics statements="31" coveredstatements="11" conditionals="6" coveredconditionals="0" methods="23" coveredmethods="3"/>
          <line num="1" count="2" type="stmt"/>
          <line num="2" count="2" type="cond" truecount="0" falsecount="6"/>
          <line num="4" count="2" type="stmt"/>
          <line num="5" count="0" type="stmt"/>
          <line num="11" count="1" type="stmt"/>
          <line num="12" count="1" type="stmt"/>
          <line num="13" count="1" type="stmt"/>
          <line num="15" count="580" type="stmt"/>
          <line num="20" count="0" type="stmt"/>
          <line num="21" count="0" type="stmt"/>
          <line num="22" count="0" type="stmt"/>
          <line num="23" count="0" type="stmt"/>
          <line num="24" count="0" type="stmt"/>
          <line num="25" count="0" type="stmt"/>
          <line num="26" count="0" type="stmt"/>
          <line num="27" count="0" type="stmt"/>
          <line num="28" count="0" type="stmt"/>
          <line num="29" count="0" type="stmt"/>
          <line num="31" count="0" type="stmt"/>
          <line num="33" count="0" type="stmt"/>
          <line num="40" count="1" type="stmt"/>
          <line num="41" count="1" type="stmt"/>
          <line num="42" count="1" type="stmt"/>
          <line num="48" count="0" type="stmt"/>
          <line num="53" count="0" type="stmt"/>
          <line num="58" count="0" type="stmt"/>
          <line num="63" count="0" type="stmt"/>
          <line num="70" count="0" type="stmt"/>
          <line num="74" count="0" type="stmt"/>
          <line num="76" count="0" type="stmt"/>
          <line num="77" count="2" type="stmt"/>
        </file>
        <file name="SeedorfApiLive.js" path="/home/fede/Workspace/cruijff/App/Services/SeedorfApiLive.js">
          <metrics statements="48" coveredstatements="36" conditionals="6" coveredconditionals="4" methods="30" coveredmethods="2"/>
          <line num="1" count="2" type="stmt"/>
          <line num="2" count="2" type="stmt"/>
          <line num="3" count="2" type="stmt"/>
          <line num="4" count="2" type="stmt"/>
          <line num="5" count="8" type="cond" truecount="4" falsecount="0"/>
          <line num="9" count="2" type="stmt"/>
          <line num="16" count="1" type="stmt"/>
          <line num="42" count="1" type="stmt"/>
          <line num="43" count="1" type="stmt"/>
          <line num="44" count="1" type="stmt"/>
          <line num="45" count="1" type="stmt"/>
          <line num="46" count="1" type="stmt"/>
          <line num="47" count="1" type="stmt"/>
          <line num="49" count="1" type="stmt"/>
          <line num="50" count="0" type="stmt"/>
          <line num="62" count="1" type="stmt"/>
          <line num="70" count="1" type="stmt"/>
          <line num="77" count="1" type="stmt"/>
          <line num="81" count="1" type="stmt"/>
          <line num="85" count="1" type="stmt"/>
          <line num="91" count="1" type="stmt"/>
          <line num="92" count="0" type="stmt"/>
          <line num="107" count="1" type="stmt"/>
          <line num="113" count="1" type="stmt"/>
          <line num="119" count="1" type="stmt"/>
          <line num="125" count="1" type="stmt"/>
          <line num="126" count="0" type="stmt"/>
          <line num="127" count="0" type="stmt"/>
          <line num="128" count="0" type="stmt"/>
          <line num="129" count="0" type="stmt"/>
          <line num="130" count="0" type="stmt"/>
          <line num="142" count="1" type="stmt"/>
          <line num="148" count="1" type="stmt"/>
          <line num="154" count="1" type="stmt"/>
          <line num="160" count="1" type="stmt"/>
          <line num="166" count="1" type="stmt"/>
          <line num="170" count="1" type="stmt"/>
          <line num="176" count="1" type="stmt"/>
          <line num="182" count="1" type="stmt"/>
          <line num="188" count="1" type="stmt"/>
          <line num="211" count="1" type="stmt"/>
          <line num="240" count="0" type="cond" truecount="0" falsecount="2"/>
          <line num="241" count="0" type="stmt"/>
          <line num="243" count="0" type="stmt"/>
          <line num="244" count="0" type="stmt"/>
          <line num="246" count="0" type="stmt"/>
          <line num="254" count="2" type="stmt"/>
          <line num="255" count="2" type="stmt"/>
        </file>
      </package>
      <package name="App.Themes">
        <metrics statements="20" coveredstatements="19" conditionals="13" coveredconditionals="10" methods="3" coveredmethods="3"/>
        <file name="Colors.js" path="/home/fede/Workspace/cruijff/App/Themes/Colors.js">
          <metrics statements="2" coveredstatements="2" conditionals="0" coveredconditionals="0" methods="0" coveredmethods="0"/>
          <line num="1" count="6" type="stmt"/>
          <line num="47" count="6" type="stmt"/>
        </file>
        <file name="Fonts.js" path="/home/fede/Workspace/cruijff/App/Themes/Fonts.js">
          <metrics statements="6" coveredstatements="6" conditionals="4" coveredconditionals="3" methods="1" coveredmethods="1"/>
          <line num="1" count="5" type="cond" truecount="3" falsecount="1"/>
          <line num="3" count="5" type="stmt"/>
          <line num="9" count="5" type="stmt"/>
          <line num="23" count="5" type="stmt"/>
          <line num="58" count="5" type="stmt"/>
          <line num="61" count="5" type="stmt"/>
        </file>
        <file name="Icons.js" path="/home/fede/Workspace/cruijff/App/Themes/Icons.js">
          <metrics statements="3" coveredstatements="3" conditionals="0" coveredconditionals="0" methods="0" coveredmethods="0"/>
          <line num="1" count="1" type="stmt"/>
          <line num="2" count="1" type="stmt"/>
          <line num="13" count="1" type="stmt"/>
        </file>
        <file name="Palettes.js" path="/home/fede/Workspace/cruijff/App/Themes/Palettes.js">
          <metrics statements="9" coveredstatements="8" conditionals="9" coveredconditionals="7" methods="2" coveredmethods="2"/>
          <line num="1" count="5" type="cond" truecount="3" falsecount="1"/>
          <line num="3" count="5" type="stmt"/>
          <line num="4" count="89" type="cond" truecount="4" falsecount="1"/>
          <line num="6" count="63" type="stmt"/>
          <line num="16" count="17" type="stmt"/>
          <line num="26" count="8" type="stmt"/>
          <line num="36" count="1" type="stmt"/>
          <line num="46" count="0" type="stmt"/>
          <line num="50" count="5" type="stmt"/>
        </file>
      </package>
      <package name="storybook">
        <metrics statements="145" coveredstatements="145" conditionals="14" coveredconditionals="10" methods="8" coveredmethods="7"/>
        <file name="index.js" path="/home/fede/Workspace/cruijff/storybook/index.js">
          <metrics statements="6" coveredstatements="6" conditionals="4" coveredconditionals="3" methods="1" coveredmethods="1"/>
          <line num="1" count="1" type="stmt"/>
          <line num="11" count="1" type="stmt"/>
          <line num="12" count="1" type="stmt"/>
          <line num="14" count="1" type="cond" truecount="3" falsecount="1"/>
          <line num="18" count="1" type="stmt"/>
          <line num="19" count="1" type="stmt"/>
        </file>
        <file name="setup_faker.js" path="/home/fede/Workspace/cruijff/storybook/setup_faker.js">
          <metrics statements="8" coveredstatements="8" conditionals="6" coveredconditionals="4" methods="3" coveredmethods="3"/>
          <line num="2" count="8" type="stmt"/>
          <line num="3" count="16" type="cond" truecount="3" falsecount="1"/>
          <line num="6" count="8" type="stmt"/>
          <line num="7" count="80" type="cond" truecount="1" falsecount="1"/>
          <line num="8" count="80" type="stmt"/>
          <line num="11" count="8" type="stmt"/>
          <line num="13" count="8" type="stmt"/>
          <line num="14" count="8" type="stmt"/>
        </file>
        <file name="storyLoader.js" path="/home/fede/Workspace/cruijff/storybook/storyLoader.js">
          <metrics statements="119" coveredstatements="119" conditionals="0" coveredconditionals="0" methods="1" coveredmethods="1"/>
          <line num="8" count="1" type="stmt"/>
          <line num="9" count="1" type="stmt"/>
          <line num="10" count="1" type="stmt"/>
          <line num="11" count="1" type="stmt"/>
          <line num="12" count="1" type="stmt"/>
          <line num="13" count="1" type="stmt"/>
          <line num="14" count="1" type="stmt"/>
          <line num="15" count="1" type="stmt"/>
          <line num="16" count="1" type="stmt"/>
          <line num="17" count="1" type="stmt"/>
          <line num="18" count="1" type="stmt"/>
          <line num="19" count="1" type="stmt"/>
          <line num="20" count="1" type="stmt"/>
          <line num="21" count="1" type="stmt"/>
          <line num="22" count="1" type="stmt"/>
          <line num="23" count="1" type="stmt"/>
          <line num="24" count="1" type="stmt"/>
          <line num="25" count="1" type="stmt"/>
          <line num="26" count="1" type="stmt"/>
          <line num="27" count="1" type="stmt"/>
          <line num="28" count="1" type="stmt"/>
          <line num="29" count="1" type="stmt"/>
          <line num="30" count="1" type="stmt"/>
          <line num="31" count="1" type="stmt"/>
          <line num="32" count="1" type="stmt"/>
          <line num="33" count="1" type="stmt"/>
          <line num="34" count="1" type="stmt"/>
          <line num="35" count="1" type="stmt"/>
          <line num="36" count="1" type="stmt"/>
          <line num="37" count="1" type="stmt"/>
          <line num="38" count="1" type="stmt"/>
          <line num="39" count="1" type="stmt"/>
          <line num="40" count="1" type="stmt"/>
          <line num="41" count="1" type="stmt"/>
          <line num="42" count="1" type="stmt"/>
          <line num="43" count="1" type="stmt"/>
          <line num="44" count="1" type="stmt"/>
          <line num="45" count="1" type="stmt"/>
          <line num="46" count="1" type="stmt"/>
          <line num="47" count="1" type="stmt"/>
          <line num="48" count="1" type="stmt"/>
          <line num="49" count="1" type="stmt"/>
          <line num="50" count="1" type="stmt"/>
          <line num="51" count="1" type="stmt"/>
          <line num="52" count="1" type="stmt"/>
          <line num="53" count="1" type="stmt"/>
          <line num="54" count="1" type="stmt"/>
          <line num="55" count="1" type="stmt"/>
          <line num="56" count="1" type="stmt"/>
          <line num="57" count="1" type="stmt"/>
          <line num="58" count="1" type="stmt"/>
          <line num="59" count="1" type="stmt"/>
          <line num="60" count="1" type="stmt"/>
          <line num="61" count="1" type="stmt"/>
          <line num="62" count="1" type="stmt"/>
          <line num="63" count="1" type="stmt"/>
          <line num="64" count="1" type="stmt"/>
          <line num="65" count="1" type="stmt"/>
          <line num="66" count="1" type="stmt"/>
          <line num="67" count="1" type="stmt"/>
          <line num="68" count="1" type="stmt"/>
          <line num="69" count="1" type="stmt"/>
          <line num="70" count="1" type="stmt"/>
          <line num="71" count="1" type="stmt"/>
          <line num="72" count="1" type="stmt"/>
          <line num="73" count="1" type="stmt"/>
          <line num="74" count="1" type="stmt"/>
          <line num="75" count="1" type="stmt"/>
          <line num="76" count="1" type="stmt"/>
          <line num="77" count="1" type="stmt"/>
          <line num="78" count="1" type="stmt"/>
          <line num="79" count="1" type="stmt"/>
          <line num="80" count="1" type="stmt"/>
          <line num="81" count="1" type="stmt"/>
          <line num="82" count="1" type="stmt"/>
          <line num="83" count="1" type="stmt"/>
          <line num="84" count="1" type="stmt"/>
          <line num="85" count="1" type="stmt"/>
          <line num="86" count="1" type="stmt"/>
          <line num="87" count="1" type="stmt"/>
          <line num="88" count="1" type="stmt"/>
          <line num="89" count="1" type="stmt"/>
          <line num="90" count="1" type="stmt"/>
          <line num="91" count="1" type="stmt"/>
          <line num="92" count="1" type="stmt"/>
          <line num="93" count="1" type="stmt"/>
          <line num="94" count="1" type="stmt"/>
          <line num="95" count="1" type="stmt"/>
          <line num="96" count="1" type="stmt"/>
          <line num="97" count="1" type="stmt"/>
          <line num="98" count="1" type="stmt"/>
          <line num="99" count="1" type="stmt"/>
          <line num="100" count="1" type="stmt"/>
          <line num="101" count="1" type="stmt"/>
          <line num="102" count="1" type="stmt"/>
          <line num="103" count="1" type="stmt"/>
          <line num="104" count="1" type="stmt"/>
          <line num="105" count="1" type="stmt"/>
          <line num="106" count="1" type="stmt"/>
          <line num="107" count="1" type="stmt"/>
          <line num="108" count="1" type="stmt"/>
          <line num="109" count="1" type="stmt"/>
          <line num="110" count="1" type="stmt"/>
          <line num="111" count="1" type="stmt"/>
          <line num="112" count="1" type="stmt"/>
          <line num="113" count="1" type="stmt"/>
          <line num="114" count="1" type="stmt"/>
          <line num="115" count="1" type="stmt"/>
          <line num="116" count="1" type="stmt"/>
          <line num="117" count="1" type="stmt"/>
          <line num="118" count="1" type="stmt"/>
          <line num="119" count="1" type="stmt"/>
          <line num="120" count="1" type="stmt"/>
          <line num="121" count="1" type="stmt"/>
          <line num="122" count="1" type="stmt"/>
          <line num="123" count="1" type="stmt"/>
          <line num="124" count="1" type="stmt"/>
          <line num="128" count="1" type="stmt"/>
          <line num="249" count="1" type="stmt"/>
        </file>
        <file name="storybook.js" path="/home/fede/Workspace/cruijff/storybook/storybook.js">
          <metrics statements="12" coveredstatements="12" conditionals="4" coveredconditionals="3" methods="3" coveredmethods="2"/>
          <line num="1" count="1" type="stmt"/>
          <line num="2" count="1" type="stmt"/>
          <line num="3" count="1" type="stmt"/>
          <line num="4" count="1" type="stmt"/>
          <line num="5" count="1" type="stmt"/>
          <line num="6" count="1" type="stmt"/>
          <line num="7" count="1" type="cond" truecount="3" falsecount="1"/>
          <line num="9" count="232" type="stmt"/>
          <line num="20" count="1" type="stmt"/>
          <line num="24" count="1" type="stmt"/>
          <line num="25" count="1" type="stmt"/>
          <line num="27" count="1" type="stmt"/>
        </file>
      </package>
    </metrics>
  </project>
</coverage>
