TN:
SF:/Users/ashutosh/workspace/sportyspots/cruijff/App/Components/AlertMessage.js
FN:16,(anonymous_0)
FNF:1
FNH:1
FNDA:6,(anonymous_0)
DA:17,6
DA:18,6
DA:19,4
DA:20,4
DA:31,2
LF:5
LH:5
BRDA:18,0,0,4
BRDA:18,0,1,2
BRDA:25,1,0,4
BRDA:25,1,1,4
BRF:4
BRH:4
end_of_record
TN:
SF:/Users/ashutosh/workspace/sportyspots/cruijff/App/Components/AlertMessage.story.js
FN:7,(anonymous_0)
FN:12,(anonymous_1)
FN:18,(anonymous_2)
FNF:3
FNH:3
FNDA:1,(anonymous_0)
FNDA:1,(anonymous_1)
FNDA:1,(anonymous_2)
DA:6,1
DA:8,1
DA:13,1
DA:19,1
LF:4
LH:4
BRF:0
BRH:0
end_of_record
TN:
SF:/Users/ashutosh/workspace/sportyspots/cruijff/App/Components/DrawerButton.js
FN:26,(anonymous_0)
FNF:1
FNH:1
FNDA:3,(anonymous_0)
DA:27,3
LF:1
LH:1
BRF:0
BRH:0
end_of_record
TN:
SF:/Users/ashutosh/workspace/sportyspots/cruijff/App/Components/DrawerButton.story.js
FN:8,(anonymous_0)
FN:12,(anonymous_1)
FNF:2
FNH:1
FNDA:1,(anonymous_0)
FNDA:0,(anonymous_1)
DA:7,1
DA:9,1
LF:2
LH:2
BRF:0
BRH:0
end_of_record
TN:
SF:/Users/ashutosh/workspace/sportyspots/cruijff/App/Components/FullButton.js
FN:27,(anonymous_0)
FNF:1
FNH:1
FNDA:4,(anonymous_0)
DA:28,4
LF:1
LH:1
BRDA:30,0,0,4
BRDA:30,0,1,4
BRF:2
BRH:2
end_of_record
TN:
SF:/Users/ashutosh/workspace/sportyspots/cruijff/App/Components/FullButton.story.js
FN:7,(anonymous_0)
FN:12,(anonymous_1)
FNF:2
FNH:2
FNDA:1,(anonymous_0)
FNDA:1,(anonymous_1)
DA:6,1
DA:8,1
DA:13,1
LF:3
LH:3
BRF:0
BRH:0
end_of_record
TN:
SF:/Users/ashutosh/workspace/sportyspots/cruijff/App/Components/RoundedButton.js
FN:28,(anonymous_0)
FN:33,(anonymous_1)
FNF:2
FNH:2
FNDA:5,(anonymous_0)
FNDA:5,(anonymous_1)
DA:29,5
DA:30,5
DA:34,5
LF:3
LH:3
BRDA:29,0,0,5
BRDA:29,0,1,2
BRDA:29,0,2,0
BRF:3
BRH:2
end_of_record
TN:
SF:/Users/ashutosh/workspace/sportyspots/cruijff/App/Components/RoundedButton.story.js
FN:7,(anonymous_0)
FN:12,(anonymous_1)
FNF:2
FNH:2
FNDA:1,(anonymous_0)
FNDA:1,(anonymous_1)
DA:6,1
DA:8,1
DA:13,1
LF:3
LH:3
BRF:0
BRH:0
end_of_record
TN:
SF:/Users/ashutosh/workspace/sportyspots/cruijff/App/Components/Stories.js
FNF:0
FNH:0
LF:0
LH:0
BRF:0
BRH:0
end_of_record
TN:
SF:/Users/ashutosh/workspace/sportyspots/cruijff/App/Components/Styles/AlertMessageStyles.js
FNF:0
FNH:0
LF:0
LH:0
BRF:0
BRH:0
end_of_record
TN:
SF:/Users/ashutosh/workspace/sportyspots/cruijff/App/Components/Styles/DrawerButtonStyles.js
FNF:0
FNH:0
LF:0
LH:0
BRF:0
BRH:0
end_of_record
TN:
SF:/Users/ashutosh/workspace/sportyspots/cruijff/App/Components/Styles/FullButtonStyles.js
FNF:0
FNH:0
LF:0
LH:0
BRF:0
BRH:0
end_of_record
TN:
SF:/Users/ashutosh/workspace/sportyspots/cruijff/App/Components/Styles/RoundedButtonStyles.js
FNF:0
FNH:0
LF:0
LH:0
BRF:0
BRH:0
end_of_record
TN:
SF:/Users/ashutosh/workspace/sportyspots/cruijff/App/Config/DebugConfig.js
FNF:0
FNH:0
LF:0
LH:0
BRF:0
BRH:0
end_of_record
TN:
SF:/Users/ashutosh/workspace/sportyspots/cruijff/App/Redux/GithubRedux.js
FN:27,(anonymous_0)
FN:33,(anonymous_1)
FN:37,(anonymous_2)
FN:43,(anonymous_3)
FNF:4
FNH:3
FNDA:0,(anonymous_0)
FNDA:1,(anonymous_1)
FNDA:1,(anonymous_2)
FNDA:1,(anonymous_3)
DA:6,3
DA:12,3
DA:17,3
DA:26,3
DA:27,0
DA:33,3
DA:34,1
DA:37,3
DA:38,1
DA:39,1
DA:43,3
DA:44,1
DA:48,3
LF:13
LH:12
BRF:0
BRH:0
end_of_record
TN:
SF:/Users/ashutosh/workspace/sportyspots/cruijff/App/Sagas/GithubSagas.js
FN:5,getUserAvatar
FNF:1
FNH:1
FNDA:3,getUserAvatar
DA:6,3
DA:8,3
DA:10,2
DA:11,1
DA:12,1
DA:14,1
DA:16,1
LF:7
LH:7
BRDA:10,0,0,1
BRDA:10,0,1,1
BRF:2
BRH:2
end_of_record
TN:
SF:/Users/ashutosh/workspace/sportyspots/cruijff/App/Sagas/StartupSagas.js
FN:9,startup
FN:29,(anonymous_1)
FNF:2
FNH:1
FNDA:1,startup
FNDA:0,(anonymous_1)
DA:6,1
DA:10,1
DA:12,0
DA:15,0
DA:21,0
DA:22,0
DA:23,0
DA:29,0
DA:35,1
DA:37,1
DA:38,1
LF:11
LH:5
BRDA:10,0,0,0
BRDA:10,0,1,1
BRDA:10,1,0,1
BRDA:10,1,1,1
BRDA:37,2,0,1
BRDA:37,2,1,0
BRF:6
BRH:4
end_of_record
TN:
SF:/Users/ashutosh/workspace/sportyspots/cruijff/App/Services/SeedorfApiLive.js
FN:5,(anonymous_0)
FN:37,(anonymous_1)
FN:38,(anonymous_2)
FN:39,(anonymous_3)
FNF:4
FNH:1
FNDA:1,(anonymous_0)
FNDA:0,(anonymous_1)
FNDA:0,(anonymous_2)
FNDA:0,(anonymous_3)
DA:5,1
DA:12,1
DA:37,1
DA:38,1
DA:39,1
DA:53,1
LF:6
LH:6
BRDA:5,0,0,1
BRF:1
BRH:1
end_of_record
TN:
SF:/Users/ashutosh/workspace/sportyspots/cruijff/App/Services/ExamplesRegistry.js
FN:9,(anonymous_0)
FN:9,(anonymous_1)
FN:11,(anonymous_2)
FN:11,(anonymous_3)
FN:13,(anonymous_4)
FN:24,(anonymous_5)
FN:35,(anonymous_6)
FN:37,(anonymous_7)
FNF:8
FNH:1
FNDA:6,(anonymous_0)
FNDA:0,(anonymous_1)
FNDA:0,(anonymous_2)
FNDA:0,(anonymous_3)
FNDA:0,(anonymous_4)
FNDA:0,(anonymous_5)
FNDA:0,(anonymous_6)
FNDA:0,(anonymous_7)
DA:6,4
DA:7,4
DA:9,6
DA:11,4
DA:13,4
DA:14,0
DA:24,4
DA:25,0
DA:35,4
DA:37,4
LF:10
LH:8
BRDA:9,0,0,0
BRDA:9,1,0,6
BRDA:9,1,1,0
BRDA:11,2,0,0
BRDA:11,3,0,0
BRDA:11,3,1,0
BRF:6
BRH:1
end_of_record
TN:
SF:/Users/ashutosh/workspace/sportyspots/cruijff/App/Services/SeedorfApiFixture.js
FN:3,(anonymous_0)
FN:9,(anonymous_1)
FN:15,(anonymous_2)
FNF:3
FNH:2
FNDA:0,(anonymous_0)
FNDA:1,(anonymous_1)
FNDA:3,(anonymous_2)
DA:4,0
DA:10,1
DA:17,3
DA:18,3
DA:19,3
LF:5
LH:4
BRDA:21,0,0,1
BRDA:21,0,1,2
BRF:2
BRH:2
end_of_record
TN:
SF:/Users/ashutosh/workspace/sportyspots/cruijff/App/Themes/ApplicationStyles.js
FNF:0
FNH:0
DA:8,5
LF:1
LH:1
BRF:0
BRH:0
end_of_record
TN:
SF:/Users/ashutosh/workspace/sportyspots/cruijff/App/Themes/Colors.js
FNF:0
FNH:0
DA:1,5
LF:1
LH:1
BRF:0
BRH:0
end_of_record
TN:
SF:/Users/ashutosh/workspace/sportyspots/cruijff/App/Themes/Fonts.js
FNF:0
FNH:0
DA:1,5
DA:7,5
DA:21,5
LF:3
LH:3
BRF:0
BRH:0
end_of_record
TN:
SF:/Users/ashutosh/workspace/sportyspots/cruijff/App/Themes/Images.js
FNF:0
FNH:0
DA:2,5
LF:1
LH:1
BRF:0
BRH:0
end_of_record
TN:
SF:/Users/ashutosh/workspace/sportyspots/cruijff/App/Themes/Metrics.js
FNF:0
FNH:0
DA:3,5
DA:6,5
LF:2
LH:2
BRDA:15,0,0,5
BRDA:15,0,1,0
BRDA:16,1,0,5
BRDA:16,1,1,0
BRDA:17,2,0,5
BRDA:17,2,1,0
BRF:6
BRH:3
end_of_record
TN:
SF:/Users/ashutosh/workspace/sportyspots/cruijff/App/Themes/index.js
FNF:0
FNH:0
LF:0
LH:0
BRF:0
BRH:0
end_of_record
TN:
SF:/Users/ashutosh/workspace/sportyspots/cruijff/storybook/index.js
FNF:0
FNH:0
LF:0
LH:0
BRF:0
BRH:0
end_of_record
TN:
SF:/Users/ashutosh/workspace/sportyspots/cruijff/storybook/storybook.js
FN:5,(anonymous_0)
FN:12,(anonymous_1)
FNF:2
FNH:1
FNDA:1,(anonymous_0)
FNDA:0,(anonymous_1)
DA:5,1
DA:6,1
DA:11,1
DA:12,1
LF:4
LH:4
BRF:0
BRH:0
end_of_record
