TN:
SF:/home/fede/Workspace/cruijff/App/config.js
FN:3,_interopRequireDefault
FN:3,_objectSpread
FN:3,(anonymous_2)
FN:3,(anonymous_3)
FN:3,_defineProperty
FN:37,(anonymous_5)
FNF:6
FNH:1
FNDA:2,_interopRequireDefault
FNDA:0,_objectSpread
FNDA:0,(anonymous_2)
FNDA:0,(anonymous_3)
FNDA:0,_defineProperty
FNDA:0,(anonymous_5)
DA:1,2
DA:2,2
DA:3,2
DA:6,2
DA:8,2
DA:13,2
DA:15,2
DA:24,2
DA:25,0
DA:28,2
DA:30,2
DA:35,0
DA:36,0
DA:37,0
DA:38,0
DA:39,0
DA:43,2
DA:46,0
DA:48,0
DA:60,0
DA:63,2
DA:65,2
LF:22
LH:13
BRDA:3,0,0,2
BRDA:3,0,1,0
BRDA:3,1,0,2
BRDA:3,1,1,2
BRDA:3,2,0,0
BRDA:3,2,1,0
BRDA:3,3,0,0
BRDA:3,3,1,0
BRDA:3,4,0,0
BRDA:3,4,1,0
BRDA:6,5,0,2
BRDA:6,5,1,0
BRDA:24,6,0,0
BRDA:24,6,1,2
BRDA:30,7,0,2
BRDA:30,7,1,0
BRDA:43,8,0,0
BRDA:43,8,1,2
BRF:18
BRH:7
end_of_record
TN:
SF:/home/fede/Workspace/cruijff/App/globalRefs.js
FN:4,addGlobalRef
FN:4,(anonymous_1)
FNF:2
FNH:2
FNDA:5,addGlobalRef
FNDA:7,(anonymous_1)
DA:1,4
DA:2,4
DA:4,7
LF:3
LH:3
BRF:0
BRH:0
end_of_record
TN:
SF:/home/fede/Workspace/cruijff/App/utils.js
FN:2,_interopRequireDefault
FN:2,_objectSpread
FN:2,(anonymous_2)
FN:2,(anonymous_3)
FN:2,_defineProperty
FN:5,addModelState
FN:8,setState
FN:14,show
FN:15,hide
FN:23,makeNumGenerator
FN:25,(anonymous_10)
FN:31,convertS3ToImgix
FN:38,getImageUrl
FN:46,getSpotImages
FN:52,(anonymous_14)
FN:56,routeToString
FN:59,(anonymous_16)
FN:67,logNavigationState
FNF:18
FNH:4
FNDA:8,_interopRequireDefault
FNDA:0,_objectSpread
FNDA:0,(anonymous_2)
FNDA:0,(anonymous_3)
FNDA:0,_defineProperty
FNDA:2,addModelState
FNDA:0,setState
FNDA:0,show
FNDA:0,hide
FNDA:13,makeNumGenerator
FNDA:21,(anonymous_10)
FNDA:0,convertS3ToImgix
FNDA:0,getImageUrl
FNDA:0,getSpotImages
FNDA:0,(anonymous_14)
FNDA:0,routeToString
FNDA:0,(anonymous_16)
FNDA:0,logNavigationState
DA:1,4
DA:2,8
DA:5,4
DA:6,2
DA:7,2
DA:8,2
DA:9,0
DA:13,2
DA:14,0
DA:15,0
DA:17,0
DA:20,2
DA:21,4
DA:24,13
DA:25,13
DA:26,21
DA:27,21
DA:31,4
DA:38,4
DA:44,4
DA:46,4
DA:47,0
DA:48,0
DA:51,0
DA:52,0
DA:54,4
DA:56,4
DA:57,0
DA:58,0
DA:59,0
DA:60,0
DA:61,0
DA:64,0
DA:67,4
DA:68,0
DA:69,4
LF:36
LH:21
BRDA:2,0,0,8
BRDA:2,0,1,0
BRDA:2,1,0,8
BRDA:2,1,1,8
BRDA:2,2,0,0
BRDA:2,2,1,0
BRDA:2,3,0,0
BRDA:2,3,1,0
BRDA:2,4,0,0
BRDA:2,4,1,0
BRDA:5,5,0,0
BRDA:5,5,1,2
BRDA:5,6,0,2
BRDA:5,6,1,0
BRDA:6,7,0,2
BRDA:6,7,1,2
BRDA:7,8,0,2
BRDA:7,8,1,2
BRDA:35,9,0,0
BRDA:35,9,1,0
BRDA:39,10,0,0
BRDA:39,10,1,0
BRDA:47,11,0,0
BRDA:47,11,1,0
BRDA:47,12,0,0
BRDA:47,12,1,0
BRDA:51,13,0,0
BRDA:51,13,1,0
BRDA:51,14,0,0
BRDA:51,14,1,0
BRDA:56,15,0,0
BRDA:56,15,1,0
BRDA:56,16,0,0
BRDA:56,16,1,0
BRDA:57,17,0,0
BRDA:57,17,1,0
BRDA:58,18,0,0
BRDA:58,18,1,0
BRDA:61,19,0,0
BRDA:61,19,1,0
BRDA:67,20,0,0
BRDA:67,20,1,0
BRDA:67,21,0,0
BRDA:67,21,1,0
BRF:44
BRH:9
end_of_record
TN:
SF:/home/fede/Workspace/cruijff/App/Backgrounds/FieldBackground/index.js
FN:8,_interopRequireWildcard
FN:8,_interopRequireDefault
FN:8,_templateObject2
FN:8,_templateObject2
FN:8,_templateObject
FN:8,_templateObject
FN:8,_taggedTemplateLiteralLoose
FN:30,FieldBackground
FNF:8
FNH:6
FNDA:1,_interopRequireWildcard
FNDA:6,_interopRequireDefault
FNDA:1,_templateObject2
FNDA:0,_templateObject2
FNDA:1,_templateObject
FNDA:0,_templateObject
FNDA:2,_taggedTemplateLiteralLoose
FNDA:2,FieldBackground
DA:1,1
DA:2,1
DA:3,1
DA:4,1
DA:5,1
DA:6,1
DA:7,1
DA:8,6
DA:13,1
DA:17,1
DA:24,1
DA:30,2
DA:58,1
DA:62,1
DA:66,1
LF:15
LH:15
BRDA:8,0,0,1
BRDA:8,0,1,0
BRDA:8,1,0,1
BRDA:8,1,1,1
BRDA:8,2,0,0
BRDA:8,2,1,0
BRDA:8,3,0,0
BRDA:8,3,1,0
BRDA:8,4,0,0
BRDA:8,4,1,0
BRDA:8,5,0,0
BRDA:8,5,1,0
BRDA:8,6,0,0
BRDA:8,6,1,0
BRDA:8,7,0,0
BRDA:8,7,1,0
BRDA:8,8,0,4
BRDA:8,8,1,2
BRDA:8,9,0,6
BRDA:8,9,1,6
BRDA:8,10,0,2
BRDA:8,10,1,0
BRF:22
BRH:8
end_of_record
TN:
SF:/home/fede/Workspace/cruijff/App/Backgrounds/FieldBackground/stories.js
FN:4,_interopRequireDefault
FN:7,(anonymous_1)
FNF:2
FNH:2
FNDA:2,_interopRequireDefault
FNDA:1,(anonymous_1)
DA:1,1
DA:2,1
DA:3,1
DA:4,2
DA:6,1
DA:7,1
LF:6
LH:6
BRDA:4,0,0,1
BRDA:4,0,1,1
BRDA:4,1,0,2
BRDA:4,1,1,2
BRF:4
BRH:4
end_of_record
TN:
SF:/home/fede/Workspace/cruijff/App/Backgrounds/ImageBackground/index.js
FN:9,_interopRequireDefault
FN:9,_templateObject4
FN:9,_templateObject4
FN:9,_templateObject3
FN:9,_templateObject3
FN:9,_templateObject2
FN:9,_templateObject2
FN:9,_templateObject
FN:9,_templateObject
FN:9,_taggedTemplateLiteralLoose
FN:38,ImageBackground
FNF:11
FNH:7
FNDA:8,_interopRequireDefault
FNDA:1,_templateObject4
FNDA:0,_templateObject4
FNDA:1,_templateObject3
FNDA:0,_templateObject3
FNDA:1,_templateObject2
FNDA:0,_templateObject2
FNDA:1,_templateObject
FNDA:0,_templateObject
FNDA:4,_taggedTemplateLiteralLoose
FNDA:5,ImageBackground
DA:1,1
DA:2,1
DA:3,1
DA:4,1
DA:5,1
DA:6,1
DA:7,1
DA:8,1
DA:9,8
DA:15,1
DA:20,1
DA:26,1
DA:31,1
DA:38,1
DA:39,5
DA:40,5
DA:41,5
DA:42,5
DA:69,1
DA:79,1
DA:86,1
LF:21
LH:21
BRDA:9,0,0,6
BRDA:9,0,1,2
BRDA:9,1,0,8
BRDA:9,1,1,8
BRDA:9,2,0,4
BRDA:9,2,1,0
BRDA:46,3,0,5
BRDA:46,3,1,0
BRDA:58,4,0,5
BRDA:58,4,1,3
BRDA:58,4,2,3
BRF:11
BRH:9
end_of_record
TN:
SF:/home/fede/Workspace/cruijff/App/Backgrounds/ImageBackground/stories.js
FN:5,_interopRequireDefault
FN:8,(anonymous_1)
FN:15,(anonymous_2)
FNF:3
FNH:3
FNDA:3,_interopRequireDefault
FNDA:1,(anonymous_1)
FNDA:1,(anonymous_2)
DA:1,1
DA:2,1
DA:3,1
DA:4,1
DA:5,3
DA:7,1
DA:8,1
DA:15,1
LF:8
LH:8
BRDA:5,0,0,1
BRDA:5,0,1,2
BRDA:5,1,0,3
BRDA:5,1,1,3
BRF:4
BRH:4
end_of_record
TN:
SF:/home/fede/Workspace/cruijff/App/Backgrounds/LogoHeaderBackground/index.js
FN:8,_interopRequireDefault
FN:8,_templateObject2
FN:8,_templateObject2
FN:8,_templateObject
FN:8,_templateObject
FN:8,_taggedTemplateLiteralLoose
FN:15,(anonymous_6)
FN:19,(anonymous_7)
FN:24,LogoHeaderBackground
FNF:9
FNH:7
FNDA:7,_interopRequireDefault
FNDA:1,_templateObject2
FNDA:0,_templateObject2
FNDA:1,_templateObject
FNDA:0,_templateObject
FNDA:2,_taggedTemplateLiteralLoose
FNDA:6,(anonymous_6)
FNDA:6,(anonymous_7)
FNDA:3,LogoHeaderBackground
DA:1,1
DA:2,1
DA:3,1
DA:4,1
DA:5,1
DA:6,1
DA:7,1
DA:8,7
DA:13,1
DA:15,6
DA:18,1
DA:19,6
DA:24,1
DA:28,3
DA:29,3
DA:31,3
DA:57,1
DA:66,1
DA:71,1
LF:19
LH:19
BRDA:8,0,0,5
BRDA:8,0,1,2
BRDA:8,1,0,7
BRDA:8,1,1,7
BRDA:8,2,0,2
BRDA:8,2,1,0
BRDA:15,3,0,4
BRDA:15,3,1,2
BRDA:35,4,0,3
BRDA:35,4,1,3
BRDA:43,5,0,2
BRDA:43,5,1,1
BRF:12
BRH:11
end_of_record
TN:
SF:/home/fede/Workspace/cruijff/App/Backgrounds/LogoHeaderBackground/stories.js
FN:4,_interopRequireDefault
FN:7,(anonymous_1)
FN:12,(anonymous_2)
FNF:3
FNH:3
FNDA:2,_interopRequireDefault
FNDA:1,(anonymous_1)
FNDA:1,(anonymous_2)
DA:1,1
DA:2,1
DA:3,1
DA:4,2
DA:6,1
DA:7,1
DA:12,1
LF:7
LH:7
BRDA:4,0,0,1
BRDA:4,0,1,1
BRDA:4,1,0,2
BRDA:4,1,1,2
BRF:4
BRH:4
end_of_record
TN:
SF:/home/fede/Workspace/cruijff/App/Components/Stories.js
FN:9,_interopRequireDefault
FN:13,(anonymous_1)
FN:21,(anonymous_2)
FN:22,(anonymous_3)
FN:23,(anonymous_4)
FN:24,(anonymous_5)
FN:26,(anonymous_6)
FN:36,(anonymous_7)
FN:37,(anonymous_8)
FN:38,(anonymous_9)
FN:41,(anonymous_10)
FN:42,(anonymous_11)
FN:43,(anonymous_12)
FN:51,(anonymous_13)
FNF:14
FNH:14
FNDA:6,_interopRequireDefault
FNDA:1,(anonymous_1)
FNDA:1,(anonymous_2)
FNDA:1,(anonymous_3)
FNDA:1,(anonymous_4)
FNDA:1,(anonymous_5)
FNDA:1,(anonymous_6)
FNDA:1,(anonymous_7)
FNDA:1,(anonymous_8)
FNDA:1,(anonymous_9)
FNDA:1,(anonymous_10)
FNDA:1,(anonymous_11)
FNDA:1,(anonymous_12)
FNDA:1,(anonymous_13)
DA:1,1
DA:2,1
DA:3,1
DA:5,1
DA:6,1
DA:7,1
DA:8,1
DA:9,6
DA:12,1
DA:13,1
DA:21,1
DA:22,1
DA:23,1
DA:24,1
DA:26,1
DA:35,1
DA:36,1
DA:37,1
DA:38,1
DA:40,1
DA:41,1
DA:42,1
DA:43,1
DA:51,1
LF:24
LH:24
BRDA:9,0,0,5
BRDA:9,0,1,1
BRDA:9,1,0,6
BRDA:9,1,1,6
BRF:4
BRH:4
end_of_record
TN:
SF:/home/fede/Workspace/cruijff/App/Components/Auth/LoginEmailApiCall/index.js
FN:4,_interopRequireDefault
FN:4,_classCallCheck
FN:4,_defineProperties
FN:4,_createClass
FN:4,_possibleConstructorReturn
FN:4,_assertThisInitialized
FN:4,_getPrototypeOf
FN:4,_getPrototypeOf
FN:4,_inherits
FN:4,_setPrototypeOf
FN:4,_setPrototypeOf
FN:13,(anonymous_11)
FN:13,LoginEmailApiCall
FN:14,_callee
FN:14,_callee$
FN:31,render
FN:57,onLoginError
FN:58,onEmailSent
FNF:18
FNH:12
FNDA:3,_interopRequireDefault
FNDA:1,_classCallCheck
FNDA:1,_defineProperties
FNDA:1,_createClass
FNDA:1,_possibleConstructorReturn
FNDA:1,_assertThisInitialized
FNDA:1,_getPrototypeOf
FNDA:0,_getPrototypeOf
FNDA:1,_inherits
FNDA:1,_setPrototypeOf
FNDA:0,_setPrototypeOf
FNDA:1,(anonymous_11)
FNDA:1,LoginEmailApiCall
FNDA:0,_callee
FNDA:0,_callee$
FNDA:1,render
FNDA:0,onLoginError
FNDA:0,onEmailSent
DA:1,1
DA:2,1
DA:4,3
DA:13,2
DA:14,0
DA:16,0
DA:19,0
DA:22,0
DA:26,0
DA:28,0
DA:29,0
DA:31,1
DA:36,1
DA:39,1
DA:43,1
DA:44,1
DA:47,1
DA:56,1
DA:61,1
LF:19
LH:12
BRDA:4,0,0,1
BRDA:4,0,1,2
BRDA:4,1,0,3
BRDA:4,1,1,3
BRDA:4,2,0,0
BRDA:4,2,1,1
BRDA:4,3,0,1
BRDA:4,3,1,1
BRDA:4,4,0,1
BRDA:4,4,1,0
BRDA:4,5,0,1
BRDA:4,5,1,0
BRDA:4,6,0,0
BRDA:4,6,1,1
BRDA:4,7,0,0
BRDA:4,7,1,1
BRDA:4,8,0,1
BRDA:4,8,1,0
BRDA:4,8,2,0
BRDA:4,9,0,0
BRDA:4,9,1,1
BRDA:4,10,0,1
BRDA:4,10,1,0
BRDA:4,11,0,0
BRDA:4,11,1,0
BRDA:4,12,0,0
BRDA:4,12,1,1
BRDA:4,13,0,1
BRDA:4,13,1,0
BRDA:4,14,0,1
BRDA:4,14,1,1
BRDA:4,15,0,1
BRDA:4,15,1,0
BRDA:4,16,0,1
BRDA:4,16,1,0
BRDA:14,17,0,0
BRDA:14,17,1,0
BRDA:14,17,2,0
BRDA:14,17,3,0
BRDA:14,17,4,0
BRDA:22,18,0,0
BRDA:22,18,1,0
BRDA:22,19,0,0
BRDA:22,19,1,0
BRF:44
BRH:20
end_of_record
TN:
SF:/home/fede/Workspace/cruijff/App/Components/Auth/LoginEmailForm/index.js
FN:11,_interopRequireDefault
FN:11,_objectSpread
FN:11,(anonymous_2)
FN:11,(anonymous_3)
FN:11,_defineProperty
FN:11,_classCallCheck
FN:11,_defineProperties
FN:11,_createClass
FN:11,_possibleConstructorReturn
FN:11,_assertThisInitialized
FN:11,_getPrototypeOf
FN:11,_getPrototypeOf
FN:11,_inherits
FN:11,_setPrototypeOf
FN:11,_setPrototypeOf
FN:28,(anonymous_15)
FN:28,LoginEmailForm
FN:46,(anonymous_17)
FN:50,(anonymous_18)
FN:60,(anonymous_19)
FN:78,(anonymous_20)
FN:112,componentWillReceiveProps
FN:112,render
FN:134,onChangeText
FN:165,onBeforeHook
FN:166,onClientCancelHook
FN:167,onClientErrorHook
FN:168,onSuccessHook
FNF:28
FNH:22
FNDA:20,_interopRequireDefault
FNDA:8,_objectSpread
FNDA:0,(anonymous_2)
FNDA:16,(anonymous_3)
FNDA:26,_defineProperty
FNDA:8,_classCallCheck
FNDA:2,_defineProperties
FNDA:2,_createClass
FNDA:8,_possibleConstructorReturn
FNDA:8,_assertThisInitialized
FNDA:2,_getPrototypeOf
FNDA:0,_getPrototypeOf
FNDA:2,_inherits
FNDA:2,_setPrototypeOf
FNDA:0,_setPrototypeOf
FNDA:2,(anonymous_15)
FNDA:8,LoginEmailForm
FNDA:5,(anonymous_17)
FNDA:5,(anonymous_18)
FNDA:5,(anonymous_19)
FNDA:6,(anonymous_20)
FNDA:0,componentWillReceiveProps
FNDA:21,render
FNDA:5,onChangeText
FNDA:4,onBeforeHook
FNDA:0,onClientCancelHook
FNDA:0,onClientErrorHook
FNDA:1,onSuccessHook
DA:1,2
DA:2,2
DA:3,2
DA:4,2
DA:5,2
DA:6,2
DA:7,2
DA:8,2
DA:9,2
DA:10,2
DA:11,26
DA:16,2
DA:18,2
DA:22,2
DA:28,22
DA:31,8
DA:47,5
DA:48,8
DA:50,5
DA:51,5
DA:54,5
DA:58,8
DA:60,5
DA:62,5
DA:65,5
DA:67,5
DA:68,1
DA:69,4
DA:70,2
DA:71,2
DA:72,0
DA:75,5
DA:76,8
DA:84,6
DA:88,6
DA:89,6
DA:91,1
DA:92,1
DA:96,5
DA:99,5
DA:102,5
DA:103,3
DA:106,3
DA:107,3
DA:111,2
DA:112,8
DA:114,21
DA:115,21
DA:116,21
DA:119,21
DA:121,21
DA:135,5
DA:150,2
DA:153,2
DA:162,2
DA:171,2
LF:56
LH:55
BRDA:11,0,0,8
BRDA:11,0,1,12
BRDA:11,1,0,20
BRDA:11,1,1,20
BRDA:11,2,0,16
BRDA:11,2,1,0
BRDA:11,3,0,16
BRDA:11,3,1,0
BRDA:11,4,0,0
BRDA:11,4,1,26
BRDA:11,5,0,0
BRDA:11,5,1,8
BRDA:11,6,0,4
BRDA:11,6,1,4
BRDA:11,7,0,4
BRDA:11,7,1,0
BRDA:11,8,0,2
BRDA:11,8,1,0
BRDA:11,9,0,0
BRDA:11,9,1,2
BRDA:11,10,0,0
BRDA:11,10,1,8
BRDA:11,11,0,8
BRDA:11,11,1,0
BRDA:11,11,2,0
BRDA:11,12,0,0
BRDA:11,12,1,8
BRDA:11,13,0,2
BRDA:11,13,1,0
BRDA:11,14,0,0
BRDA:11,14,1,0
BRDA:11,15,0,0
BRDA:11,15,1,2
BRDA:11,16,0,2
BRDA:11,16,1,0
BRDA:11,17,0,2
BRDA:11,17,1,2
BRDA:11,18,0,2
BRDA:11,18,1,0
BRDA:11,19,0,2
BRDA:11,19,1,0
BRDA:65,20,0,5
BRDA:65,20,1,4
BRDA:67,21,0,1
BRDA:67,21,1,4
BRDA:69,22,0,2
BRDA:69,22,1,2
BRDA:71,23,0,0
BRDA:71,23,1,2
BRDA:102,24,0,3
BRDA:102,24,1,2
BRDA:112,25,0,0
BRDA:112,25,1,0
BRF:53
BRH:32
end_of_record
TN:
SF:/home/fede/Workspace/cruijff/App/Components/Auth/LoginEmailForm/stories.js
FN:5,_interopRequireDefault
FN:8,(anonymous_1)
FN:13,(anonymous_2)
FNF:3
FNH:3
FNDA:3,_interopRequireDefault
FNDA:1,(anonymous_1)
FNDA:1,(anonymous_2)
DA:1,1
DA:2,1
DA:3,1
DA:4,1
DA:5,3
DA:7,1
DA:8,1
DA:13,1
LF:8
LH:8
BRDA:5,0,0,2
BRDA:5,0,1,1
BRDA:5,1,0,3
BRDA:5,1,1,3
BRDA:14,2,0,1
BRDA:14,2,1,0
BRDA:14,3,0,1
BRDA:14,3,1,0
BRF:8
BRH:6
end_of_record
TN:
SF:/home/fede/Workspace/cruijff/App/Components/Auth/SignupEmailApiCall/index.js
FN:4,_interopRequireDefault
FN:4,_classCallCheck
FN:4,_defineProperties
FN:4,_createClass
FN:4,_possibleConstructorReturn
FN:4,_assertThisInitialized
FN:4,_getPrototypeOf
FN:4,_getPrototypeOf
FN:4,_inherits
FN:4,_setPrototypeOf
FN:4,_setPrototypeOf
FN:13,(anonymous_11)
FN:13,SignupEmailApiCall
FN:14,_callee
FN:14,_callee$
FN:34,render
FN:60,onSignupError
FN:61,onSignupSuccess
FNF:18
FNH:6
FNDA:3,_interopRequireDefault
FNDA:0,_classCallCheck
FNDA:1,_defineProperties
FNDA:1,_createClass
FNDA:0,_possibleConstructorReturn
FNDA:0,_assertThisInitialized
FNDA:0,_getPrototypeOf
FNDA:0,_getPrototypeOf
FNDA:1,_inherits
FNDA:1,_setPrototypeOf
FNDA:0,_setPrototypeOf
FNDA:1,(anonymous_11)
FNDA:0,SignupEmailApiCall
FNDA:0,_callee
FNDA:0,_callee$
FNDA:0,render
FNDA:0,onSignupError
FNDA:0,onSignupSuccess
DA:1,1
DA:2,1
DA:3,1
DA:4,3
DA:13,1
DA:14,0
DA:16,0
DA:18,0
DA:20,0
DA:23,0
DA:24,0
DA:25,0
DA:26,0
DA:27,0
DA:30,0
DA:33,0
DA:34,1
DA:38,0
DA:41,0
DA:45,0
DA:46,1
DA:49,1
DA:59,1
DA:64,1
LF:24
LH:10
BRDA:4,0,0,1
BRDA:4,0,1,2
BRDA:4,1,0,3
BRDA:4,1,1,3
BRDA:4,2,0,0
BRDA:4,2,1,0
BRDA:4,3,0,1
BRDA:4,3,1,1
BRDA:4,4,0,1
BRDA:4,4,1,0
BRDA:4,5,0,1
BRDA:4,5,1,0
BRDA:4,6,0,0
BRDA:4,6,1,1
BRDA:4,7,0,0
BRDA:4,7,1,0
BRDA:4,8,0,0
BRDA:4,8,1,0
BRDA:4,8,2,0
BRDA:4,9,0,0
BRDA:4,9,1,0
BRDA:4,10,0,0
BRDA:4,10,1,0
BRDA:4,11,0,0
BRDA:4,11,1,0
BRDA:4,12,0,0
BRDA:4,12,1,1
BRDA:4,13,0,1
BRDA:4,13,1,0
BRDA:4,14,0,1
BRDA:4,14,1,1
BRDA:4,15,0,1
BRDA:4,15,1,0
BRDA:4,16,0,1
BRDA:4,16,1,0
BRDA:14,17,0,0
BRDA:14,17,1,0
BRDA:14,17,2,0
BRDA:23,18,0,0
BRDA:23,18,1,0
BRDA:23,19,0,0
BRDA:23,19,1,0
BRF:42
BRH:15
end_of_record
TN:
SF:/home/fede/Workspace/cruijff/App/Components/Auth/SignupEmailApiCall/utils.js
FN:4,curateFieldName
FN:19,curateErrorMsg
FN:40,curateErrors
FN:44,(anonymous_3)
FN:46,(anonymous_4)
FNF:5
FNH:0
FNDA:0,curateFieldName
FNDA:0,curateErrorMsg
FNDA:0,curateErrors
FNDA:0,(anonymous_3)
FNDA:0,(anonymous_4)
DA:1,1
DA:4,1
DA:5,0
DA:7,0
DA:12,0
DA:19,1
DA:20,0
DA:22,0
DA:24,0
DA:26,0
DA:28,0
DA:30,0
DA:40,1
DA:41,0
DA:42,0
DA:44,0
DA:45,0
DA:46,0
DA:47,0
DA:50,0
DA:53,1
LF:21
LH:5
BRDA:5,0,0,0
BRDA:5,0,1,0
BRDA:5,0,2,0
BRDA:5,0,3,0
BRDA:5,0,4,0
BRDA:20,1,0,0
BRDA:20,1,1,0
BRDA:20,1,2,0
BRDA:20,1,3,0
BRDA:20,1,4,0
BRF:10
BRH:0
end_of_record
TN:
SF:/home/fede/Workspace/cruijff/App/Components/Auth/SignupEmailForm/index.js
FN:15,_interopRequireDefault
FN:15,_extends
FN:15,(anonymous_2)
FN:15,_objectSpread
FN:15,(anonymous_4)
FN:15,(anonymous_5)
FN:15,_defineProperty
FN:15,_classCallCheck
FN:15,_defineProperties
FN:15,_createClass
FN:15,_possibleConstructorReturn
FN:15,_assertThisInitialized
FN:15,_getPrototypeOf
FN:15,_getPrototypeOf
FN:15,_inherits
FN:15,_setPrototypeOf
FN:15,_setPrototypeOf
FN:36,(anonymous_17)
FN:36,SignupEmailForm
FN:41,(anonymous_19)
FN:58,(anonymous_20)
FN:62,(anonymous_21)
FN:73,(anonymous_22)
FN:83,(anonymous_23)
FN:119,(anonymous_24)
FN:160,componentWillReceiveProps
FN:160,render
FN:183,ref
FN:189,onLayout
FN:200,onChangeText
FN:207,onLayout
FN:217,onChangeText
FN:224,onLayout
FN:235,onChangeText
FN:278,onBeforeHook
FN:279,onClientCancelHook
FN:280,onClientErrorHook
FN:281,onSuccessHook
FNF:38
FNH:27
FNDA:26,_interopRequireDefault
FNDA:1,_extends
FNDA:0,(anonymous_2)
FNDA:11,_objectSpread
FNDA:0,(anonymous_4)
FNDA:55,(anonymous_5)
FNDA:148,_defineProperty
FNDA:11,_classCallCheck
FNDA:2,_defineProperties
FNDA:2,_createClass
FNDA:11,_possibleConstructorReturn
FNDA:11,_assertThisInitialized
FNDA:1,_getPrototypeOf
FNDA:0,_getPrototypeOf
FNDA:2,_inherits
FNDA:2,_setPrototypeOf
FNDA:0,_setPrototypeOf
FNDA:2,(anonymous_17)
FNDA:11,SignupEmailForm
FNDA:33,(anonymous_19)
FNDA:11,(anonymous_20)
FNDA:0,(anonymous_21)
FNDA:30,(anonymous_22)
FNDA:11,(anonymous_23)
FNDA:12,(anonymous_24)
FNDA:0,componentWillReceiveProps
FNDA:59,render
FNDA:1,ref
FNDA:0,onLayout
FNDA:10,onChangeText
FNDA:0,onLayout
FNDA:10,onChangeText
FNDA:0,onLayout
FNDA:10,onChangeText
FNDA:10,onBeforeHook
FNDA:0,onClientCancelHook
FNDA:0,onClientErrorHook
FNDA:3,onSuccessHook
DA:1,2
DA:2,2
DA:3,2
DA:4,2
DA:5,2
DA:6,2
DA:7,2
DA:8,2
DA:9,2
DA:10,2
DA:11,2
DA:12,2
DA:13,2
DA:14,2
DA:15,148
DA:20,2
DA:22,2
DA:28,2
DA:36,32
DA:41,33
DA:43,11
DA:59,11
DA:60,11
DA:62,0
DA:63,0
DA:65,0
DA:71,11
DA:73,30
DA:74,30
DA:77,30
DA:81,11
DA:83,11
DA:85,11
DA:88,11
DA:90,11
DA:91,2
DA:92,9
DA:93,0
DA:97,11
DA:99,11
DA:100,2
DA:101,9
DA:102,0
DA:106,11
DA:108,11
DA:109,2
DA:110,9
DA:111,1
DA:112,8
DA:113,0
DA:116,11
DA:117,11
DA:125,12
DA:129,12
DA:130,12
DA:132,1
DA:133,1
DA:137,11
DA:140,11
DA:143,11
DA:144,7
DA:146,7
DA:147,7
DA:148,7
DA:149,7
DA:150,0
DA:154,7
DA:155,7
DA:159,4
DA:160,11
DA:162,59
DA:163,59
DA:169,59
DA:172,59
DA:173,59
DA:174,59
DA:176,59
DA:183,1
DA:189,0
DA:201,10
DA:207,0
DA:218,10
DA:224,0
DA:236,10
DA:263,2
DA:266,2
DA:275,2
DA:284,2
LF:88
LH:78
BRDA:15,0,0,14
BRDA:15,0,1,12
BRDA:15,1,0,26
BRDA:15,1,1,26
BRDA:15,2,0,1
BRDA:15,2,1,0
BRDA:15,3,0,0
BRDA:15,3,1,0
BRDA:15,4,0,22
BRDA:15,4,1,0
BRDA:15,5,0,22
BRDA:15,5,1,0
BRDA:15,6,0,0
BRDA:15,6,1,148
BRDA:15,7,0,0
BRDA:15,7,1,11
BRDA:15,8,0,4
BRDA:15,8,1,4
BRDA:15,9,0,4
BRDA:15,9,1,0
BRDA:15,10,0,2
BRDA:15,10,1,0
BRDA:15,11,0,0
BRDA:15,11,1,2
BRDA:15,12,0,0
BRDA:15,12,1,11
BRDA:15,13,0,11
BRDA:15,13,1,0
BRDA:15,13,2,0
BRDA:15,14,0,0
BRDA:15,14,1,11
BRDA:15,15,0,1
BRDA:15,15,1,0
BRDA:15,16,0,0
BRDA:15,16,1,0
BRDA:15,17,0,0
BRDA:15,17,1,2
BRDA:15,18,0,2
BRDA:15,18,1,0
BRDA:15,19,0,2
BRDA:15,19,1,2
BRDA:15,20,0,2
BRDA:15,20,1,0
BRDA:15,21,0,2
BRDA:15,21,1,0
BRDA:88,22,0,11
BRDA:88,22,1,9
BRDA:90,23,0,2
BRDA:90,23,1,9
BRDA:92,24,0,0
BRDA:92,24,1,9
BRDA:97,25,0,11
BRDA:97,25,1,9
BRDA:99,26,0,2
BRDA:99,26,1,9
BRDA:101,27,0,0
BRDA:101,27,1,9
BRDA:106,28,0,11
BRDA:106,28,1,9
BRDA:108,29,0,2
BRDA:108,29,1,9
BRDA:110,30,0,1
BRDA:110,30,1,8
BRDA:112,31,0,0
BRDA:112,31,1,8
BRDA:143,32,0,7
BRDA:143,32,1,4
BRDA:149,33,0,0
BRDA:149,33,1,7
BRDA:160,34,0,0
BRDA:160,34,1,0
BRF:71
BRH:44
end_of_record
TN:
SF:/home/fede/Workspace/cruijff/App/Components/Auth/SignupEmailForm/stories.js
FN:5,_interopRequireDefault
FN:8,(anonymous_1)
FN:13,(anonymous_2)
FNF:3
FNH:3
FNDA:3,_interopRequireDefault
FNDA:1,(anonymous_1)
FNDA:1,(anonymous_2)
DA:1,1
DA:2,1
DA:3,1
DA:4,1
DA:5,3
DA:7,1
DA:8,1
DA:13,1
LF:8
LH:8
BRDA:5,0,0,2
BRDA:5,0,1,1
BRDA:5,1,0,3
BRDA:5,1,1,3
BRDA:14,2,0,1
BRDA:14,2,1,0
BRDA:14,3,0,1
BRDA:14,3,1,0
BRF:8
BRH:6
end_of_record
TN:
SF:/home/fede/Workspace/cruijff/App/Components/Common/CenteredActivityIndicator.js
FN:4,_interopRequireDefault
FN:4,_templateObject
FN:4,_templateObject
FN:4,_taggedTemplateLiteralLoose
FN:6,CenteredActivityIndicator
FNF:5
FNH:4
FNDA:3,_interopRequireDefault
FNDA:1,_templateObject
FNDA:0,_templateObject
FNDA:1,_taggedTemplateLiteralLoose
FNDA:10,CenteredActivityIndicator
DA:1,1
DA:2,1
DA:3,1
DA:4,3
DA:6,10
DA:11,1
DA:13,1
LF:7
LH:7
BRDA:4,0,0,2
BRDA:4,0,1,1
BRDA:4,1,0,3
BRDA:4,1,1,3
BRDA:4,2,0,1
BRDA:4,2,1,0
BRF:6
BRH:5
end_of_record
TN:
SF:/home/fede/Workspace/cruijff/App/Components/Common/ErrorBoundary.js
FN:3,_interopRequireDefault
FN:3,_classCallCheck
FN:3,_defineProperties
FN:3,_createClass
FN:3,_possibleConstructorReturn
FN:3,_assertThisInitialized
FN:3,_getPrototypeOf
FN:3,_getPrototypeOf
FN:3,_inherits
FN:3,_setPrototypeOf
FN:3,_setPrototypeOf
FN:6,(anonymous_11)
FN:6,ErrorBoundary
FN:7,componentDidCatch
FN:11,render
FN:33,fallbackComponent
FNF:16
FNH:6
FNDA:3,_interopRequireDefault
FNDA:0,_classCallCheck
FNDA:1,_defineProperties
FNDA:1,_createClass
FNDA:0,_possibleConstructorReturn
FNDA:0,_assertThisInitialized
FNDA:0,_getPrototypeOf
FNDA:0,_getPrototypeOf
FNDA:1,_inherits
FNDA:1,_setPrototypeOf
FNDA:0,_setPrototypeOf
FNDA:1,(anonymous_11)
FNDA:0,ErrorBoundary
FNDA:0,componentDidCatch
FNDA:0,render
FNDA:0,fallbackComponent
DA:1,1
DA:2,1
DA:3,3
DA:6,1
DA:7,1
DA:10,0
DA:14,0
DA:15,0
DA:17,0
DA:18,0
DA:20,0
DA:21,1
DA:24,1
DA:32,1
DA:33,0
DA:36,1
LF:16
LH:9
BRDA:3,0,0,1
BRDA:3,0,1,2
BRDA:3,1,0,3
BRDA:3,1,1,3
BRDA:3,2,0,0
BRDA:3,2,1,0
BRDA:3,3,0,2
BRDA:3,3,1,2
BRDA:3,4,0,2
BRDA:3,4,1,0
BRDA:3,5,0,1
BRDA:3,5,1,0
BRDA:3,6,0,0
BRDA:3,6,1,1
BRDA:3,7,0,0
BRDA:3,7,1,0
BRDA:3,8,0,0
BRDA:3,8,1,0
BRDA:3,8,2,0
BRDA:3,9,0,0
BRDA:3,9,1,0
BRDA:3,10,0,0
BRDA:3,10,1,0
BRDA:3,11,0,0
BRDA:3,11,1,0
BRDA:3,12,0,0
BRDA:3,12,1,1
BRDA:3,13,0,1
BRDA:3,13,1,0
BRDA:3,14,0,1
BRDA:3,14,1,1
BRDA:3,15,0,1
BRDA:3,15,1,0
BRDA:3,16,0,1
BRDA:3,16,1,0
BRDA:17,17,0,0
BRDA:17,17,1,0
BRF:37
BRH:15
end_of_record
TN:
SF:/home/fede/Workspace/cruijff/App/Components/Common/NothingFound.js
FN:5,_interopRequireDefault
FN:5,_templateObject2
FN:5,_templateObject2
FN:5,_templateObject
FN:5,_templateObject
FN:5,_taggedTemplateLiteralLoose
FN:18,NothingFound
FNF:7
FNH:5
FNDA:10,_interopRequireDefault
FNDA:2,_templateObject2
FNDA:0,_templateObject2
FNDA:2,_templateObject
FNDA:0,_templateObject
FNDA:4,_taggedTemplateLiteralLoose
FNDA:1,NothingFound
DA:1,2
DA:2,2
DA:3,2
DA:4,2
DA:5,10
DA:7,2
DA:13,2
DA:18,2
DA:25,2
DA:30,2
LF:10
LH:10
BRDA:5,0,0,6
BRDA:5,0,1,4
BRDA:5,1,0,10
BRDA:5,1,1,10
BRDA:5,2,0,4
BRDA:5,2,1,0
BRF:6
BRH:5
end_of_record
TN:
SF:/home/fede/Workspace/cruijff/App/Components/Common/Rating.js
FN:6,_interopRequireDefault
FN:6,_interopRequireWildcard
FN:6,_objectSpread
FN:6,(anonymous_3)
FN:6,(anonymous_4)
FN:6,_defineProperty
FN:8,Rating
FN:10,(anonymous_7)
FNF:8
FNH:7
FNDA:4,_interopRequireDefault
FNDA:1,_interopRequireWildcard
FNDA:1,_objectSpread
FNDA:0,(anonymous_3)
FNDA:5,(anonymous_4)
FNDA:5,_defineProperty
FNDA:3,Rating
FNDA:15,(anonymous_7)
DA:1,1
DA:2,1
DA:3,1
DA:4,1
DA:5,1
DA:6,19
DA:8,3
DA:10,15
DA:17,1
DA:21,1
DA:23,1
LF:11
LH:11
BRDA:6,0,0,3
BRDA:6,0,1,1
BRDA:6,1,0,4
BRDA:6,1,1,4
BRDA:6,2,0,0
BRDA:6,2,1,1
BRDA:6,3,0,1
BRDA:6,3,1,1
BRDA:6,4,0,1
BRDA:6,4,1,0
BRDA:6,5,0,19
BRDA:6,5,1,0
BRDA:6,6,0,19
BRDA:6,6,1,0
BRDA:6,7,0,19
BRDA:6,7,1,19
BRDA:6,8,0,0
BRDA:6,8,1,19
BRDA:6,9,0,19
BRDA:6,9,1,19
BRDA:6,10,0,2
BRDA:6,10,1,0
BRDA:6,11,0,2
BRDA:6,11,1,0
BRDA:6,12,0,0
BRDA:6,12,1,5
BRDA:11,13,0,15
BRDA:11,13,1,8
BRF:28
BRH:20
end_of_record
TN:
SF:/home/fede/Workspace/cruijff/App/Components/Common/RatingBig.js
FN:6,_interopRequireDefault
FN:6,_templateObject3
FN:6,_templateObject3
FN:6,_templateObject2
FN:6,_templateObject2
FN:6,_templateObject
FN:6,_templateObject
FN:6,_taggedTemplateLiteralLoose
FN:29,RatingBig
FN:31,(anonymous_9)
FN:34,onPress
FNF:11
FNH:7
FNDA:5,_interopRequireDefault
FNDA:1,_templateObject3
FNDA:0,_templateObject3
FNDA:1,_templateObject2
FNDA:0,_templateObject2
FNDA:1,_templateObject
FNDA:0,_templateObject
FNDA:3,_taggedTemplateLiteralLoose
FNDA:3,RatingBig
FNDA:15,(anonymous_9)
FNDA:0,onPress
DA:1,1
DA:2,1
DA:3,1
DA:4,1
DA:5,1
DA:6,5
DA:11,1
DA:17,1
DA:22,1
DA:29,3
DA:32,15
DA:33,15
DA:34,0
DA:42,1
DA:47,1
LF:15
LH:14
BRDA:6,0,0,3
BRDA:6,0,1,2
BRDA:6,1,0,5
BRDA:6,1,1,5
BRDA:6,2,0,3
BRDA:6,2,1,0
BRDA:32,3,0,8
BRDA:32,3,1,7
BRF:8
BRH:7
end_of_record
TN:
SF:/home/fede/Workspace/cruijff/App/Components/Common/Text.js
FN:5,_interopRequireDefault
FN:5,_objectSpread
FN:5,(anonymous_2)
FN:5,(anonymous_3)
FN:5,_defineProperty
FN:5,_extends
FN:5,(anonymous_6)
FN:5,_objectWithoutProperties
FN:5,_objectWithoutPropertiesLoose
FN:7,Text
FN:17,(anonymous_10)
FN:26,(anonymous_11)
FN:27,TextComponent
FNF:13
FNH:11
FNDA:20,_interopRequireDefault
FNDA:30,_objectSpread
FNDA:0,(anonymous_2)
FNDA:150,(anonymous_3)
FNDA:150,_defineProperty
FNDA:5,_extends
FNDA:0,(anonymous_6)
FNDA:468,_objectWithoutProperties
FNDA:468,_objectWithoutPropertiesLoose
FNDA:238,Text
FNDA:30,(anonymous_10)
FNDA:30,(anonymous_11)
FNDA:230,TextComponent
DA:1,5
DA:2,5
DA:3,5
DA:4,5
DA:5,1307
DA:7,238
DA:11,5
DA:15,5
DA:17,5
DA:18,30
DA:23,30
DA:26,5
DA:27,30
DA:28,230
DA:29,230
DA:34,230
DA:35,3
DA:37,230
DA:41,30
DA:46,30
DA:49,5
LF:21
LH:21
BRDA:5,0,0,10
BRDA:5,0,1,10
BRDA:5,1,0,20
BRDA:5,1,1,20
BRDA:5,2,0,60
BRDA:5,2,1,0
BRDA:5,3,0,60
BRDA:5,3,1,0
BRDA:5,4,0,30
BRDA:5,4,1,120
BRDA:5,5,0,5
BRDA:5,5,1,0
BRDA:5,6,0,0
BRDA:5,6,1,0
BRDA:5,7,0,0
BRDA:5,7,1,468
BRDA:5,8,0,468
BRDA:5,8,1,0
BRDA:5,9,0,0
BRDA:5,9,1,0
BRDA:5,10,0,0
BRDA:5,10,1,0
BRDA:5,11,0,0
BRDA:5,11,1,468
BRDA:5,12,0,439
BRDA:5,12,1,868
BRDA:34,13,0,3
BRDA:34,13,1,227
BRF:28
BRH:16
end_of_record
TN:
SF:/home/fede/Workspace/cruijff/App/Components/Common/AlertMsg/index.js
FN:10,_interopRequireDefault
FN:10,_templateObject3
FN:10,_templateObject3
FN:10,_templateObject2
FN:10,_templateObject2
FN:10,_templateObject
FN:10,_templateObject
FN:10,_taggedTemplateLiteralLoose
FN:25,(anonymous_8)
FN:30,AlertMsg
FNF:10
FNH:7
FNDA:9,_interopRequireDefault
FNDA:1,_templateObject3
FNDA:0,_templateObject3
FNDA:1,_templateObject2
FNDA:0,_templateObject2
FNDA:1,_templateObject
FNDA:0,_templateObject
FNDA:3,_taggedTemplateLiteralLoose
FNDA:10,(anonymous_8)
FNDA:5,AlertMsg
DA:1,1
DA:2,1
DA:3,1
DA:5,1
DA:6,1
DA:7,1
DA:8,1
DA:9,1
DA:10,9
DA:15,1
DA:19,1
DA:24,1
DA:25,10
DA:30,5
DA:31,5
DA:32,5
DA:34,5
DA:53,1
DA:58,1
DA:62,1
LF:20
LH:20
BRDA:10,0,0,7
BRDA:10,0,1,2
BRDA:10,1,0,9
BRDA:10,1,1,9
BRDA:10,2,0,3
BRDA:10,2,1,0
BRF:6
BRH:5
end_of_record
TN:
SF:/home/fede/Workspace/cruijff/App/Components/Common/AlertMsg/stories.js
FN:3,_interopRequireDefault
FN:8,(anonymous_1)
FN:11,(anonymous_2)
FN:14,(anonymous_3)
FN:17,(anonymous_4)
FN:20,(anonymous_5)
FNF:6
FNH:6
FNDA:2,_interopRequireDefault
FNDA:1,(anonymous_1)
FNDA:1,(anonymous_2)
FNDA:1,(anonymous_3)
FNDA:1,(anonymous_4)
FNDA:1,(anonymous_5)
DA:1,1
DA:2,1
DA:3,2
DA:5,1
DA:7,1
DA:8,1
DA:11,1
DA:14,1
DA:17,1
DA:20,1
LF:10
LH:10
BRDA:3,0,0,1
BRDA:3,0,1,1
BRDA:3,1,0,2
BRDA:3,1,1,2
BRF:4
BRH:4
end_of_record
TN:
SF:/home/fede/Workspace/cruijff/App/Components/Common/AlertMsg/utils.js
FN:1,_interopRequireDefault
FN:3,getPalette
FNF:2
FNH:2
FNDA:1,_interopRequireDefault
FNDA:5,getPalette
DA:1,1
DA:3,1
DA:4,5
DA:6,1
DA:12,1
DA:18,1
DA:24,2
DA:30,0
DA:34,1
LF:9
LH:8
BRDA:1,0,0,1
BRDA:1,0,1,0
BRDA:1,1,0,1
BRDA:1,1,1,1
BRDA:4,2,0,1
BRDA:4,2,1,1
BRDA:4,2,2,1
BRDA:4,2,3,2
BRDA:4,2,4,0
BRF:9
BRH:7
end_of_record
TN:
SF:/home/fede/Workspace/cruijff/App/Components/Common/Avatar/index.js
FN:7,_interopRequireDefault
FN:7,_classCallCheck
FN:7,_defineProperties
FN:7,_createClass
FN:7,_possibleConstructorReturn
FN:7,_assertThisInitialized
FN:7,_getPrototypeOf
FN:7,_getPrototypeOf
FN:7,_inherits
FN:7,_setPrototypeOf
FN:7,_setPrototypeOf
FN:7,_templateObject3
FN:7,_templateObject3
FN:7,_templateObject2
FN:7,_templateObject2
FN:7,_templateObject
FN:7,_templateObject
FN:7,_taggedTemplateLiteralLoose
FN:17,(anonymous_18)
FN:18,(anonymous_19)
FN:19,(anonymous_20)
FN:20,(anonymous_21)
FN:28,(anonymous_22)
FN:29,(anonymous_23)
FN:33,(anonymous_24)
FN:41,(anonymous_25)
FN:41,Avatar
FN:41,render
FN:105,(anonymous_28)
FNF:29
FNH:23
FNDA:12,_interopRequireDefault
FNDA:3,_classCallCheck
FNDA:2,_defineProperties
FNDA:2,_createClass
FNDA:3,_possibleConstructorReturn
FNDA:3,_assertThisInitialized
FNDA:2,_getPrototypeOf
FNDA:0,_getPrototypeOf
FNDA:2,_inherits
FNDA:2,_setPrototypeOf
FNDA:0,_setPrototypeOf
FNDA:2,_templateObject3
FNDA:0,_templateObject3
FNDA:2,_templateObject2
FNDA:0,_templateObject2
FNDA:2,_templateObject
FNDA:0,_templateObject
FNDA:6,_taggedTemplateLiteralLoose
FNDA:6,(anonymous_18)
FNDA:6,(anonymous_19)
FNDA:6,(anonymous_20)
FNDA:6,(anonymous_21)
FNDA:2,(anonymous_22)
FNDA:2,(anonymous_23)
FNDA:0,(anonymous_24)
FNDA:2,(anonymous_25)
FNDA:3,Avatar
FNDA:3,render
FNDA:2,(anonymous_28)
DA:1,2
DA:2,2
DA:3,2
DA:4,2
DA:5,2
DA:6,2
DA:7,12
DA:12,2
DA:16,2
DA:17,6
DA:18,6
DA:19,6
DA:20,6
DA:27,2
DA:28,2
DA:29,2
DA:32,2
DA:33,0
DA:41,3
DA:45,3
DA:48,3
DA:57,3
DA:58,0
DA:69,3
DA:76,3
DA:77,0
DA:86,3
DA:87,2
DA:97,1
DA:105,2
DA:108,2
DA:120,2
DA:126,2
LF:33
LH:30
BRDA:7,0,0,6
BRDA:7,0,1,6
BRDA:7,1,0,12
BRDA:7,1,1,12
BRDA:7,2,0,0
BRDA:7,2,1,3
BRDA:7,3,0,2
BRDA:7,3,1,2
BRDA:7,4,0,2
BRDA:7,4,1,0
BRDA:7,5,0,2
BRDA:7,5,1,0
BRDA:7,6,0,0
BRDA:7,6,1,2
BRDA:7,7,0,0
BRDA:7,7,1,3
BRDA:7,8,0,3
BRDA:7,8,1,0
BRDA:7,8,2,0
BRDA:7,9,0,0
BRDA:7,9,1,3
BRDA:7,10,0,2
BRDA:7,10,1,0
BRDA:7,11,0,0
BRDA:7,11,1,0
BRDA:7,12,0,0
BRDA:7,12,1,2
BRDA:7,13,0,2
BRDA:7,13,1,0
BRDA:7,14,0,2
BRDA:7,14,1,2
BRDA:7,15,0,2
BRDA:7,15,1,0
BRDA:7,16,0,2
BRDA:7,16,1,0
BRDA:7,17,0,6
BRDA:7,17,1,0
BRDA:20,18,0,6
BRDA:20,18,1,4
BRDA:48,19,0,0
BRDA:48,19,1,3
BRDA:48,20,0,3
BRDA:48,20,1,0
BRDA:48,20,2,0
BRDA:48,20,3,0
BRDA:57,21,0,0
BRDA:57,21,1,3
BRDA:69,22,0,3
BRDA:69,22,1,0
BRDA:69,22,2,0
BRDA:69,22,3,0
BRDA:69,22,4,0
BRDA:76,23,0,0
BRDA:76,23,1,3
BRDA:86,24,0,2
BRDA:86,24,1,1
BRDA:86,25,0,3
BRDA:86,25,1,2
BRF:58
BRH:32
end_of_record
TN:
SF:/home/fede/Workspace/cruijff/App/Components/Common/Avatar/stories.js
FN:5,_interopRequireDefault
FN:8,(anonymous_1)
FN:13,(anonymous_2)
FN:20,(anonymous_3)
FN:23,(anonymous_4)
FNF:5
FNH:5
FNDA:3,_interopRequireDefault
FNDA:1,(anonymous_1)
FNDA:1,(anonymous_2)
FNDA:1,(anonymous_3)
FNDA:1,(anonymous_4)
DA:1,1
DA:2,1
DA:3,1
DA:4,1
DA:5,3
DA:7,1
DA:8,1
DA:13,1
DA:20,1
DA:23,1
LF:10
LH:10
BRDA:5,0,0,2
BRDA:5,0,1,1
BRDA:5,1,0,3
BRDA:5,1,1,3
BRDA:14,2,0,1
BRDA:14,2,1,0
BRDA:14,3,0,1
BRDA:14,3,1,0
BRF:8
BRH:6
end_of_record
TN:
SF:/home/fede/Workspace/cruijff/App/Components/Common/Avatar/utils.js
FN:1,userToInitials
FN:9,convertS3ToImgix
FNF:2
FNH:0
FNDA:0,userToInitials
FNDA:0,convertS3ToImgix
DA:1,2
DA:2,0
DA:3,0
DA:6,0
DA:7,2
DA:9,2
DA:18,2
LF:7
LH:4
BRDA:2,0,0,0
BRDA:2,0,1,0
BRDA:2,1,0,0
BRDA:2,1,1,0
BRDA:2,1,2,0
BRDA:10,2,0,0
BRDA:10,2,1,0
BRDA:14,3,0,0
BRDA:14,3,1,0
BRF:9
BRH:0
end_of_record
TN:
SF:/home/fede/Workspace/cruijff/App/Components/Common/AvatarPicker/index.js
FN:6,_interopRequireDefault
FN:11,AvatarPicker
FN:13,(anonymous_2)
FN:28,onSuccessHook
FN:29,(anonymous_4)
FN:45,onUploadSuccess
FNF:6
FNH:1
FNDA:5,_interopRequireDefault
FNDA:0,AvatarPicker
FNDA:0,(anonymous_2)
FNDA:0,onSuccessHook
FNDA:0,(anonymous_4)
FNDA:0,onUploadSuccess
DA:1,1
DA:2,1
DA:3,1
DA:4,1
DA:5,1
DA:6,5
DA:11,1
DA:14,0
DA:15,0
DA:16,0
DA:17,0
DA:18,0
DA:19,0
DA:29,0
DA:31,0
DA:39,1
DA:44,1
DA:48,1
LF:18
LH:10
BRDA:6,0,0,3
BRDA:6,0,1,2
BRDA:6,1,0,5
BRDA:6,1,1,5
BRF:4
BRH:4
end_of_record
TN:
SF:/home/fede/Workspace/cruijff/App/Components/Common/AvatarPicker/stories.js
FN:5,_interopRequireDefault
FN:8,(anonymous_1)
FN:13,(anonymous_2)
FNF:3
FNH:3
FNDA:3,_interopRequireDefault
FNDA:1,(anonymous_1)
FNDA:1,(anonymous_2)
DA:1,1
DA:2,1
DA:3,1
DA:4,1
DA:5,3
DA:7,1
DA:8,1
DA:13,1
LF:8
LH:8
BRDA:5,0,0,2
BRDA:5,0,1,1
BRDA:5,1,0,3
BRDA:5,1,1,3
BRDA:14,2,0,1
BRDA:14,2,1,0
BRDA:14,3,0,1
BRDA:14,3,1,0
BRF:8
BRH:6
end_of_record
TN:
SF:/home/fede/Workspace/cruijff/App/Components/Common/AvatarPickerForm/index.js
FN:14,_interopRequireDefault
FN:14,_extends
FN:14,(anonymous_2)
FN:14,_classCallCheck
FN:14,_defineProperties
FN:14,_createClass
FN:14,_possibleConstructorReturn
FN:14,_assertThisInitialized
FN:14,_getPrototypeOf
FN:14,_getPrototypeOf
FN:14,_inherits
FN:14,_setPrototypeOf
FN:14,_setPrototypeOf
FN:14,_templateObject
FN:14,_templateObject
FN:14,_taggedTemplateLiteralLoose
FN:27,(anonymous_16)
FN:28,AvatarPickerForm
FN:42,(anonymous_18)
FN:46,(anonymous_19)
FN:75,(anonymous_20)
FN:102,render
FN:145,onBeforeHook
FN:146,onClientCancelHook
FN:147,onClientErrorHook
FN:148,onSuccessHook
FNF:26
FNH:8
FNDA:13,_interopRequireDefault
FNDA:0,_extends
FNDA:0,(anonymous_2)
FNDA:0,_classCallCheck
FNDA:1,_defineProperties
FNDA:1,_createClass
FNDA:0,_possibleConstructorReturn
FNDA:0,_assertThisInitialized
FNDA:0,_getPrototypeOf
FNDA:0,_getPrototypeOf
FNDA:1,_inherits
FNDA:1,_setPrototypeOf
FNDA:0,_setPrototypeOf
FNDA:1,_templateObject
FNDA:0,_templateObject
FNDA:1,_taggedTemplateLiteralLoose
FNDA:1,(anonymous_16)
FNDA:0,AvatarPickerForm
FNDA:0,(anonymous_18)
FNDA:0,(anonymous_19)
FNDA:0,(anonymous_20)
FNDA:0,render
FNDA:0,onBeforeHook
FNDA:0,onClientCancelHook
FNDA:0,onClientErrorHook
FNDA:0,onSuccessHook
DA:1,1
DA:2,1
DA:3,1
DA:4,1
DA:5,1
DA:6,1
DA:7,1
DA:8,1
DA:9,1
DA:10,1
DA:11,1
DA:12,1
DA:13,1
DA:14,13
DA:19,1
DA:27,1
DA:28,0
DA:29,0
DA:43,0
DA:44,0
DA:52,0
DA:56,0
DA:57,0
DA:59,0
DA:60,0
DA:64,0
DA:66,0
DA:75,0
DA:76,0
DA:78,0
DA:79,0
DA:80,0
DA:81,0
DA:82,0
DA:85,0
DA:86,0
DA:87,0
DA:88,0
DA:89,0
DA:91,0
DA:95,0
DA:96,0
DA:99,0
DA:102,1
DA:105,0
DA:106,0
DA:109,0
DA:112,0
DA:114,0
DA:131,1
DA:134,1
DA:143,1
DA:151,1
LF:53
LH:21
BRDA:14,0,0,9
BRDA:14,0,1,4
BRDA:14,1,0,13
BRDA:14,1,1,13
BRDA:14,2,0,0
BRDA:14,2,1,0
BRDA:14,3,0,0
BRDA:14,3,1,0
BRDA:14,4,0,0
BRDA:14,4,1,0
BRDA:14,5,0,1
BRDA:14,5,1,1
BRDA:14,6,0,1
BRDA:14,6,1,0
BRDA:14,7,0,1
BRDA:14,7,1,0
BRDA:14,8,0,0
BRDA:14,8,1,1
BRDA:14,9,0,0
BRDA:14,9,1,0
BRDA:14,10,0,0
BRDA:14,10,1,0
BRDA:14,10,2,0
BRDA:14,11,0,0
BRDA:14,11,1,0
BRDA:14,12,0,0
BRDA:14,12,1,0
BRDA:14,13,0,0
BRDA:14,13,1,0
BRDA:14,14,0,0
BRDA:14,14,1,1
BRDA:14,15,0,1
BRDA:14,15,1,0
BRDA:14,16,0,1
BRDA:14,16,1,1
BRDA:14,17,0,1
BRDA:14,17,1,0
BRDA:14,18,0,1
BRDA:14,18,1,0
BRDA:14,19,0,1
BRDA:14,19,1,0
BRDA:78,20,0,0
BRDA:78,20,1,0
BRDA:81,21,0,0
BRDA:81,21,1,0
BRDA:87,22,0,0
BRDA:87,22,1,0
BRDA:102,23,0,0
BRDA:102,23,1,0
BRDA:119,24,0,0
BRDA:119,24,1,0
BRDA:119,24,2,0
BRF:52
BRH:16
end_of_record
TN:
SF:/home/fede/Workspace/cruijff/App/Components/Common/Block/index.js
FN:3,_interopRequireDefault
FN:3,_templateObject
FN:3,_templateObject
FN:3,_taggedTemplateLiteralLoose
FN:9,(anonymous_4)
FN:10,(anonymous_5)
FN:11,(anonymous_6)
FNF:7
FNH:6
FNDA:15,_interopRequireDefault
FNDA:5,_templateObject
FNDA:0,_templateObject
FNDA:5,_taggedTemplateLiteralLoose
FNDA:198,(anonymous_4)
FNDA:198,(anonymous_5)
FNDA:198,(anonymous_6)
DA:1,5
DA:2,5
DA:3,15
DA:8,5
DA:9,198
DA:10,198
DA:11,198
DA:14,5
DA:20,5
DA:26,5
LF:10
LH:10
BRDA:3,0,0,10
BRDA:3,0,1,5
BRDA:3,1,0,15
BRDA:3,1,1,15
BRDA:3,2,0,5
BRDA:3,2,1,0
BRDA:9,3,0,28
BRDA:9,3,1,170
BRDA:10,4,0,4
BRDA:10,4,1,194
BRF:10
BRH:9
end_of_record
TN:
SF:/home/fede/Workspace/cruijff/App/Components/Common/Block/stories.js
FN:6,_interopRequireDefault
FN:9,(anonymous_1)
FN:14,(anonymous_2)
FN:20,(anonymous_3)
FNF:4
FNH:4
FNDA:4,_interopRequireDefault
FNDA:1,(anonymous_1)
FNDA:1,(anonymous_2)
FNDA:1,(anonymous_3)
DA:1,1
DA:2,1
DA:3,1
DA:4,1
DA:5,1
DA:6,4
DA:8,1
DA:9,1
DA:14,1
DA:20,1
LF:10
LH:10
BRDA:6,0,0,3
BRDA:6,0,1,1
BRDA:6,1,0,4
BRDA:6,1,1,4
BRF:4
BRH:4
end_of_record
TN:
SF:/home/fede/Workspace/cruijff/App/Components/Common/Calendar/index.js
FN:6,_interopRequireDefault
FN:6,_extends
FN:6,(anonymous_2)
FN:6,_defineProperty
FN:6,_objectWithoutProperties
FN:6,_objectWithoutPropertiesLoose
FN:43,Calendar
FN:61,renderArrow
FN:70,onDayPress
FNF:9
FNH:8
FNDA:15,_interopRequireDefault
FNDA:2,_extends
FNDA:0,(anonymous_2)
FNDA:2,_defineProperty
FNDA:6,_objectWithoutProperties
FNDA:6,_objectWithoutPropertiesLoose
FNDA:6,Calendar
FNDA:8,renderArrow
FNDA:30,onDayPress
DA:1,3
DA:2,3
DA:3,3
DA:4,3
DA:5,3
DA:6,15
DA:12,3
DA:19,3
DA:43,6
DA:44,6
DA:45,2
DA:49,4
DA:56,4
DA:61,8
DA:73,30
DA:81,3
DA:86,3
DA:89,3
LF:18
LH:18
BRDA:6,0,0,6
BRDA:6,0,1,9
BRDA:6,1,0,15
BRDA:6,1,1,15
BRDA:6,2,0,2
BRDA:6,2,1,0
BRDA:6,3,0,0
BRDA:6,3,1,0
BRDA:6,4,0,0
BRDA:6,4,1,2
BRDA:6,5,0,0
BRDA:6,5,1,6
BRDA:6,6,0,6
BRDA:6,6,1,0
BRDA:6,7,0,0
BRDA:6,7,1,0
BRDA:6,8,0,0
BRDA:6,8,1,0
BRDA:6,9,0,0
BRDA:6,9,1,6
BRDA:6,10,0,9
BRDA:6,10,1,1
BRDA:44,11,0,2
BRDA:44,11,1,4
BRDA:44,12,0,6
BRDA:44,12,1,4
BRDA:44,12,2,3
BRDA:49,13,0,2
BRDA:49,13,1,2
BRDA:69,14,0,4
BRDA:69,14,1,2
BRF:31
BRH:20
end_of_record
TN:
SF:/home/fede/Workspace/cruijff/App/Components/Common/Calendar/stories.js
FN:4,_interopRequireDefault
FN:4,_classCallCheck
FN:4,_defineProperties
FN:4,_createClass
FN:4,_possibleConstructorReturn
FN:4,_assertThisInitialized
FN:4,_getPrototypeOf
FN:4,_getPrototypeOf
FN:4,_inherits
FN:4,_setPrototypeOf
FN:4,_setPrototypeOf
FN:6,(anonymous_11)
FN:6,Container
FN:11,(anonymous_13)
FN:14,render
FN:33,(anonymous_15)
FNF:16
FNH:13
FNDA:2,_interopRequireDefault
FNDA:1,_classCallCheck
FNDA:1,_defineProperties
FNDA:1,_createClass
FNDA:1,_possibleConstructorReturn
FNDA:1,_assertThisInitialized
FNDA:1,_getPrototypeOf
FNDA:0,_getPrototypeOf
FNDA:1,_inherits
FNDA:1,_setPrototypeOf
FNDA:0,_setPrototypeOf
FNDA:1,(anonymous_11)
FNDA:1,Container
FNDA:0,(anonymous_13)
FNDA:1,render
FNDA:1,(anonymous_15)
DA:1,1
DA:2,1
DA:3,1
DA:4,2
DA:6,2
DA:8,1
DA:12,0
DA:13,0
DA:14,1
DA:17,1
DA:19,1
DA:29,1
DA:32,1
DA:33,1
LF:14
LH:12
BRDA:4,0,0,1
BRDA:4,0,1,1
BRDA:4,1,0,2
BRDA:4,1,1,2
BRDA:4,2,0,0
BRDA:4,2,1,1
BRDA:4,3,0,1
BRDA:4,3,1,1
BRDA:4,4,0,1
BRDA:4,4,1,0
BRDA:4,5,0,1
BRDA:4,5,1,0
BRDA:4,6,0,0
BRDA:4,6,1,1
BRDA:4,7,0,0
BRDA:4,7,1,1
BRDA:4,8,0,1
BRDA:4,8,1,0
BRDA:4,8,2,0
BRDA:4,9,0,0
BRDA:4,9,1,1
BRDA:4,10,0,1
BRDA:4,10,1,0
BRDA:4,11,0,0
BRDA:4,11,1,0
BRDA:4,12,0,0
BRDA:4,12,1,1
BRDA:4,13,0,1
BRDA:4,13,1,0
BRDA:4,14,0,1
BRDA:4,14,1,1
BRDA:4,15,0,1
BRDA:4,15,1,0
BRDA:4,16,0,1
BRDA:4,16,1,0
BRDA:21,17,0,1
BRDA:21,17,1,0
BRDA:21,17,2,1
BRF:38
BRH:22
end_of_record
TN:
SF:/home/fede/Workspace/cruijff/App/Components/Common/CapacityPicker/index.js
FN:9,_interopRequireDefault
FN:9,_templateObject
FN:9,_templateObject
FN:9,_taggedTemplateLiteralLoose
FN:29,CapacityPicker
FN:36,(anonymous_5)
FN:41,(anonymous_6)
FN:48,onPress
FN:88,onBtnPress
FN:89,onIncrease
FN:90,onDecrease
FNF:11
FNH:6
FNDA:16,_interopRequireDefault
FNDA:2,_templateObject
FNDA:0,_templateObject
FNDA:2,_taggedTemplateLiteralLoose
FNDA:2,CapacityPicker
FNDA:6,(anonymous_5)
FNDA:18,(anonymous_6)
FNDA:0,onPress
FNDA:0,onBtnPress
FNDA:0,onIncrease
FNDA:0,onDecrease
DA:1,2
DA:2,2
DA:3,2
DA:4,2
DA:5,2
DA:6,2
DA:7,2
DA:8,2
DA:9,16
DA:14,2
DA:22,2
DA:29,2
DA:30,2
DA:31,2
DA:32,2
DA:33,2
DA:36,6
DA:41,18
DA:48,0
DA:79,2
DA:86,2
DA:93,2
LF:22
LH:21
BRDA:9,0,0,12
BRDA:9,0,1,4
BRDA:9,1,0,16
BRDA:9,1,1,16
BRDA:9,2,0,2
BRDA:9,2,1,0
BRDA:45,3,0,1
BRDA:45,3,1,17
BRDA:67,4,0,2
BRDA:67,4,1,1
BRF:10
BRH:9
end_of_record
TN:
SF:/home/fede/Workspace/cruijff/App/Components/Common/CapacityPicker/stories.js
FN:3,_interopRequireDefault
FN:3,_classCallCheck
FN:3,_defineProperties
FN:3,_createClass
FN:3,_possibleConstructorReturn
FN:3,_assertThisInitialized
FN:3,_getPrototypeOf
FN:3,_getPrototypeOf
FN:3,_inherits
FN:3,_setPrototypeOf
FN:3,_setPrototypeOf
FN:5,(anonymous_11)
FN:5,Container
FN:8,(anonymous_13)
FN:12,(anonymous_14)
FN:13,(anonymous_15)
FN:18,(anonymous_16)
FN:19,(anonymous_17)
FN:22,render
FN:39,(anonymous_19)
FNF:20
FNH:13
FNDA:2,_interopRequireDefault
FNDA:1,_classCallCheck
FNDA:1,_defineProperties
FNDA:1,_createClass
FNDA:1,_possibleConstructorReturn
FNDA:1,_assertThisInitialized
FNDA:1,_getPrototypeOf
FNDA:0,_getPrototypeOf
FNDA:1,_inherits
FNDA:1,_setPrototypeOf
FNDA:0,_setPrototypeOf
FNDA:1,(anonymous_11)
FNDA:1,Container
FNDA:0,(anonymous_13)
FNDA:0,(anonymous_14)
FNDA:0,(anonymous_15)
FNDA:0,(anonymous_16)
FNDA:0,(anonymous_17)
FNDA:1,render
FNDA:1,(anonymous_19)
DA:1,1
DA:2,1
DA:3,2
DA:5,2
DA:6,1
DA:9,0
DA:10,1
DA:13,0
DA:16,1
DA:19,0
DA:22,1
DA:25,1
DA:27,1
DA:35,1
DA:38,1
DA:39,1
LF:16
LH:13
BRDA:3,0,0,1
BRDA:3,0,1,1
BRDA:3,1,0,2
BRDA:3,1,1,2
BRDA:3,2,0,0
BRDA:3,2,1,1
BRDA:3,3,0,1
BRDA:3,3,1,1
BRDA:3,4,0,1
BRDA:3,4,1,0
BRDA:3,5,0,1
BRDA:3,5,1,0
BRDA:3,6,0,0
BRDA:3,6,1,1
BRDA:3,7,0,0
BRDA:3,7,1,1
BRDA:3,8,0,1
BRDA:3,8,1,0
BRDA:3,8,2,0
BRDA:3,9,0,0
BRDA:3,9,1,1
BRDA:3,10,0,1
BRDA:3,10,1,0
BRDA:3,11,0,0
BRDA:3,11,1,0
BRDA:3,12,0,0
BRDA:3,12,1,1
BRDA:3,13,0,1
BRDA:3,13,1,0
BRDA:3,14,0,1
BRDA:3,14,1,1
BRDA:3,15,0,1
BRDA:3,15,1,0
BRDA:3,16,0,1
BRDA:3,16,1,0
BRDA:20,17,0,0
BRDA:20,17,1,0
BRF:37
BRH:20
end_of_record
TN:
SF:/home/fede/Workspace/cruijff/App/Components/Common/CapacityPickerField/index.js
FN:5,_interopRequireDefault
FN:5,_extends
FN:5,(anonymous_2)
FN:5,_objectWithoutProperties
FN:5,_objectWithoutPropertiesLoose
FN:10,CapacityPickerField
FN:12,(anonymous_6)
FN:26,onSelect
FN:46,onChange
FNF:9
FNH:6
FNDA:10,_interopRequireDefault
FNDA:2,_extends
FNDA:0,(anonymous_2)
FNDA:5,_objectWithoutProperties
FNDA:5,_objectWithoutPropertiesLoose
FNDA:5,CapacityPickerField
FNDA:5,(anonymous_6)
FNDA:0,onSelect
FNDA:0,onChange
DA:1,2
DA:2,2
DA:3,2
DA:4,2
DA:5,36
DA:10,5
DA:12,5
DA:28,0
DA:29,0
DA:38,2
DA:44,2
DA:49,2
LF:12
LH:10
BRDA:5,0,0,6
BRDA:5,0,1,4
BRDA:5,1,0,10
BRDA:5,1,1,10
BRDA:5,2,0,2
BRDA:5,2,1,0
BRDA:5,3,0,0
BRDA:5,3,1,0
BRDA:5,4,0,0
BRDA:5,4,1,5
BRDA:5,5,0,5
BRDA:5,5,1,0
BRDA:5,6,0,0
BRDA:5,6,1,0
BRDA:5,7,0,0
BRDA:5,7,1,0
BRDA:5,8,0,0
BRDA:5,8,1,5
BRDA:5,9,0,10
BRDA:5,9,1,26
BRDA:16,10,0,1
BRDA:16,10,1,4
BRDA:21,11,0,5
BRDA:21,11,1,0
BRF:24
BRH:13
end_of_record
TN:
SF:/home/fede/Workspace/cruijff/App/Components/Common/CapacityPickerField/stories.js
FN:6,_interopRequireDefault
FN:6,_classCallCheck
FN:6,_defineProperties
FN:6,_createClass
FN:6,_possibleConstructorReturn
FN:6,_assertThisInitialized
FN:6,_getPrototypeOf
FN:6,_getPrototypeOf
FN:6,_inherits
FN:6,_setPrototypeOf
FN:6,_setPrototypeOf
FN:8,(anonymous_11)
FN:8,Container
FN:11,(anonymous_13)
FN:13,render
FN:56,(anonymous_15)
FN:59,(anonymous_16)
FN:62,(anonymous_17)
FN:67,(anonymous_18)
FNF:19
FNH:16
FNDA:5,_interopRequireDefault
FNDA:4,_classCallCheck
FNDA:1,_defineProperties
FNDA:1,_createClass
FNDA:4,_possibleConstructorReturn
FNDA:4,_assertThisInitialized
FNDA:1,_getPrototypeOf
FNDA:0,_getPrototypeOf
FNDA:1,_inherits
FNDA:1,_setPrototypeOf
FNDA:0,_setPrototypeOf
FNDA:1,(anonymous_11)
FNDA:4,Container
FNDA:0,(anonymous_13)
FNDA:4,render
FNDA:1,(anonymous_15)
FNDA:1,(anonymous_16)
FNDA:1,(anonymous_17)
FNDA:1,(anonymous_18)
DA:1,1
DA:2,1
DA:3,1
DA:4,1
DA:5,1
DA:6,5
DA:8,8
DA:9,4
DA:12,0
DA:13,4
DA:22,4
DA:23,4
DA:25,4
DA:36,1
DA:39,1
DA:47,1
DA:55,1
DA:56,1
DA:59,1
DA:62,1
DA:67,1
LF:21
LH:20
BRDA:6,0,0,3
BRDA:6,0,1,2
BRDA:6,1,0,5
BRDA:6,1,1,5
BRDA:6,2,0,0
BRDA:6,2,1,4
BRDA:6,3,0,1
BRDA:6,3,1,1
BRDA:6,4,0,1
BRDA:6,4,1,0
BRDA:6,5,0,1
BRDA:6,5,1,0
BRDA:6,6,0,0
BRDA:6,6,1,1
BRDA:6,7,0,0
BRDA:6,7,1,4
BRDA:6,8,0,4
BRDA:6,8,1,0
BRDA:6,8,2,0
BRDA:6,9,0,0
BRDA:6,9,1,4
BRDA:6,10,0,1
BRDA:6,10,1,0
BRDA:6,11,0,0
BRDA:6,11,1,0
BRDA:6,12,0,0
BRDA:6,12,1,1
BRDA:6,13,0,1
BRDA:6,13,1,0
BRDA:6,14,0,1
BRDA:6,14,1,1
BRDA:6,15,0,1
BRDA:6,15,1,0
BRDA:6,16,0,1
BRDA:6,16,1,0
BRF:35
BRH:20
end_of_record
TN:
SF:/home/fede/Workspace/cruijff/App/Components/Common/CappedList/index.js
FN:3,_interopRequireDefault
FN:3,_toConsumableArray
FN:3,_nonIterableSpread
FN:3,_iterableToArray
FN:3,_arrayWithoutHoles
FN:3,_objectSpread
FN:3,(anonymous_6)
FN:3,(anonymous_7)
FN:3,_defineProperty
FN:5,CappedList
FN:8,itemMapper
FN:9,(anonymous_11)
FN:41,propsMap
FN:43,ItemSeparatorComponent
FNF:14
FNH:11
FNDA:6,_interopRequireDefault
FNDA:3,_toConsumableArray
FNDA:0,_nonIterableSpread
FNDA:0,_iterableToArray
FNDA:3,_arrayWithoutHoles
FNDA:12,_objectSpread
FNDA:0,(anonymous_6)
FNDA:9,(anonymous_7)
FNDA:9,_defineProperty
FNDA:5,CappedList
FNDA:5,itemMapper
FNDA:12,(anonymous_11)
FNDA:5,propsMap
FNDA:9,ItemSeparatorComponent
DA:1,3
DA:2,3
DA:3,12
DA:5,3
DA:7,5
DA:8,5
DA:9,12
DA:15,5
DA:16,2
DA:19,3
DA:21,3
DA:30,3
DA:40,3
DA:41,5
DA:43,9
DA:46,3
LF:16
LH:16
BRDA:3,0,0,0
BRDA:3,0,1,6
BRDA:3,1,0,6
BRDA:3,1,1,6
BRDA:3,2,0,3
BRDA:3,2,1,0
BRDA:3,2,2,0
BRDA:3,3,0,0
BRDA:3,3,1,0
BRDA:3,4,0,0
BRDA:3,4,1,0
BRDA:3,5,0,0
BRDA:3,5,1,0
BRDA:3,6,0,3
BRDA:3,6,1,0
BRDA:3,7,0,12
BRDA:3,7,1,0
BRDA:3,8,0,12
BRDA:3,8,1,0
BRDA:3,9,0,0
BRDA:3,9,1,9
BRDA:11,10,0,12
BRDA:11,10,1,9
BRDA:15,11,0,2
BRDA:15,11,1,3
BRDA:19,12,0,2
BRDA:19,12,1,1
BRDA:23,13,0,2
BRDA:23,13,1,1
BRF:29
BRH:16
end_of_record
TN:
SF:/home/fede/Workspace/cruijff/App/Components/Common/Checkbox/index.js
FN:5,_interopRequireDefault
FN:5,_extends
FN:5,(anonymous_2)
FN:5,_objectWithoutProperties
FN:5,_objectWithoutPropertiesLoose
FN:13,Checkbox
FNF:6
FNH:5
FNDA:4,_interopRequireDefault
FNDA:1,_extends
FNDA:0,(anonymous_2)
FNDA:6,_objectWithoutProperties
FNDA:6,_objectWithoutPropertiesLoose
FNDA:6,Checkbox
DA:1,1
DA:2,1
DA:3,1
DA:4,1
DA:5,18
DA:13,6
DA:14,6
DA:17,6
DA:25,6
DA:32,6
DA:39,1
DA:45,1
DA:50,1
LF:13
LH:13
BRDA:5,0,0,2
BRDA:5,0,1,2
BRDA:5,1,0,4
BRDA:5,1,1,4
BRDA:5,2,0,1
BRDA:5,2,1,0
BRDA:5,3,0,0
BRDA:5,3,1,0
BRDA:5,4,0,0
BRDA:5,4,1,6
BRDA:5,5,0,6
BRDA:5,5,1,0
BRDA:5,6,0,0
BRDA:5,6,1,0
BRDA:5,7,0,0
BRDA:5,7,1,0
BRDA:5,8,0,0
BRDA:5,8,1,6
BRDA:5,9,0,12
BRDA:5,9,1,6
BRDA:20,10,0,5
BRDA:20,10,1,1
BRDA:34,11,0,1
BRDA:34,11,1,5
BRF:24
BRH:14
end_of_record
TN:
SF:/home/fede/Workspace/cruijff/App/Components/Common/Checkbox/stories.js
FN:5,_interopRequireDefault
FN:5,_classCallCheck
FN:5,_defineProperties
FN:5,_createClass
FN:5,_possibleConstructorReturn
FN:5,_assertThisInitialized
FN:5,_getPrototypeOf
FN:5,_getPrototypeOf
FN:5,_inherits
FN:5,_setPrototypeOf
FN:5,_setPrototypeOf
FN:5,_templateObject
FN:5,_templateObject
FN:5,_taggedTemplateLiteralLoose
FN:13,(anonymous_14)
FN:13,Container
FN:15,render
FN:27,onPress
FN:45,(anonymous_18)
FN:46,(anonymous_19)
FNF:20
FNH:16
FNDA:4,_interopRequireDefault
FNDA:2,_classCallCheck
FNDA:1,_defineProperties
FNDA:1,_createClass
FNDA:2,_possibleConstructorReturn
FNDA:2,_assertThisInitialized
FNDA:1,_getPrototypeOf
FNDA:0,_getPrototypeOf
FNDA:1,_inherits
FNDA:1,_setPrototypeOf
FNDA:0,_setPrototypeOf
FNDA:1,_templateObject
FNDA:0,_templateObject
FNDA:1,_taggedTemplateLiteralLoose
FNDA:1,(anonymous_14)
FNDA:2,Container
FNDA:2,render
FNDA:0,onPress
FNDA:1,(anonymous_18)
FNDA:1,(anonymous_19)
DA:1,1
DA:2,1
DA:3,1
DA:4,1
DA:5,4
DA:7,1
DA:13,4
DA:15,2
DA:18,2
DA:19,2
DA:20,2
DA:22,2
DA:28,0
DA:33,1
DA:36,1
DA:40,1
DA:44,1
DA:45,1
DA:46,1
LF:19
LH:18
BRDA:5,0,0,2
BRDA:5,0,1,2
BRDA:5,1,0,4
BRDA:5,1,1,4
BRDA:5,2,0,0
BRDA:5,2,1,2
BRDA:5,3,0,1
BRDA:5,3,1,1
BRDA:5,4,0,1
BRDA:5,4,1,0
BRDA:5,5,0,1
BRDA:5,5,1,0
BRDA:5,6,0,0
BRDA:5,6,1,1
BRDA:5,7,0,0
BRDA:5,7,1,2
BRDA:5,8,0,2
BRDA:5,8,1,0
BRDA:5,8,2,0
BRDA:5,9,0,0
BRDA:5,9,1,2
BRDA:5,10,0,1
BRDA:5,10,1,0
BRDA:5,11,0,0
BRDA:5,11,1,0
BRDA:5,12,0,0
BRDA:5,12,1,1
BRDA:5,13,0,1
BRDA:5,13,1,0
BRDA:5,14,0,1
BRDA:5,14,1,1
BRDA:5,15,0,1
BRDA:5,15,1,0
BRDA:5,16,0,1
BRDA:5,16,1,0
BRDA:5,17,0,1
BRDA:5,17,1,0
BRF:37
BRH:21
end_of_record
TN:
SF:/home/fede/Workspace/cruijff/App/Components/Common/DatePickerField/index.js
FN:7,_interopRequireDefault
FN:7,_extends
FN:7,(anonymous_2)
FN:7,_objectWithoutProperties
FN:7,_objectWithoutPropertiesLoose
FN:13,DatePickerField
FN:20,(anonymous_6)
FN:34,onSelect
FN:55,onChange
FNF:9
FNH:6
FNDA:14,_interopRequireDefault
FNDA:2,_extends
FNDA:0,(anonymous_2)
FNDA:4,_objectWithoutProperties
FNDA:4,_objectWithoutPropertiesLoose
FNDA:4,DatePickerField
FNDA:4,(anonymous_6)
FNDA:0,onSelect
FNDA:0,onChange
DA:1,2
DA:2,2
DA:3,2
DA:4,2
DA:5,2
DA:6,2
DA:7,31
DA:13,2
DA:14,4
DA:15,4
DA:16,4
DA:17,4
DA:20,4
DA:36,0
DA:37,0
DA:46,2
DA:53,2
DA:59,2
LF:18
LH:16
BRDA:7,0,0,8
BRDA:7,0,1,6
BRDA:7,1,0,14
BRDA:7,1,1,14
BRDA:7,2,0,2
BRDA:7,2,1,0
BRDA:7,3,0,0
BRDA:7,3,1,0
BRDA:7,4,0,0
BRDA:7,4,1,4
BRDA:7,5,0,4
BRDA:7,5,1,0
BRDA:7,6,0,0
BRDA:7,6,1,0
BRDA:7,7,0,0
BRDA:7,7,1,0
BRDA:7,8,0,0
BRDA:7,8,1,4
BRDA:7,9,0,12
BRDA:7,9,1,19
BRDA:24,10,0,1
BRDA:24,10,1,3
BRDA:29,11,0,4
BRDA:29,11,1,0
BRF:24
BRH:13
end_of_record
TN:
SF:/home/fede/Workspace/cruijff/App/Components/Common/DatePickerField/stories.js
FN:6,_interopRequireDefault
FN:6,_classCallCheck
FN:6,_defineProperties
FN:6,_createClass
FN:6,_possibleConstructorReturn
FN:6,_assertThisInitialized
FN:6,_getPrototypeOf
FN:6,_getPrototypeOf
FN:6,_inherits
FN:6,_setPrototypeOf
FN:6,_setPrototypeOf
FN:8,(anonymous_11)
FN:8,Container
FN:11,(anonymous_13)
FN:13,render
FN:56,(anonymous_15)
FN:59,(anonymous_16)
FN:64,(anonymous_17)
FNF:18
FNH:15
FNDA:5,_interopRequireDefault
FNDA:3,_classCallCheck
FNDA:1,_defineProperties
FNDA:1,_createClass
FNDA:3,_possibleConstructorReturn
FNDA:3,_assertThisInitialized
FNDA:1,_getPrototypeOf
FNDA:0,_getPrototypeOf
FNDA:1,_inherits
FNDA:1,_setPrototypeOf
FNDA:0,_setPrototypeOf
FNDA:1,(anonymous_11)
FNDA:3,Container
FNDA:0,(anonymous_13)
FNDA:3,render
FNDA:1,(anonymous_15)
FNDA:1,(anonymous_16)
FNDA:1,(anonymous_17)
DA:1,1
DA:2,1
DA:3,1
DA:4,1
DA:5,1
DA:6,5
DA:8,6
DA:9,3
DA:12,0
DA:13,3
DA:22,3
DA:23,3
DA:25,3
DA:36,1
DA:39,1
DA:47,1
DA:55,1
DA:56,1
DA:59,1
DA:64,1
LF:20
LH:19
BRDA:6,0,0,3
BRDA:6,0,1,2
BRDA:6,1,0,5
BRDA:6,1,1,5
BRDA:6,2,0,0
BRDA:6,2,1,3
BRDA:6,3,0,1
BRDA:6,3,1,1
BRDA:6,4,0,1
BRDA:6,4,1,0
BRDA:6,5,0,1
BRDA:6,5,1,0
BRDA:6,6,0,0
BRDA:6,6,1,1
BRDA:6,7,0,0
BRDA:6,7,1,3
BRDA:6,8,0,3
BRDA:6,8,1,0
BRDA:6,8,2,0
BRDA:6,9,0,0
BRDA:6,9,1,3
BRDA:6,10,0,1
BRDA:6,10,1,0
BRDA:6,11,0,0
BRDA:6,11,1,0
BRDA:6,12,0,0
BRDA:6,12,1,1
BRDA:6,13,0,1
BRDA:6,13,1,0
BRDA:6,14,0,1
BRDA:6,14,1,1
BRDA:6,15,0,1
BRDA:6,15,1,0
BRDA:6,16,0,1
BRDA:6,16,1,0
BRF:35
BRH:20
end_of_record
TN:
SF:/home/fede/Workspace/cruijff/App/Components/Common/Divider/index.js
FN:3,_interopRequireDefault
FN:3,_templateObject
FN:3,_templateObject
FN:3,_taggedTemplateLiteralLoose
FN:6,(anonymous_4)
FN:7,(anonymous_5)
FN:10,(anonymous_6)
FN:11,(anonymous_7)
FNF:8
FNH:7
FNDA:9,_interopRequireDefault
FNDA:3,_templateObject
FNDA:0,_templateObject
FNDA:3,_taggedTemplateLiteralLoose
FNDA:46,(anonymous_4)
FNDA:46,(anonymous_5)
FNDA:46,(anonymous_6)
FNDA:46,(anonymous_7)
DA:1,3
DA:2,3
DA:3,9
DA:5,3
DA:6,46
DA:7,46
DA:10,46
DA:11,46
DA:16,3
DA:20,3
DA:24,3
LF:11
LH:11
BRDA:3,0,0,6
BRDA:3,0,1,3
BRDA:3,1,0,9
BRDA:3,1,1,9
BRDA:3,2,0,3
BRDA:3,2,1,0
BRDA:6,3,0,4
BRDA:6,3,1,42
BRDA:8,4,0,4
BRDA:8,4,1,42
BRDA:10,5,0,4
BRDA:10,5,1,42
BRDA:12,6,0,4
BRDA:12,6,1,42
BRF:14
BRH:13
end_of_record
TN:
SF:/home/fede/Workspace/cruijff/App/Components/Common/Divider/stories.js
FN:5,_interopRequireDefault
FN:8,(anonymous_1)
FN:15,(anonymous_2)
FNF:3
FNH:3
FNDA:3,_interopRequireDefault
FNDA:1,(anonymous_1)
FNDA:1,(anonymous_2)
DA:1,1
DA:2,1
DA:3,1
DA:4,1
DA:5,3
DA:7,1
DA:8,1
DA:15,1
LF:8
LH:8
BRDA:5,0,0,2
BRDA:5,0,1,1
BRDA:5,1,0,3
BRDA:5,1,1,3
BRF:4
BRH:4
end_of_record
TN:
SF:/home/fede/Workspace/cruijff/App/Components/Common/DotSpacer/index.js
FN:6,_interopRequireDefault
FN:6,_templateObject2
FN:6,_templateObject2
FN:6,_templateObject
FN:6,_templateObject
FN:6,_taggedTemplateLiteralLoose
FN:12,(anonymous_6)
FN:21,DotSpacer
FNF:8
FNH:6
FNDA:12,_interopRequireDefault
FNDA:2,_templateObject2
FNDA:0,_templateObject2
FNDA:2,_templateObject
FNDA:0,_templateObject
FNDA:4,_taggedTemplateLiteralLoose
FNDA:8,(anonymous_6)
FNDA:4,DotSpacer
DA:1,2
DA:2,2
DA:3,2
DA:4,2
DA:5,2
DA:6,12
DA:11,2
DA:12,8
DA:15,2
DA:21,4
DA:27,2
DA:31,2
DA:35,2
LF:13
LH:13
BRDA:6,0,0,8
BRDA:6,0,1,4
BRDA:6,1,0,12
BRDA:6,1,1,12
BRDA:6,2,0,4
BRDA:6,2,1,0
BRF:6
BRH:5
end_of_record
TN:
SF:/home/fede/Workspace/cruijff/App/Components/Common/DotSpacer/stories.js
FN:5,_interopRequireDefault
FN:8,(anonymous_1)
FN:15,(anonymous_2)
FN:22,(anonymous_3)
FNF:4
FNH:4
FNDA:3,_interopRequireDefault
FNDA:1,(anonymous_1)
FNDA:1,(anonymous_2)
FNDA:1,(anonymous_3)
DA:1,1
DA:2,1
DA:3,1
DA:4,1
DA:5,3
DA:7,1
DA:8,1
DA:15,1
DA:22,1
LF:9
LH:9
BRDA:5,0,0,2
BRDA:5,0,1,1
BRDA:5,1,0,3
BRDA:5,1,1,3
BRF:4
BRH:4
end_of_record
TN:
SF:/home/fede/Workspace/cruijff/App/Components/Common/DotSpacer/utils.js
FN:1,getPixelsFromSize
FNF:1
FNH:1
FNDA:8,getPixelsFromSize
DA:1,2
DA:2,8
DA:4,2
DA:6,4
DA:8,2
DA:10,0
DA:14,2
LF:7
LH:6
BRDA:2,0,0,2
BRDA:2,0,1,4
BRDA:2,0,2,2
BRDA:2,0,3,0
BRF:4
BRH:3
end_of_record
TN:
SF:/home/fede/Workspace/cruijff/App/Components/Common/Dropdown/index.js
FN:5,_interopRequireDefault
FN:5,_extends
FN:5,(anonymous_2)
FN:5,_objectSpread
FN:5,(anonymous_4)
FN:5,(anonymous_5)
FN:5,_defineProperty
FN:5,_objectWithoutProperties
FN:5,_objectWithoutPropertiesLoose
FN:12,Dropdown
FN:33,(anonymous_10)
FN:34,onChangeText
FN:35,(anonymous_12)
FN:52,renderAccessory
FN:88,onChangeText
FNF:15
FNH:10
FNDA:8,_interopRequireDefault
FNDA:2,_extends
FNDA:0,(anonymous_2)
FNDA:14,_objectSpread
FNDA:0,(anonymous_4)
FNDA:10,(anonymous_5)
FNDA:10,_defineProperty
FNDA:14,_objectWithoutProperties
FNDA:14,_objectWithoutPropertiesLoose
FNDA:14,Dropdown
FNDA:70,(anonymous_10)
FNDA:0,onChangeText
FNDA:0,(anonymous_12)
FNDA:14,renderAccessory
FNDA:0,onChangeText
DA:1,2
DA:2,2
DA:3,2
DA:4,2
DA:5,132
DA:12,2
DA:21,14
DA:29,14
DA:31,14
DA:33,70
DA:35,0
DA:52,14
DA:68,2
DA:84,2
DA:93,2
LF:15
LH:14
BRDA:5,0,0,4
BRDA:5,0,1,4
BRDA:5,1,0,8
BRDA:5,1,1,8
BRDA:5,2,0,2
BRDA:5,2,1,0
BRDA:5,3,0,0
BRDA:5,3,1,0
BRDA:5,4,0,14
BRDA:5,4,1,0
BRDA:5,5,0,14
BRDA:5,5,1,0
BRDA:5,6,0,0
BRDA:5,6,1,10
BRDA:5,7,0,0
BRDA:5,7,1,14
BRDA:5,8,0,14
BRDA:5,8,1,0
BRDA:5,9,0,0
BRDA:5,9,1,0
BRDA:5,10,0,0
BRDA:5,10,1,0
BRDA:5,11,0,0
BRDA:5,11,1,14
BRDA:5,12,0,98
BRDA:5,12,1,34
BRDA:60,13,0,2
BRDA:60,13,1,12
BRF:28
BRH:15
end_of_record
TN:
SF:/home/fede/Workspace/cruijff/App/Components/Common/Dropdown/stories.js
FN:6,_interopRequireDefault
FN:6,_classCallCheck
FN:6,_defineProperties
FN:6,_createClass
FN:6,_possibleConstructorReturn
FN:6,_assertThisInitialized
FN:6,_getPrototypeOf
FN:6,_getPrototypeOf
FN:6,_inherits
FN:6,_setPrototypeOf
FN:6,_setPrototypeOf
FN:20,(anonymous_11)
FN:20,Container
FN:23,(anonymous_13)
FN:26,(anonymous_14)
FN:28,render
FN:68,(anonymous_16)
FN:69,(anonymous_17)
FN:72,(anonymous_18)
FN:78,(anonymous_19)
FNF:20
FNH:16
FNDA:5,_interopRequireDefault
FNDA:4,_classCallCheck
FNDA:1,_defineProperties
FNDA:1,_createClass
FNDA:4,_possibleConstructorReturn
FNDA:4,_assertThisInitialized
FNDA:1,_getPrototypeOf
FNDA:0,_getPrototypeOf
FNDA:1,_inherits
FNDA:1,_setPrototypeOf
FNDA:0,_setPrototypeOf
FNDA:1,(anonymous_11)
FNDA:4,Container
FNDA:0,(anonymous_13)
FNDA:0,(anonymous_14)
FNDA:4,render
FNDA:1,(anonymous_16)
FNDA:1,(anonymous_17)
FNDA:1,(anonymous_18)
FNDA:1,(anonymous_19)
DA:1,1
DA:2,1
DA:3,1
DA:4,1
DA:5,1
DA:6,5
DA:8,1
DA:20,8
DA:21,4
DA:23,0
DA:24,0
DA:26,0
DA:28,4
DA:36,4
DA:38,4
DA:50,1
DA:53,1
DA:60,1
DA:67,1
DA:68,1
DA:69,1
DA:72,1
DA:78,1
LF:23
LH:20
BRDA:6,0,0,3
BRDA:6,0,1,2
BRDA:6,1,0,5
BRDA:6,1,1,5
BRDA:6,2,0,0
BRDA:6,2,1,4
BRDA:6,3,0,1
BRDA:6,3,1,1
BRDA:6,4,0,1
BRDA:6,4,1,0
BRDA:6,5,0,1
BRDA:6,5,1,0
BRDA:6,6,0,0
BRDA:6,6,1,1
BRDA:6,7,0,0
BRDA:6,7,1,4
BRDA:6,8,0,4
BRDA:6,8,1,0
BRDA:6,8,2,0
BRDA:6,9,0,0
BRDA:6,9,1,4
BRDA:6,10,0,1
BRDA:6,10,1,0
BRDA:6,11,0,0
BRDA:6,11,1,0
BRDA:6,12,0,0
BRDA:6,12,1,1
BRDA:6,13,0,1
BRDA:6,13,1,0
BRDA:6,14,0,1
BRDA:6,14,1,1
BRDA:6,15,0,1
BRDA:6,15,1,0
BRDA:6,16,0,1
BRDA:6,16,1,0
BRF:35
BRH:20
end_of_record
TN:
SF:/home/fede/Workspace/cruijff/App/Components/Common/DurationPickerField/index.js
FN:4,_interopRequireDefault
FN:4,_extends
FN:4,(anonymous_2)
FN:4,_objectWithoutProperties
FN:4,_objectWithoutPropertiesLoose
FN:23,(anonymous_5)
FN:30,DurationPickerField
FN:31,(anonymous_7)
FN:38,onChangeText
FN:55,onChange
FNF:10
FNH:7
FNDA:8,_interopRequireDefault
FNDA:2,_extends
FNDA:0,(anonymous_2)
FNDA:4,_objectWithoutProperties
FNDA:4,_objectWithoutPropertiesLoose
FNDA:20,(anonymous_5)
FNDA:4,DurationPickerField
FNDA:40,(anonymous_7)
FNDA:0,onChangeText
FNDA:0,onChange
DA:1,2
DA:2,2
DA:3,2
DA:4,27
DA:9,2
DA:23,20
DA:24,20
DA:25,20
DA:30,4
DA:31,40
DA:33,4
DA:38,0
DA:44,2
DA:53,2
DA:58,2
LF:15
LH:14
BRDA:4,0,0,4
BRDA:4,0,1,4
BRDA:4,1,0,8
BRDA:4,1,1,8
BRDA:4,2,0,2
BRDA:4,2,1,0
BRDA:4,3,0,0
BRDA:4,3,1,0
BRDA:4,4,0,0
BRDA:4,4,1,4
BRDA:4,5,0,4
BRDA:4,5,1,0
BRDA:4,6,0,0
BRDA:4,6,1,0
BRDA:4,7,0,0
BRDA:4,7,1,0
BRDA:4,8,0,0
BRDA:4,8,1,4
BRDA:4,9,0,8
BRDA:4,9,1,19
BRDA:25,10,0,20
BRDA:25,10,1,0
BRDA:36,11,0,0
BRDA:36,11,1,4
BRF:24
BRH:12
end_of_record
TN:
SF:/home/fede/Workspace/cruijff/App/Components/Common/DurationPickerField/stories.js
FN:7,_interopRequireDefault
FN:7,_classCallCheck
FN:7,_defineProperties
FN:7,_createClass
FN:7,_possibleConstructorReturn
FN:7,_assertThisInitialized
FN:7,_getPrototypeOf
FN:7,_getPrototypeOf
FN:7,_inherits
FN:7,_setPrototypeOf
FN:7,_setPrototypeOf
FN:9,(anonymous_11)
FN:9,Container
FN:12,(anonymous_13)
FN:15,(anonymous_14)
FN:17,render
FN:59,(anonymous_16)
FN:60,(anonymous_17)
FN:65,(anonymous_18)
FNF:19
FNH:15
FNDA:5,_interopRequireDefault
FNDA:3,_classCallCheck
FNDA:1,_defineProperties
FNDA:1,_createClass
FNDA:3,_possibleConstructorReturn
FNDA:3,_assertThisInitialized
FNDA:1,_getPrototypeOf
FNDA:0,_getPrototypeOf
FNDA:1,_inherits
FNDA:1,_setPrototypeOf
FNDA:0,_setPrototypeOf
FNDA:1,(anonymous_11)
FNDA:3,Container
FNDA:0,(anonymous_13)
FNDA:0,(anonymous_14)
FNDA:3,render
FNDA:1,(anonymous_16)
FNDA:1,(anonymous_17)
FNDA:1,(anonymous_18)
DA:1,1
DA:2,1
DA:3,1
DA:4,1
DA:5,1
DA:6,1
DA:7,5
DA:9,6
DA:10,3
DA:12,0
DA:13,0
DA:15,0
DA:17,3
DA:25,3
DA:26,3
DA:28,3
DA:41,1
DA:44,1
DA:51,1
DA:58,1
DA:59,1
DA:60,1
DA:65,1
LF:23
LH:20
BRDA:7,0,0,3
BRDA:7,0,1,2
BRDA:7,1,0,5
BRDA:7,1,1,5
BRDA:7,2,0,0
BRDA:7,2,1,3
BRDA:7,3,0,1
BRDA:7,3,1,1
BRDA:7,4,0,1
BRDA:7,4,1,0
BRDA:7,5,0,1
BRDA:7,5,1,0
BRDA:7,6,0,0
BRDA:7,6,1,1
BRDA:7,7,0,0
BRDA:7,7,1,3
BRDA:7,8,0,3
BRDA:7,8,1,0
BRDA:7,8,2,0
BRDA:7,9,0,0
BRDA:7,9,1,3
BRDA:7,10,0,1
BRDA:7,10,1,0
BRDA:7,11,0,0
BRDA:7,11,1,0
BRDA:7,12,0,0
BRDA:7,12,1,1
BRDA:7,13,0,1
BRDA:7,13,1,0
BRDA:7,14,0,1
BRDA:7,14,1,1
BRDA:7,15,0,1
BRDA:7,15,1,0
BRDA:7,16,0,1
BRDA:7,16,1,0
BRF:35
BRH:20
end_of_record
TN:
SF:/home/fede/Workspace/cruijff/App/Components/Common/Flap/index.js
FN:8,_interopRequireDefault
FN:8,_templateObject6
FN:8,_templateObject6
FN:8,_templateObject5
FN:8,_templateObject5
FN:8,_templateObject4
FN:8,_templateObject4
FN:8,_templateObject3
FN:8,_templateObject3
FN:8,_templateObject2
FN:8,_templateObject2
FN:8,_templateObject
FN:8,_templateObject
FN:8,_taggedTemplateLiteralLoose
FN:64,Flap
FNF:15
FNH:9
FNDA:8,_interopRequireDefault
FNDA:1,_templateObject6
FNDA:0,_templateObject6
FNDA:1,_templateObject5
FNDA:0,_templateObject5
FNDA:1,_templateObject4
FNDA:0,_templateObject4
FNDA:1,_templateObject3
FNDA:0,_templateObject3
FNDA:1,_templateObject2
FNDA:0,_templateObject2
FNDA:1,_templateObject
FNDA:0,_templateObject
FNDA:6,_taggedTemplateLiteralLoose
FNDA:2,Flap
DA:1,1
DA:2,1
DA:3,1
DA:4,1
DA:5,1
DA:6,1
DA:7,1
DA:8,8
DA:13,1
DA:14,1
DA:18,1
DA:24,1
DA:31,1
DA:38,1
DA:49,1
DA:57,1
DA:64,2
DA:66,2
DA:67,2
DA:69,2
DA:94,1
DA:98,1
DA:102,1
LF:23
LH:23
BRDA:8,0,0,6
BRDA:8,0,1,2
BRDA:8,1,0,8
BRDA:8,1,1,8
BRDA:8,2,0,6
BRDA:8,2,1,0
BRF:6
BRH:5
end_of_record
TN:
SF:/home/fede/Workspace/cruijff/App/Components/Common/Flap/stories.js
FN:3,_interopRequireDefault
FN:6,(anonymous_1)
FNF:2
FNH:2
FNDA:2,_interopRequireDefault
FNDA:1,(anonymous_1)
DA:1,1
DA:2,1
DA:3,2
DA:5,1
DA:6,1
LF:5
LH:5
BRDA:3,0,0,1
BRDA:3,0,1,1
BRDA:3,1,0,2
BRDA:3,1,1,2
BRF:4
BRH:4
end_of_record
TN:
SF:/home/fede/Workspace/cruijff/App/Components/Common/HeaderBtn/index.js
FN:6,_interopRequireDefault
FN:6,_templateObject
FN:6,_templateObject
FN:6,_taggedTemplateLiteralLoose
FN:17,HeaderBtn
FN:34,onPress
FNF:6
FNH:4
FNDA:5,_interopRequireDefault
FNDA:1,_templateObject
FNDA:0,_templateObject
FNDA:1,_taggedTemplateLiteralLoose
FNDA:3,HeaderBtn
FNDA:0,onPress
DA:1,1
DA:2,1
DA:3,1
DA:4,1
DA:5,1
DA:6,5
DA:11,1
DA:17,3
DA:28,1
DA:33,1
DA:37,1
LF:11
LH:11
BRDA:6,0,0,3
BRDA:6,0,1,2
BRDA:6,1,0,5
BRDA:6,1,1,5
BRDA:6,2,0,1
BRDA:6,2,1,0
BRF:6
BRH:5
end_of_record
TN:
SF:/home/fede/Workspace/cruijff/App/Components/Common/HeaderBtn/stories.js
FN:5,_interopRequireDefault
FN:8,(anonymous_1)
FNF:2
FNH:2
FNDA:3,_interopRequireDefault
FNDA:1,(anonymous_1)
DA:1,1
DA:2,1
DA:3,1
DA:4,1
DA:5,3
DA:7,1
DA:8,1
LF:7
LH:7
BRDA:5,0,0,2
BRDA:5,0,1,1
BRDA:5,1,0,3
BRDA:5,1,1,3
BRF:4
BRH:4
end_of_record
TN:
SF:/home/fede/Workspace/cruijff/App/Components/Common/ImageSwiper/index.js
FN:4,_interopRequireDefault
FN:9,ImageSwiper
FN:11,(anonymous_2)
FNF:3
FNH:3
FNDA:3,_interopRequireDefault
FNDA:1,ImageSwiper
FNDA:2,(anonymous_2)
DA:1,1
DA:2,1
DA:3,1
DA:4,3
DA:9,1
DA:11,2
DA:21,1
DA:25,1
DA:29,1
LF:9
LH:9
BRDA:4,0,0,0
BRDA:4,0,1,3
BRDA:4,1,0,3
BRDA:4,1,1,3
BRF:4
BRH:3
end_of_record
TN:
SF:/home/fede/Workspace/cruijff/App/Components/Common/InputField/index.js
FN:12,_interopRequireDefault
FN:12,_extends
FN:12,(anonymous_2)
FN:12,_objectWithoutProperties
FN:12,_objectWithoutPropertiesLoose
FN:12,_templateObject
FN:12,_templateObject
FN:12,_taggedTemplateLiteralLoose
FN:27,InputField
FN:160,onPress
FNF:10
FNH:7
FNDA:22,_interopRequireDefault
FNDA:2,_extends
FNDA:0,(anonymous_2)
FNDA:32,_objectWithoutProperties
FNDA:32,_objectWithoutPropertiesLoose
FNDA:2,_templateObject
FNDA:0,_templateObject
FNDA:2,_taggedTemplateLiteralLoose
FNDA:32,InputField
FNDA:0,onPress
DA:1,2
DA:2,2
DA:3,2
DA:4,2
DA:5,2
DA:6,2
DA:7,2
DA:8,2
DA:9,2
DA:10,2
DA:11,2
DA:12,430
DA:17,2
DA:21,2
DA:27,2
DA:41,32
DA:42,32
DA:43,32
DA:44,32
DA:45,32
DA:46,32
DA:48,32
DA:49,32
DA:50,32
DA:52,32
DA:53,14
DA:82,18
DA:88,18
DA:90,18
DA:136,2
DA:152,2
DA:166,2
LF:32
LH:32
BRDA:12,0,0,18
BRDA:12,0,1,4
BRDA:12,1,0,22
BRDA:12,1,1,22
BRDA:12,2,0,2
BRDA:12,2,1,0
BRDA:12,3,0,0
BRDA:12,3,1,0
BRDA:12,4,0,0
BRDA:12,4,1,32
BRDA:12,5,0,32
BRDA:12,5,1,0
BRDA:12,6,0,0
BRDA:12,6,1,0
BRDA:12,7,0,0
BRDA:12,7,1,0
BRDA:12,8,0,0
BRDA:12,8,1,32
BRDA:12,9,0,384
BRDA:12,9,1,46
BRDA:12,10,0,2
BRDA:12,10,1,0
BRDA:43,11,0,4
BRDA:43,11,1,28
BRDA:44,12,0,22
BRDA:44,12,1,10
BRDA:45,13,0,22
BRDA:45,13,1,10
BRDA:49,14,0,4
BRDA:49,14,1,28
BRDA:50,15,0,5
BRDA:50,15,1,27
BRDA:52,16,0,14
BRDA:52,16,1,18
BRDA:83,17,0,18
BRDA:83,17,1,18
BRDA:84,18,0,18
BRDA:84,18,1,10
BRDA:84,18,2,8
BRDA:85,19,0,18
BRDA:85,19,1,3
BRDA:85,19,2,15
BRF:42
BRH:31
end_of_record
TN:
SF:/home/fede/Workspace/cruijff/App/Components/Common/InputField/stories.js
FN:5,_interopRequireDefault
FN:20,(anonymous_1)
FN:31,(anonymous_2)
FN:41,(anonymous_3)
FN:51,(anonymous_4)
FN:61,(anonymous_5)
FN:72,(anonymous_6)
FN:83,(anonymous_7)
FN:92,(anonymous_8)
FN:102,(anonymous_9)
FN:112,(anonymous_10)
FN:122,(anonymous_11)
FN:133,(anonymous_12)
FN:144,(anonymous_13)
FN:154,(anonymous_14)
FN:164,(anonymous_15)
FNF:16
FNH:16
FNDA:4,_interopRequireDefault
FNDA:1,(anonymous_1)
FNDA:1,(anonymous_2)
FNDA:1,(anonymous_3)
FNDA:1,(anonymous_4)
FNDA:1,(anonymous_5)
FNDA:1,(anonymous_6)
FNDA:1,(anonymous_7)
FNDA:1,(anonymous_8)
FNDA:1,(anonymous_9)
FNDA:1,(anonymous_10)
FNDA:1,(anonymous_11)
FNDA:1,(anonymous_12)
FNDA:1,(anonymous_13)
FNDA:1,(anonymous_14)
FNDA:1,(anonymous_15)
DA:1,1
DA:2,1
DA:3,1
DA:4,1
DA:5,4
DA:7,1
DA:19,1
DA:20,1
DA:31,1
DA:41,1
DA:51,1
DA:61,1
DA:72,1
DA:83,1
DA:92,1
DA:102,1
DA:112,1
DA:122,1
DA:133,1
DA:144,1
DA:154,1
DA:164,1
LF:22
LH:22
BRDA:5,0,0,3
BRDA:5,0,1,1
BRDA:5,1,0,4
BRDA:5,1,1,4
BRF:4
BRH:4
end_of_record
TN:
SF:/home/fede/Workspace/cruijff/App/Components/Common/Label/index.js
FN:4,_interopRequireDefault
FN:4,_templateObject
FN:4,_templateObject
FN:4,_taggedTemplateLiteralLoose
FN:8,(anonymous_4)
FNF:5
FNH:4
FNDA:8,_interopRequireDefault
FNDA:2,_templateObject
FNDA:0,_templateObject
FNDA:2,_taggedTemplateLiteralLoose
FNDA:2,(anonymous_4)
DA:1,2
DA:2,2
DA:3,2
DA:4,8
DA:7,2
DA:8,2
DA:12,2
DA:16,2
DA:20,2
LF:9
LH:9
BRDA:4,0,0,6
BRDA:4,0,1,2
BRDA:4,1,0,8
BRDA:4,1,1,8
BRDA:4,2,0,2
BRDA:4,2,1,0
BRDA:8,3,0,0
BRDA:8,3,1,2
BRF:8
BRH:6
end_of_record
TN:
SF:/home/fede/Workspace/cruijff/App/Components/Common/LinkNavigate/index.js
FN:9,_interopRequireDefault
FN:14,LinkNavigate
FN:28,onPress
FNF:3
FNH:2
FNDA:8,_interopRequireDefault
FNDA:4,LinkNavigate
FNDA:0,onPress
DA:1,1
DA:2,1
DA:3,1
DA:4,1
DA:5,1
DA:6,1
DA:7,1
DA:8,1
DA:9,8
DA:14,1
DA:23,4
DA:24,4
DA:25,4
DA:27,4
DA:28,0
DA:55,1
DA:68,1
DA:78,1
LF:18
LH:17
BRDA:9,0,0,6
BRDA:9,0,1,2
BRDA:9,1,0,8
BRDA:9,1,1,8
BRDA:25,2,0,4
BRDA:25,2,1,0
BRDA:36,3,0,2
BRDA:36,3,1,2
BRDA:43,4,0,4
BRDA:43,4,1,1
BRF:10
BRH:9
end_of_record
TN:
SF:/home/fede/Workspace/cruijff/App/Components/Common/LinkNavigate/stories.js
FN:5,_interopRequireDefault
FN:8,(anonymous_1)
FN:17,(anonymous_2)
FNF:3
FNH:3
FNDA:4,_interopRequireDefault
FNDA:1,(anonymous_1)
FNDA:1,(anonymous_2)
DA:1,1
DA:2,1
DA:3,1
DA:4,1
DA:5,4
DA:7,1
DA:8,1
DA:17,1
LF:8
LH:8
BRDA:5,0,0,3
BRDA:5,0,1,1
BRDA:5,1,0,4
BRDA:5,1,1,4
BRF:4
BRH:4
end_of_record
TN:
SF:/home/fede/Workspace/cruijff/App/Components/Common/LinkNavigate/utils.js
FN:2,navigate
FNF:1
FNH:0
FNDA:0,navigate
DA:1,1
DA:5,1
LF:2
LH:2
BRF:0
BRH:0
end_of_record
TN:
SF:/home/fede/Workspace/cruijff/App/Components/Common/LinkOpenURL/index.js
FN:9,_interopRequireDefault
FN:14,LinkOpenURL
FN:27,onPress
FNF:3
FNH:2
FNDA:16,_interopRequireDefault
FNDA:6,LinkOpenURL
FNDA:0,onPress
DA:1,2
DA:2,2
DA:3,2
DA:4,2
DA:5,2
DA:6,2
DA:7,2
DA:8,2
DA:9,16
DA:14,2
DA:22,6
DA:23,6
DA:24,6
DA:26,6
DA:27,0
DA:54,2
DA:64,2
DA:74,2
LF:18
LH:17
BRDA:9,0,0,12
BRDA:9,0,1,4
BRDA:9,1,0,16
BRDA:9,1,1,16
BRDA:24,2,0,5
BRDA:24,2,1,1
BRDA:35,3,0,1
BRDA:35,3,1,5
BRDA:42,4,0,6
BRDA:42,4,1,4
BRF:10
BRH:10
end_of_record
TN:
SF:/home/fede/Workspace/cruijff/App/Components/Common/LinkOpenURL/stories.js
FN:4,_interopRequireDefault
FN:7,(anonymous_1)
FN:12,(anonymous_2)
FNF:3
FNH:3
FNDA:3,_interopRequireDefault
FNDA:1,(anonymous_1)
FNDA:1,(anonymous_2)
DA:1,1
DA:2,1
DA:3,1
DA:4,3
DA:6,1
DA:7,1
DA:12,1
LF:7
LH:7
BRDA:4,0,0,2
BRDA:4,0,1,1
BRDA:4,1,0,3
BRDA:4,1,1,3
BRF:4
BRH:4
end_of_record
TN:
SF:/home/fede/Workspace/cruijff/App/Components/Common/Logo/index.js
FN:3,_interopRequireWildcard
FN:3,_interopRequireDefault
FN:5,Logo
FNF:3
FNH:3
FNDA:1,_interopRequireWildcard
FNDA:2,_interopRequireDefault
FNDA:6,Logo
DA:1,1
DA:2,1
DA:3,2
DA:5,6
DA:35,1
DA:39,1
DA:43,1
LF:7
LH:7
BRDA:3,0,0,1
BRDA:3,0,1,0
BRDA:3,1,0,1
BRDA:3,1,1,1
BRDA:3,2,0,0
BRDA:3,2,1,0
BRDA:3,3,0,0
BRDA:3,3,1,0
BRDA:3,4,0,0
BRDA:3,4,1,0
BRDA:3,5,0,0
BRDA:3,5,1,0
BRDA:3,6,0,0
BRDA:3,6,1,0
BRDA:3,7,0,0
BRDA:3,7,1,0
BRDA:3,8,0,0
BRDA:3,8,1,2
BRDA:3,9,0,2
BRDA:3,9,1,2
BRF:20
BRH:6
end_of_record
TN:
SF:/home/fede/Workspace/cruijff/App/Components/Common/Logo/stories.js
FN:4,_interopRequireDefault
FN:7,(anonymous_1)
FNF:2
FNH:2
FNDA:3,_interopRequireDefault
FNDA:1,(anonymous_1)
DA:1,1
DA:2,1
DA:3,1
DA:4,3
DA:6,1
DA:7,1
LF:6
LH:6
BRDA:4,0,0,2
BRDA:4,0,1,1
BRDA:4,1,0,3
BRDA:4,1,1,3
BRF:4
BRH:4
end_of_record
TN:
SF:/home/fede/Workspace/cruijff/App/Components/Common/Menu/index.js
FN:13,_interopRequireDefault
FN:13,_templateObject
FN:13,_templateObject
FN:13,_taggedTemplateLiteralLoose
FN:19,(anonymous_4)
FN:38,Menu
FN:51,(anonymous_6)
FNF:7
FNH:5
FNDA:6,_interopRequireDefault
FNDA:1,_templateObject
FNDA:0,_templateObject
FNDA:1,_taggedTemplateLiteralLoose
FNDA:0,(anonymous_4)
FNDA:2,Menu
FNDA:4,(anonymous_6)
DA:1,1
DA:2,1
DA:3,1
DA:4,1
DA:10,1
DA:11,1
DA:12,1
DA:13,6
DA:18,1
DA:19,0
DA:23,1
DA:38,1
DA:39,2
DA:40,2
DA:41,2
DA:42,2
DA:52,4
DA:53,4
DA:54,4
DA:55,4
DA:68,1
DA:82,1
DA:87,1
LF:23
LH:22
BRDA:13,0,0,4
BRDA:13,0,1,2
BRDA:13,1,0,6
BRDA:13,1,1,6
BRDA:13,2,0,1
BRDA:13,2,1,0
BRDA:19,3,0,0
BRDA:19,3,1,0
BRF:8
BRH:5
end_of_record
TN:
SF:/home/fede/Workspace/cruijff/App/Components/Common/Menu/stories.js
FN:5,_interopRequireDefault
FN:11,onPress
FN:17,onPress
FN:22,(anonymous_3)
FNF:4
FNH:2
FNDA:3,_interopRequireDefault
FNDA:0,onPress
FNDA:0,onPress
FNDA:1,(anonymous_3)
DA:1,1
DA:2,1
DA:3,1
DA:4,1
DA:5,3
DA:7,1
DA:11,0
DA:17,0
DA:21,1
DA:22,1
LF:10
LH:8
BRDA:5,0,0,2
BRDA:5,0,1,1
BRDA:5,1,0,3
BRDA:5,1,1,3
BRF:4
BRH:4
end_of_record
TN:
SF:/home/fede/Workspace/cruijff/App/Components/Common/Modals/CancelConfirmModal/index.js
FN:6,_interopRequireDefault
FN:6,_extends
FN:6,(anonymous_2)
FN:6,_objectWithoutProperties
FN:6,_objectWithoutPropertiesLoose
FN:11,CancelConfirmModal
FN:54,onOk
FN:55,onCancel
FNF:8
FNH:5
FNDA:12,_interopRequireDefault
FNDA:1,_extends
FNDA:0,(anonymous_2)
FNDA:4,_objectWithoutProperties
FNDA:4,_objectWithoutPropertiesLoose
FNDA:4,CancelConfirmModal
FNDA:0,onOk
FNDA:0,onCancel
DA:1,2
DA:2,2
DA:3,2
DA:4,2
DA:5,2
DA:6,30
DA:11,2
DA:17,4
DA:19,4
DA:39,4
DA:42,2
DA:51,2
DA:58,2
LF:13
LH:13
BRDA:6,0,0,8
BRDA:6,0,1,4
BRDA:6,1,0,12
BRDA:6,1,1,12
BRDA:6,2,0,1
BRDA:6,2,1,0
BRDA:6,3,0,0
BRDA:6,3,1,0
BRDA:6,4,0,0
BRDA:6,4,1,4
BRDA:6,5,0,4
BRDA:6,5,1,0
BRDA:6,6,0,0
BRDA:6,6,1,0
BRDA:6,7,0,0
BRDA:6,7,1,0
BRDA:6,8,0,0
BRDA:6,8,1,4
BRDA:6,9,0,16
BRDA:6,9,1,14
BRF:20
BRH:10
end_of_record
TN:
SF:/home/fede/Workspace/cruijff/App/Components/Common/Modals/CancelConfirmModal/stories.js
FN:6,_interopRequireDefault
FN:8,Container
FN:10,(anonymous_2)
FN:33,(anonymous_3)
FNF:4
FNH:4
FNDA:4,_interopRequireDefault
FNDA:1,Container
FNDA:1,(anonymous_2)
FNDA:1,(anonymous_3)
DA:1,1
DA:2,1
DA:3,1
DA:4,1
DA:5,1
DA:6,4
DA:8,1
DA:10,1
DA:32,1
DA:33,1
LF:10
LH:10
BRDA:6,0,0,3
BRDA:6,0,1,1
BRDA:6,1,0,4
BRDA:6,1,1,4
BRF:4
BRH:4
end_of_record
TN:
SF:/home/fede/Workspace/cruijff/App/Components/Common/Modals/CapacityPickerModal/index.js
FN:7,_interopRequireDefault
FN:7,_classCallCheck
FN:7,_defineProperties
FN:7,_createClass
FN:7,_possibleConstructorReturn
FN:7,_assertThisInitialized
FN:7,_getPrototypeOf
FN:7,_getPrototypeOf
FN:7,_inherits
FN:7,_setPrototypeOf
FN:7,_setPrototypeOf
FN:17,(anonymous_11)
FN:18,CapacityPickerModal
FN:25,(anonymous_13)
FN:29,(anonymous_14)
FN:30,(anonymous_15)
FN:35,(anonymous_16)
FN:36,(anonymous_17)
FN:39,render
FN:56,onOk
FN:85,onSelect
FN:86,onClose
FNF:22
FNH:12
FNDA:14,_interopRequireDefault
FNDA:1,_classCallCheck
FNDA:2,_defineProperties
FNDA:2,_createClass
FNDA:1,_possibleConstructorReturn
FNDA:1,_assertThisInitialized
FNDA:1,_getPrototypeOf
FNDA:0,_getPrototypeOf
FNDA:2,_inherits
FNDA:2,_setPrototypeOf
FNDA:0,_setPrototypeOf
FNDA:2,(anonymous_11)
FNDA:1,CapacityPickerModal
FNDA:0,(anonymous_13)
FNDA:0,(anonymous_14)
FNDA:0,(anonymous_15)
FNDA:0,(anonymous_16)
FNDA:0,(anonymous_17)
FNDA:1,render
FNDA:0,onOk
FNDA:0,onSelect
FNDA:0,onClose
DA:1,2
DA:2,2
DA:3,2
DA:4,2
DA:5,2
DA:6,2
DA:7,14
DA:12,2
DA:13,2
DA:17,2
DA:18,1
DA:19,1
DA:26,0
DA:27,1
DA:30,0
DA:33,1
DA:36,0
DA:39,2
DA:42,1
DA:43,1
DA:46,1
DA:49,1
DA:56,0
DA:69,2
DA:72,2
DA:82,2
DA:89,2
LF:27
LH:23
BRDA:7,0,0,10
BRDA:7,0,1,4
BRDA:7,1,0,14
BRDA:7,1,1,14
BRDA:7,2,0,0
BRDA:7,2,1,1
BRDA:7,3,0,2
BRDA:7,3,1,2
BRDA:7,4,0,2
BRDA:7,4,1,0
BRDA:7,5,0,2
BRDA:7,5,1,0
BRDA:7,6,0,0
BRDA:7,6,1,2
BRDA:7,7,0,0
BRDA:7,7,1,1
BRDA:7,8,0,1
BRDA:7,8,1,0
BRDA:7,8,2,0
BRDA:7,9,0,0
BRDA:7,9,1,1
BRDA:7,10,0,1
BRDA:7,10,1,0
BRDA:7,11,0,0
BRDA:7,11,1,0
BRDA:7,12,0,0
BRDA:7,12,1,2
BRDA:7,13,0,2
BRDA:7,13,1,0
BRDA:7,14,0,2
BRDA:7,14,1,2
BRDA:7,15,0,2
BRDA:7,15,1,0
BRDA:7,16,0,2
BRDA:7,16,1,0
BRDA:31,17,0,0
BRDA:31,17,1,0
BRDA:37,18,0,0
BRDA:37,18,1,0
BRDA:39,19,0,1
BRDA:39,19,1,0
BRF:41
BRH:21
end_of_record
TN:
SF:/home/fede/Workspace/cruijff/App/Components/Common/Modals/CapacityPickerModal/stories.js
FN:6,_interopRequireDefault
FN:8,Container
FN:10,(anonymous_2)
FN:27,(anonymous_3)
FNF:4
FNH:4
FNDA:4,_interopRequireDefault
FNDA:1,Container
FNDA:1,(anonymous_2)
FNDA:1,(anonymous_3)
DA:1,1
DA:2,1
DA:3,1
DA:4,1
DA:5,1
DA:6,4
DA:8,1
DA:10,1
DA:26,1
DA:27,1
LF:10
LH:10
BRDA:6,0,0,3
BRDA:6,0,1,1
BRDA:6,1,0,4
BRDA:6,1,1,4
BRF:4
BRH:4
end_of_record
TN:
SF:/home/fede/Workspace/cruijff/App/Components/Common/Modals/ConfirmModal/index.js
FN:5,_interopRequireDefault
FN:5,_extends
FN:5,(anonymous_2)
FN:5,_objectWithoutProperties
FN:5,_objectWithoutPropertiesLoose
FN:10,ConfirmModal
FN:37,onOk
FNF:7
FNH:5
FNDA:5,_interopRequireDefault
FNDA:1,_extends
FNDA:0,(anonymous_2)
FNDA:2,_objectWithoutProperties
FNDA:2,_objectWithoutPropertiesLoose
FNDA:2,ConfirmModal
FNDA:0,onOk
DA:1,1
DA:2,1
DA:3,1
DA:4,1
DA:5,12
DA:10,2
DA:12,2
DA:25,2
DA:28,1
DA:35,1
DA:40,1
LF:11
LH:11
BRDA:5,0,0,3
BRDA:5,0,1,2
BRDA:5,1,0,5
BRDA:5,1,1,5
BRDA:5,2,0,1
BRDA:5,2,1,0
BRDA:5,3,0,0
BRDA:5,3,1,0
BRDA:5,4,0,0
BRDA:5,4,1,2
BRDA:5,5,0,2
BRDA:5,5,1,0
BRDA:5,6,0,0
BRDA:5,6,1,0
BRDA:5,7,0,0
BRDA:5,7,1,0
BRDA:5,8,0,0
BRDA:5,8,1,2
BRDA:5,9,0,4
BRDA:5,9,1,8
BRF:20
BRH:10
end_of_record
TN:
SF:/home/fede/Workspace/cruijff/App/Components/Common/Modals/ConfirmModal/stories.js
FN:6,_interopRequireDefault
FN:8,Container
FN:10,(anonymous_2)
FN:31,(anonymous_3)
FNF:4
FNH:4
FNDA:4,_interopRequireDefault
FNDA:1,Container
FNDA:1,(anonymous_2)
FNDA:1,(anonymous_3)
DA:1,1
DA:2,1
DA:3,1
DA:4,1
DA:5,1
DA:6,4
DA:8,1
DA:10,1
DA:30,1
DA:31,1
LF:10
LH:10
BRDA:6,0,0,3
BRDA:6,0,1,1
BRDA:6,1,0,4
BRDA:6,1,1,4
BRF:4
BRH:4
end_of_record
TN:
SF:/home/fede/Workspace/cruijff/App/Components/Common/Modals/DatePickerModal/index.js
FN:11,_interopRequireDefault
FN:11,_classCallCheck
FN:11,_defineProperties
FN:11,_createClass
FN:11,_possibleConstructorReturn
FN:11,_assertThisInitialized
FN:11,_getPrototypeOf
FN:11,_getPrototypeOf
FN:11,_inherits
FN:11,_setPrototypeOf
FN:11,_setPrototypeOf
FN:11,_templateObject
FN:11,_templateObject
FN:11,_taggedTemplateLiteralLoose
FN:22,(anonymous_14)
FN:23,DatePickerModal
FN:30,(anonymous_16)
FN:32,render
FN:59,onOk
FN:83,onSelect
FN:84,onClose
FNF:21
FNH:14
FNDA:22,_interopRequireDefault
FNDA:1,_classCallCheck
FNDA:2,_defineProperties
FNDA:2,_createClass
FNDA:1,_possibleConstructorReturn
FNDA:1,_assertThisInitialized
FNDA:1,_getPrototypeOf
FNDA:0,_getPrototypeOf
FNDA:2,_inherits
FNDA:2,_setPrototypeOf
FNDA:0,_setPrototypeOf
FNDA:2,_templateObject
FNDA:0,_templateObject
FNDA:2,_taggedTemplateLiteralLoose
FNDA:2,(anonymous_14)
FNDA:1,DatePickerModal
FNDA:0,(anonymous_16)
FNDA:1,render
FNDA:0,onOk
FNDA:0,onSelect
FNDA:0,onClose
DA:1,2
DA:2,2
DA:3,2
DA:4,2
DA:5,2
DA:6,2
DA:7,2
DA:8,2
DA:9,2
DA:10,2
DA:11,22
DA:16,2
DA:22,2
DA:23,1
DA:24,1
DA:31,0
DA:32,2
DA:35,1
DA:36,1
DA:39,1
DA:52,1
DA:59,0
DA:70,2
DA:73,2
DA:80,2
DA:87,2
LF:26
LH:24
BRDA:11,0,0,16
BRDA:11,0,1,6
BRDA:11,1,0,22
BRDA:11,1,1,22
BRDA:11,2,0,0
BRDA:11,2,1,1
BRDA:11,3,0,2
BRDA:11,3,1,2
BRDA:11,4,0,2
BRDA:11,4,1,0
BRDA:11,5,0,2
BRDA:11,5,1,0
BRDA:11,6,0,0
BRDA:11,6,1,2
BRDA:11,7,0,0
BRDA:11,7,1,1
BRDA:11,8,0,1
BRDA:11,8,1,0
BRDA:11,8,2,0
BRDA:11,9,0,0
BRDA:11,9,1,1
BRDA:11,10,0,1
BRDA:11,10,1,0
BRDA:11,11,0,0
BRDA:11,11,1,0
BRDA:11,12,0,0
BRDA:11,12,1,2
BRDA:11,13,0,2
BRDA:11,13,1,0
BRDA:11,14,0,2
BRDA:11,14,1,2
BRDA:11,15,0,2
BRDA:11,15,1,0
BRDA:11,16,0,2
BRDA:11,16,1,0
BRDA:11,17,0,2
BRDA:11,17,1,0
BRDA:32,18,0,1
BRDA:32,18,1,1
BRDA:42,19,0,1
BRDA:42,19,1,0
BRF:41
BRH:24
end_of_record
TN:
SF:/home/fede/Workspace/cruijff/App/Components/Common/Modals/DatePickerModal/stories.js
FN:6,_interopRequireDefault
FN:8,Container
FN:10,(anonymous_2)
FN:27,(anonymous_3)
FNF:4
FNH:4
FNDA:4,_interopRequireDefault
FNDA:1,Container
FNDA:1,(anonymous_2)
FNDA:1,(anonymous_3)
DA:1,1
DA:2,1
DA:3,1
DA:4,1
DA:5,1
DA:6,4
DA:8,1
DA:10,1
DA:26,1
DA:27,1
LF:10
LH:10
BRDA:6,0,0,3
BRDA:6,0,1,1
BRDA:6,1,0,4
BRDA:6,1,1,4
BRF:4
BRH:4
end_of_record
TN:
SF:/home/fede/Workspace/cruijff/App/Components/Common/Modals/DialogModal/index.js
FN:7,_interopRequireDefault
FN:7,_extends
FN:7,(anonymous_2)
FN:7,_objectWithoutProperties
FN:7,_objectWithoutPropertiesLoose
FN:7,_templateObject3
FN:7,_templateObject3
FN:7,_templateObject2
FN:7,_templateObject2
FN:7,_templateObject
FN:7,_templateObject
FN:7,_taggedTemplateLiteralLoose
FN:23,(anonymous_12)
FN:32,DialogModal
FNF:14
FNH:10
FNDA:12,_interopRequireDefault
FNDA:2,_extends
FNDA:0,(anonymous_2)
FNDA:15,_objectWithoutProperties
FNDA:15,_objectWithoutPropertiesLoose
FNDA:2,_templateObject3
FNDA:0,_templateObject3
FNDA:2,_templateObject2
FNDA:0,_templateObject2
FNDA:2,_templateObject
FNDA:0,_templateObject
FNDA:6,_taggedTemplateLiteralLoose
FNDA:30,(anonymous_12)
FNDA:15,DialogModal
DA:1,2
DA:2,2
DA:3,2
DA:4,2
DA:5,2
DA:6,2
DA:7,92
DA:12,2
DA:13,2
DA:14,2
DA:18,2
DA:22,2
DA:23,30
DA:26,2
DA:32,2
DA:33,15
DA:34,15
DA:35,15
DA:36,15
DA:37,15
DA:59,2
DA:78,2
DA:84,2
LF:23
LH:23
BRDA:7,0,0,8
BRDA:7,0,1,4
BRDA:7,1,0,12
BRDA:7,1,1,12
BRDA:7,2,0,2
BRDA:7,2,1,0
BRDA:7,3,0,0
BRDA:7,3,1,0
BRDA:7,4,0,0
BRDA:7,4,1,15
BRDA:7,5,0,15
BRDA:7,5,1,0
BRDA:7,6,0,0
BRDA:7,6,1,0
BRDA:7,7,0,0
BRDA:7,7,1,0
BRDA:7,8,0,0
BRDA:7,8,1,15
BRDA:7,9,0,60
BRDA:7,9,1,32
BRDA:7,10,0,6
BRDA:7,10,1,0
BRDA:23,11,0,8
BRDA:23,11,1,22
BRDA:41,12,0,15
BRDA:41,12,1,10
BRDA:49,13,0,15
BRDA:49,13,1,9
BRF:28
BRH:17
end_of_record
TN:
SF:/home/fede/Workspace/cruijff/App/Components/Common/Modals/DialogModal/stories.js
FN:7,_interopRequireDefault
FN:9,Container
FN:14,(anonymous_2)
FN:53,(anonymous_3)
FN:58,(anonymous_4)
FN:65,(anonymous_5)
FNF:6
FNH:6
FNDA:5,_interopRequireDefault
FNDA:3,Container
FNDA:3,(anonymous_2)
FNDA:1,(anonymous_3)
FNDA:1,(anonymous_4)
FNDA:1,(anonymous_5)
DA:1,1
DA:2,1
DA:3,1
DA:4,1
DA:5,1
DA:6,1
DA:7,5
DA:9,3
DA:10,3
DA:12,3
DA:14,3
DA:35,1
DA:46,1
DA:50,1
DA:52,1
DA:53,1
DA:58,1
DA:65,1
LF:18
LH:18
BRDA:7,0,0,3
BRDA:7,0,1,2
BRDA:7,1,0,5
BRDA:7,1,1,5
BRF:4
BRH:4
end_of_record
TN:
SF:/home/fede/Workspace/cruijff/App/Components/Common/Modals/ImageModal/index.js
FN:8,_interopRequireDefault
FN:8,_extends
FN:8,(anonymous_2)
FN:8,_objectWithoutProperties
FN:8,_objectWithoutPropertiesLoose
FN:8,_templateObject4
FN:8,_templateObject4
FN:8,_templateObject3
FN:8,_templateObject3
FN:8,_templateObject2
FN:8,_templateObject2
FN:8,_templateObject
FN:8,_templateObject
FN:8,_taggedTemplateLiteralLoose
FN:34,ImageModal
FNF:15
FNH:10
FNDA:8,_interopRequireDefault
FNDA:1,_extends
FNDA:0,(anonymous_2)
FNDA:2,_objectWithoutProperties
FNDA:2,_objectWithoutPropertiesLoose
FNDA:1,_templateObject4
FNDA:0,_templateObject4
FNDA:1,_templateObject3
FNDA:0,_templateObject3
FNDA:1,_templateObject2
FNDA:0,_templateObject2
FNDA:1,_templateObject
FNDA:0,_templateObject
FNDA:4,_taggedTemplateLiteralLoose
FNDA:2,ImageModal
DA:1,1
DA:2,1
DA:3,1
DA:4,1
DA:5,1
DA:6,1
DA:7,1
DA:8,20
DA:13,1
DA:19,1
DA:24,1
DA:28,1
DA:34,1
DA:40,2
DA:41,2
DA:43,2
DA:60,1
DA:68,1
DA:73,1
LF:19
LH:19
BRDA:8,0,0,6
BRDA:8,0,1,2
BRDA:8,1,0,8
BRDA:8,1,1,8
BRDA:8,2,0,1
BRDA:8,2,1,0
BRDA:8,3,0,0
BRDA:8,3,1,0
BRDA:8,4,0,0
BRDA:8,4,1,2
BRDA:8,5,0,2
BRDA:8,5,1,0
BRDA:8,6,0,0
BRDA:8,6,1,0
BRDA:8,7,0,0
BRDA:8,7,1,0
BRDA:8,8,0,0
BRDA:8,8,1,2
BRDA:8,9,0,8
BRDA:8,9,1,12
BRDA:8,10,0,4
BRDA:8,10,1,0
BRDA:41,11,0,1
BRDA:41,11,1,1
BRDA:50,12,0,2
BRDA:50,12,1,2
BRDA:50,12,2,2
BRF:27
BRH:16
end_of_record
TN:
SF:/home/fede/Workspace/cruijff/App/Components/Common/Modals/ImageModal/stories.js
FN:7,_interopRequireDefault
FN:7,_extends
FN:7,(anonymous_2)
FN:9,Container
FN:11,(anonymous_4)
FN:36,(anonymous_5)
FN:39,(anonymous_6)
FNF:7
FNH:6
FNDA:5,_interopRequireDefault
FNDA:1,_extends
FNDA:0,(anonymous_2)
FNDA:2,Container
FNDA:2,(anonymous_4)
FNDA:1,(anonymous_5)
FNDA:1,(anonymous_6)
DA:1,1
DA:2,1
DA:3,1
DA:4,1
DA:5,1
DA:6,1
DA:7,5
DA:9,2
DA:11,2
DA:35,1
DA:36,1
DA:39,1
LF:12
LH:12
BRDA:7,0,0,3
BRDA:7,0,1,2
BRDA:7,1,0,5
BRDA:7,1,1,5
BRDA:7,2,0,1
BRDA:7,2,1,0
BRDA:7,3,0,0
BRDA:7,3,1,0
BRDA:27,4,0,2
BRDA:27,4,1,2
BRF:10
BRH:7
end_of_record
TN:
SF:/home/fede/Workspace/cruijff/App/Components/Common/Modals/Modal/index.js
FN:5,_interopRequireDefault
FN:5,_extends
FN:5,(anonymous_2)
FN:5,_objectWithoutProperties
FN:5,_objectWithoutPropertiesLoose
FN:5,_templateObject2
FN:5,_templateObject2
FN:5,_templateObject
FN:5,_templateObject
FN:5,_taggedTemplateLiteralLoose
FN:28,Modal
FN:57,onClose
FNF:12
FNH:8
FNDA:8,_interopRequireDefault
FNDA:2,_extends
FNDA:0,(anonymous_2)
FNDA:18,_objectWithoutProperties
FNDA:18,_objectWithoutPropertiesLoose
FNDA:2,_templateObject2
FNDA:0,_templateObject2
FNDA:2,_templateObject
FNDA:0,_templateObject
FNDA:4,_taggedTemplateLiteralLoose
FNDA:18,Modal
FNDA:0,onClose
DA:1,2
DA:2,2
DA:3,2
DA:4,2
DA:5,74
DA:10,2
DA:17,2
DA:28,2
DA:29,18
DA:30,18
DA:31,18
DA:32,18
DA:48,2
DA:55,2
DA:60,2
LF:15
LH:15
BRDA:5,0,0,4
BRDA:5,0,1,4
BRDA:5,1,0,8
BRDA:5,1,1,8
BRDA:5,2,0,2
BRDA:5,2,1,0
BRDA:5,3,0,0
BRDA:5,3,1,0
BRDA:5,4,0,0
BRDA:5,4,1,18
BRDA:5,5,0,18
BRDA:5,5,1,0
BRDA:5,6,0,0
BRDA:5,6,1,0
BRDA:5,7,0,0
BRDA:5,7,1,0
BRDA:5,8,0,0
BRDA:5,8,1,18
BRDA:5,9,0,54
BRDA:5,9,1,20
BRDA:5,10,0,4
BRDA:5,10,1,0
BRDA:40,11,0,18
BRDA:40,11,1,18
BRF:24
BRH:13
end_of_record
TN:
SF:/home/fede/Workspace/cruijff/App/Components/Common/Modals/Modal/stories.js
FN:7,_interopRequireDefault
FN:9,Container
FN:11,(anonymous_2)
FN:35,(anonymous_3)
FN:40,(anonymous_4)
FN:47,(anonymous_5)
FNF:6
FNH:6
FNDA:5,_interopRequireDefault
FNDA:3,Container
FNDA:3,(anonymous_2)
FNDA:1,(anonymous_3)
FNDA:1,(anonymous_4)
FNDA:1,(anonymous_5)
DA:1,1
DA:2,1
DA:3,1
DA:4,1
DA:5,1
DA:6,1
DA:7,5
DA:9,3
DA:11,3
DA:25,1
DA:27,1
DA:34,1
DA:35,1
DA:40,1
DA:47,1
LF:15
LH:15
BRDA:7,0,0,3
BRDA:7,0,1,2
BRDA:7,1,0,5
BRDA:7,1,1,5
BRF:4
BRH:4
end_of_record
TN:
SF:/home/fede/Workspace/cruijff/App/Components/Common/Modals/SportPickerModal/index.js
FN:10,_interopRequireDefault
FN:15,SportPickerModal
FN:50,onSelect
FN:51,onClose
FNF:4
FNH:2
FNDA:7,_interopRequireDefault
FNDA:4,SportPickerModal
FNDA:0,onSelect
FNDA:0,onClose
DA:1,1
DA:2,1
DA:3,1
DA:4,1
DA:5,1
DA:6,1
DA:7,1
DA:8,1
DA:9,1
DA:10,7
DA:15,1
DA:20,4
DA:21,4
DA:23,4
DA:40,1
DA:47,1
DA:54,1
LF:17
LH:17
BRDA:10,0,0,5
BRDA:10,0,1,2
BRDA:10,1,0,7
BRDA:10,1,1,7
BRF:4
BRH:4
end_of_record
TN:
SF:/home/fede/Workspace/cruijff/App/Components/Common/Modals/SportPickerModal/stories.js
FN:6,_interopRequireDefault
FN:8,Container
FN:10,(anonymous_2)
FN:27,(anonymous_3)
FNF:4
FNH:4
FNDA:4,_interopRequireDefault
FNDA:1,Container
FNDA:1,(anonymous_2)
FNDA:1,(anonymous_3)
DA:1,1
DA:2,1
DA:3,1
DA:4,1
DA:5,1
DA:6,4
DA:8,1
DA:10,1
DA:26,1
DA:27,1
LF:10
LH:10
BRDA:6,0,0,3
[...]
FN:15,_interopRequireDefault
FN:15,_classCallCheck
FN:15,_defineProperties
FN:15,_createClass
FN:15,_possibleConstructorReturn
FN:15,_assertThisInitialized
FN:15,_getPrototypeOf
FN:15,_getPrototypeOf
FN:15,_inherits
FN:15,_setPrototypeOf
FN:15,_setPrototypeOf
FN:20,(anonymous_11)
FN:20,PlanGameScreen
FN:35,(anonymous_13)
FN:46,onPress
FN:51,onPress
FN:58,componentDidMount
FN:58,componentWillUnmount
FN:58,render
FN:67,(anonymous_19)
FN:77,onRSVPSuccess
FN:79,(anonymous_21)
FN:92,(anonymous_22)
FN:95,onPlanSuccess
FN:100,(anonymous_24)
FNF:25
FNH:6
FNDA:7,_interopRequireDefault
FNDA:0,_classCallCheck
FNDA:1,_defineProperties
FNDA:1,_createClass
FNDA:0,_possibleConstructorReturn
FNDA:0,_assertThisInitialized
FNDA:0,_getPrototypeOf
FNDA:0,_getPrototypeOf
FNDA:1,_inherits
FNDA:1,_setPrototypeOf
FNDA:0,_setPrototypeOf
FNDA:1,(anonymous_11)
FNDA:0,PlanGameScreen
FNDA:0,(anonymous_13)
FNDA:0,onPress
FNDA:0,onPress
FNDA:0,componentDidMount
FNDA:0,componentWillUnmount
FNDA:0,render
FNDA:0,(anonymous_19)
FNDA:0,onRSVPSuccess
FNDA:0,(anonymous_21)
FNDA:0,(anonymous_22)
FNDA:0,onPlanSuccess
FNDA:0,(anonymous_24)
DA:1,1
DA:2,1
DA:3,1
DA:9,1
DA:10,1
DA:11,1
DA:12,1
DA:13,1
DA:14,1
DA:15,7
DA:20,1
DA:36,0
DA:38,0
DA:40,0
DA:46,0
DA:51,0
DA:57,0
DA:58,1
DA:60,0
DA:61,0
DA:63,0
DA:65,0
DA:68,0
DA:69,0
DA:70,0
DA:71,0
DA:72,0
DA:73,0
DA:77,0
DA:79,0
DA:84,0
DA:85,0
DA:88,0
DA:92,0
DA:95,0
DA:97,0
DA:100,0
DA:118,1
DA:121,1
DA:129,1
LF:40
LH:15
BRDA:15,0,0,5
BRDA:15,0,1,2
BRDA:15,1,0,7
BRDA:15,1,1,7
BRDA:15,2,0,0
BRDA:15,2,1,0
BRDA:15,3,0,3
BRDA:15,3,1,3
BRDA:15,4,0,3
BRDA:15,4,1,0
BRDA:15,5,0,1
BRDA:15,5,1,0
BRDA:15,6,0,0
BRDA:15,6,1,1
BRDA:15,7,0,0
BRDA:15,7,1,0
BRDA:15,8,0,0
BRDA:15,8,1,0
BRDA:15,8,2,0
BRDA:15,9,0,0
BRDA:15,9,1,0
BRDA:15,10,0,0
BRDA:15,10,1,0
BRDA:15,11,0,0
BRDA:15,11,1,0
BRDA:15,12,0,0
BRDA:15,12,1,1
BRDA:15,13,0,1
BRDA:15,13,1,0
BRDA:15,14,0,1
BRDA:15,14,1,1
BRDA:15,15,0,1
BRDA:15,15,1,0
BRDA:15,16,0,1
BRDA:15,16,1,0
BRDA:58,17,0,0
BRDA:58,17,1,0
BRDA:58,18,0,0
BRDA:58,18,1,0
BRDA:63,19,0,0
BRDA:63,19,1,0
BRDA:63,19,2,0
BRDA:84,20,0,0
BRDA:84,20,1,0
BRF:44
BRH:15
end_of_record
TN:
SF:/home/fede/Workspace/cruijff/App/Screens/Plan/PlanGameScreen/stories.js
FN:9,_interopRequireDefault
FN:12,goBack
FN:13,navigate
FN:17,(anonymous_3)
FN:20,(anonymous_4)
FNF:5
FNH:1
FNDA:7,_interopRequireDefault
FNDA:0,goBack
FNDA:0,navigate
FNDA:0,(anonymous_3)
FNDA:0,(anonymous_4)
DA:1,1
DA:2,1
DA:3,1
DA:4,1
DA:5,1
DA:6,1
DA:7,1
DA:8,1
DA:9,7
DA:11,1
DA:16,1
DA:17,0
DA:20,0
LF:13
LH:11
BRDA:9,0,0,6
BRDA:9,0,1,1
BRDA:9,1,0,7
BRDA:9,1,1,7
BRF:4
BRH:4
end_of_record
TN:
SF:/home/fede/Workspace/cruijff/App/Screens/Plan/ShareGameScreen/index.js
FN:13,_interopRequireDefault
FN:13,_classCallCheck
FN:13,_defineProperties
FN:13,_createClass
FN:13,_possibleConstructorReturn
FN:13,_assertThisInitialized
FN:13,_getPrototypeOf
FN:13,_getPrototypeOf
FN:13,_inherits
FN:13,_setPrototypeOf
FN:13,_setPrototypeOf
FN:18,(anonymous_11)
FN:18,ShareGameScreen
FN:32,(anonymous_13)
FN:65,componentDidMount
FN:65,componentWillUnmount
FN:65,render
FN:73,(anonymous_17)
FN:83,onShareSuccess
FN:85,(anonymous_19)
FN:104,(anonymous_20)
FNF:21
FNH:16
FNDA:5,_interopRequireDefault
FNDA:1,_classCallCheck
FNDA:1,_defineProperties
FNDA:1,_createClass
FNDA:1,_possibleConstructorReturn
FNDA:1,_assertThisInitialized
FNDA:1,_getPrototypeOf
FNDA:0,_getPrototypeOf
FNDA:1,_inherits
FNDA:1,_setPrototypeOf
FNDA:0,_setPrototypeOf
FNDA:1,(anonymous_11)
FNDA:1,ShareGameScreen
FNDA:0,(anonymous_13)
FNDA:1,componentDidMount
FNDA:1,componentWillUnmount
FNDA:1,render
FNDA:1,(anonymous_17)
FNDA:0,onShareSuccess
FNDA:0,(anonymous_19)
FNDA:1,(anonymous_20)
DA:1,1
DA:2,1
DA:3,1
DA:9,1
DA:11,1
DA:12,1
DA:13,5
DA:18,2
DA:33,0
DA:35,0
DA:38,0
DA:40,0
DA:64,0
DA:65,1
DA:68,1
DA:69,1
DA:71,1
DA:74,1
DA:75,1
DA:76,1
DA:77,1
DA:78,1
DA:79,1
DA:85,0
DA:87,0
DA:89,0
DA:91,0
DA:93,0
DA:100,0
DA:104,1
DA:119,1
DA:122,1
DA:129,1
LF:33
LH:22
BRDA:13,0,0,3
BRDA:13,0,1,2
BRDA:13,1,0,5
BRDA:13,1,1,5
BRDA:13,2,0,0
BRDA:13,2,1,1
BRDA:13,3,0,3
BRDA:13,3,1,3
BRDA:13,4,0,3
BRDA:13,4,1,0
BRDA:13,5,0,1
BRDA:13,5,1,0
BRDA:13,6,0,0
BRDA:13,6,1,1
BRDA:13,7,0,0
BRDA:13,7,1,1
BRDA:13,8,0,1
BRDA:13,8,1,0
BRDA:13,8,2,0
BRDA:13,9,0,0
BRDA:13,9,1,1
BRDA:13,10,0,1
BRDA:13,10,1,0
BRDA:13,11,0,0
BRDA:13,11,1,0
BRDA:13,12,0,0
BRDA:13,12,1,1
BRDA:13,13,0,1
BRDA:13,13,1,0
BRDA:13,14,0,1
BRDA:13,14,1,1
BRDA:13,15,0,1
BRDA:13,15,1,0
BRDA:13,16,0,1
BRDA:13,16,1,0
BRDA:65,17,0,0
BRDA:65,17,1,1
BRDA:65,18,0,0
BRDA:65,18,1,1
BRF:39
BRH:22
end_of_record
TN:
SF:/home/fede/Workspace/cruijff/App/Screens/Plan/ShareGameScreen/stories.js
FN:3,_interopRequireDefault
FN:6,goBack
FN:7,navigate
FN:16,(anonymous_3)
FNF:4
FNH:2
FNDA:2,_interopRequireDefault
FNDA:0,goBack
FNDA:0,navigate
FNDA:1,(anonymous_3)
DA:1,1
DA:2,1
DA:3,2
DA:5,1
DA:15,1
DA:16,1
LF:6
LH:6
BRDA:3,0,0,1
BRDA:3,0,1,1
BRDA:3,1,0,2
BRDA:3,1,1,2
BRF:4
BRH:4
end_of_record
TN:
SF:/home/fede/Workspace/cruijff/App/Screens/Profile/ProfileEditScreen/index.js
FN:8,_interopRequireDefault
FN:8,_templateObject
FN:8,_templateObject
FN:8,_taggedTemplateLiteralLoose
FN:21,ProfileEditScreen
FN:23,(anonymous_5)
FN:33,onEditSuccess
FN:35,(anonymous_7)
FN:41,(anonymous_8)
FNF:9
FNH:3
FNDA:7,_interopRequireDefault
FNDA:1,_templateObject
FNDA:0,_templateObject
FNDA:1,_taggedTemplateLiteralLoose
FNDA:0,ProfileEditScreen
FNDA:0,(anonymous_5)
FNDA:0,onEditSuccess
FNDA:0,(anonymous_7)
FNDA:0,(anonymous_8)
DA:1,1
DA:2,1
DA:3,1
DA:4,1
DA:5,1
DA:6,1
DA:7,1
DA:8,7
DA:14,1
DA:21,1
DA:24,0
DA:25,0
DA:26,0
DA:27,0
DA:28,0
DA:29,0
DA:35,0
DA:36,0
DA:37,0
DA:41,0
DA:59,1
DA:67,1
LF:22
LH:12
BRDA:8,0,0,5
BRDA:8,0,1,2
BRDA:8,1,0,7
BRDA:8,1,1,7
BRDA:8,2,0,1
BRDA:8,2,1,0
BRF:6
BRH:5
end_of_record
TN:
SF:/home/fede/Workspace/cruijff/App/Screens/Profile/ProfileEditScreen/mocks.js
FN:2,goBack
FNF:1
FNH:0
FNDA:0,goBack
DA:1,1
DA:5,1
LF:2
LH:2
BRF:0
BRH:0
end_of_record
TN:
SF:/home/fede/Workspace/cruijff/App/Screens/Profile/ProfileEditScreen/stories.js
FN:6,_interopRequireDefault
FN:9,(anonymous_1)
FN:14,(anonymous_2)
FNF:3
FNH:3
FNDA:4,_interopRequireDefault
FNDA:1,(anonymous_1)
FNDA:1,(anonymous_2)
DA:1,1
DA:2,1
DA:3,1
DA:4,1
DA:5,1
DA:6,4
DA:8,1
DA:9,1
DA:14,1
LF:9
LH:9
BRDA:6,0,0,3
BRDA:6,0,1,1
BRDA:6,1,0,4
BRDA:6,1,1,4
BRDA:15,2,0,1
BRDA:15,2,1,0
BRDA:15,3,0,1
BRDA:15,3,1,0
BRF:8
BRH:6
end_of_record
TN:
SF:/home/fede/Workspace/cruijff/App/Screens/Splash/SplashScreen/index.js
FN:14,_interopRequireDefault
FN:14,_classCallCheck
FN:14,_defineProperties
FN:14,_createClass
FN:14,_possibleConstructorReturn
FN:14,_assertThisInitialized
FN:14,_getPrototypeOf
FN:14,_getPrototypeOf
FN:14,_inherits
FN:14,_setPrototypeOf
FN:14,_setPrototypeOf
FN:14,_templateObject2
FN:14,_templateObject2
FN:14,_templateObject
FN:14,_templateObject
FN:14,_taggedTemplateLiteralLoose
FN:31,(anonymous_16)
FN:31,SplashScreen
FN:31,componentDidMount
FN:31,componentDidMount$
FN:33,render
FN:51,onPress
FNF:22
FNH:17
FNDA:13,_interopRequireDefault
FNDA:1,_classCallCheck
FNDA:1,_defineProperties
FNDA:1,_createClass
FNDA:1,_possibleConstructorReturn
FNDA:1,_assertThisInitialized
FNDA:1,_getPrototypeOf
FNDA:0,_getPrototypeOf
FNDA:1,_inherits
FNDA:1,_setPrototypeOf
FNDA:0,_setPrototypeOf
FNDA:1,_templateObject2
FNDA:0,_templateObject2
FNDA:1,_templateObject
FNDA:0,_templateObject
FNDA:2,_taggedTemplateLiteralLoose
FNDA:1,(anonymous_16)
FNDA:1,SplashScreen
FNDA:1,componentDidMount
FNDA:1,componentDidMount$
FNDA:1,render
FNDA:0,onPress
DA:1,1
DA:2,1
DA:3,1
DA:4,1
DA:5,1
DA:6,1
DA:7,1
DA:8,1
DA:9,1
DA:10,1
DA:11,1
DA:12,1
DA:13,1
DA:14,13
DA:19,1
DA:25,1
DA:31,1
DA:33,1
DA:37,1
DA:39,1
DA:53,0
DA:73,1
DA:76,1
DA:84,1
DA:89,1
LF:25
LH:24
BRDA:14,0,0,11
BRDA:14,0,1,2
BRDA:14,1,0,13
BRDA:14,1,1,13
BRDA:14,2,0,0
BRDA:14,2,1,1
BRDA:14,3,0,2
BRDA:14,3,1,2
BRDA:14,4,0,2
BRDA:14,4,1,0
BRDA:14,5,0,1
BRDA:14,5,1,0
BRDA:14,6,0,0
BRDA:14,6,1,1
BRDA:14,7,0,0
BRDA:14,7,1,1
BRDA:14,8,0,1
BRDA:14,8,1,0
BRDA:14,8,2,0
BRDA:14,9,0,0
BRDA:14,9,1,1
BRDA:14,10,0,1
BRDA:14,10,1,0
BRDA:14,11,0,0
BRDA:14,11,1,0
BRDA:14,12,0,0
BRDA:14,12,1,1
BRDA:14,13,0,1
BRDA:14,13,1,0
BRDA:14,14,0,1
BRDA:14,14,1,1
BRDA:14,15,0,1
BRDA:14,15,1,0
BRDA:14,16,0,1
BRDA:14,16,1,0
BRDA:14,17,0,2
BRDA:14,17,1,0
BRDA:31,18,0,1
BRDA:31,18,1,1
BRDA:31,18,2,1
BRDA:53,19,0,0
BRDA:53,19,1,0
BRDA:57,20,0,1
BRDA:57,20,1,1
BRDA:57,20,2,0
BRF:45
BRH:26
end_of_record
TN:
SF:/home/fede/Workspace/cruijff/App/Screens/Splash/SplashScreen/mocks.js
FN:2,navigate
FNF:1
FNH:0
FNDA:0,navigate
DA:1,1
DA:2,0
DA:5,1
LF:3
LH:2
BRF:0
BRH:0
end_of_record
TN:
SF:/home/fede/Workspace/cruijff/App/Screens/Splash/SplashScreen/stories.js
FN:4,_interopRequireDefault
FN:8,(anonymous_1)
FNF:2
FNH:2
FNDA:3,_interopRequireDefault
FNDA:1,(anonymous_1)
DA:1,1
DA:2,1
DA:3,1
DA:4,3
DA:7,1
DA:8,1
LF:6
LH:6
BRDA:4,0,0,2
BRDA:4,0,1,1
BRDA:4,1,0,3
BRDA:4,1,1,3
BRF:4
BRH:4
end_of_record
TN:
SF:/home/fede/Workspace/cruijff/App/Screens/Spots/SpotsFilterScreen/index.js
FN:9,_interopRequireDefault
FN:9,_objectSpread
FN:9,(anonymous_2)
FN:9,(anonymous_3)
FN:9,_defineProperty
FN:14,SpotsFilterScreen
FN:21,(anonymous_6)
FN:28,(anonymous_7)
FN:38,onFilterSuccess
FN:40,(anonymous_9)
FN:46,(anonymous_10)
FNF:11
FNH:7
FNDA:7,_interopRequireDefault
FNDA:1,_objectSpread
FNDA:0,(anonymous_2)
FNDA:6,(anonymous_3)
FNDA:6,_defineProperty
FNDA:1,SpotsFilterScreen
FNDA:1,(anonymous_6)
FNDA:1,(anonymous_7)
FNDA:0,onFilterSuccess
FNDA:0,(anonymous_9)
FNDA:0,(anonymous_10)
DA:1,1
DA:2,1
DA:3,1
DA:4,1
DA:5,1
DA:6,1
DA:7,1
DA:8,1
DA:9,7
DA:14,1
DA:15,1
DA:16,1
DA:17,1
DA:18,1
DA:22,1
DA:23,1
DA:24,1
DA:25,1
DA:28,1
DA:29,1
DA:30,1
DA:32,0
DA:33,0
DA:36,0
DA:40,0
DA:42,0
DA:46,0
DA:66,1
DA:73,1
LF:29
LH:23
BRDA:9,0,0,5
BRDA:9,0,1,2
BRDA:9,1,0,7
BRDA:9,1,1,7
BRDA:9,2,0,1
BRDA:9,2,1,0
BRDA:9,3,0,1
BRDA:9,3,1,0
BRDA:9,4,0,0
BRDA:9,4,1,6
BRDA:29,5,0,1
BRDA:29,5,1,0
BRDA:32,6,0,0
BRDA:32,6,1,0
BRDA:32,7,0,0
BRDA:32,7,1,0
BRDA:32,7,2,0
BRF:17
BRH:8
end_of_record
TN:
SF:/home/fede/Workspace/cruijff/App/Screens/Spots/SpotsFilterScreen/mocks.js
FN:2,goBack
FNF:1
FNH:0
FNDA:0,goBack
DA:1,1
DA:5,1
LF:2
LH:2
BRF:0
BRH:0
end_of_record
TN:
SF:/home/fede/Workspace/cruijff/App/Screens/Spots/SpotsFilterScreen/stories.js
FN:5,_interopRequireDefault
FN:8,(anonymous_1)
FNF:2
FNH:2
FNDA:3,_interopRequireDefault
FNDA:1,(anonymous_1)
DA:1,1
DA:2,1
DA:3,1
DA:4,1
DA:5,3
DA:7,1
DA:8,1
LF:7
LH:7
BRDA:5,0,0,2
BRDA:5,0,1,1
BRDA:5,1,0,3
BRDA:5,1,1,3
BRF:4
BRH:4
end_of_record
TN:
SF:/home/fede/Workspace/cruijff/App/Screens/Spots/SpotsListScreen/index.js
FN:7,_interopRequireDefault
FN:7,_objectSpread
FN:7,(anonymous_2)
FN:7,(anonymous_3)
FN:7,_defineProperty
FN:7,_classCallCheck
FN:7,_defineProperties
FN:7,_createClass
FN:7,_possibleConstructorReturn
FN:7,_assertThisInitialized
FN:7,_getPrototypeOf
FN:7,_getPrototypeOf
FN:7,_inherits
FN:7,_setPrototypeOf
FN:7,_setPrototypeOf
FN:7,_templateObject2
FN:7,_templateObject2
FN:7,_templateObject
FN:7,_templateObject
FN:7,_taggedTemplateLiteralLoose
FN:24,(anonymous_20)
FN:24,SpotsListScreen
FN:25,(anonymous_22)
FN:28,render
FNF:24
FNH:18
FNDA:5,_interopRequireDefault
FNDA:1,_objectSpread
FNDA:0,(anonymous_2)
FNDA:6,(anonymous_3)
FNDA:6,_defineProperty
FNDA:1,_classCallCheck
FNDA:1,_defineProperties
FNDA:1,_createClass
FNDA:1,_possibleConstructorReturn
FNDA:1,_assertThisInitialized
FNDA:1,_getPrototypeOf
FNDA:0,_getPrototypeOf
FNDA:1,_inherits
FNDA:1,_setPrototypeOf
FNDA:0,_setPrototypeOf
FNDA:1,_templateObject2
FNDA:0,_templateObject2
FNDA:1,_templateObject
FNDA:0,_templateObject
FNDA:2,_taggedTemplateLiteralLoose
FNDA:1,(anonymous_20)
FNDA:1,SpotsListScreen
FNDA:0,(anonymous_22)
FNDA:1,render
DA:1,1
DA:2,1
DA:3,1
DA:4,1
DA:5,1
DA:6,1
DA:7,6
DA:12,1
DA:16,1
DA:24,2
DA:26,0
DA:27,0
DA:28,1
DA:31,1
DA:33,1
DA:65,1
DA:68,1
DA:75,1
LF:18
LH:16
BRDA:7,0,0,3
BRDA:7,0,1,2
BRDA:7,1,0,5
BRDA:7,1,1,5
BRDA:7,2,0,1
BRDA:7,2,1,0
BRDA:7,3,0,1
BRDA:7,3,1,0
BRDA:7,4,0,0
BRDA:7,4,1,6
BRDA:7,5,0,0
BRDA:7,5,1,1
BRDA:7,6,0,1
BRDA:7,6,1,1
BRDA:7,7,0,1
BRDA:7,7,1,0
BRDA:7,8,0,1
BRDA:7,8,1,0
BRDA:7,9,0,0
BRDA:7,9,1,1
BRDA:7,10,0,0
BRDA:7,10,1,1
BRDA:7,11,0,1
BRDA:7,11,1,0
BRDA:7,11,2,0
BRDA:7,12,0,0
BRDA:7,12,1,1
BRDA:7,13,0,1
BRDA:7,13,1,0
BRDA:7,14,0,0
BRDA:7,14,1,0
BRDA:7,15,0,0
BRDA:7,15,1,1
BRDA:7,16,0,1
BRDA:7,16,1,0
BRDA:7,17,0,1
BRDA:7,17,1,1
BRDA:7,18,0,1
BRDA:7,18,1,0
BRDA:7,19,0,1
BRDA:7,19,1,0
BRDA:7,20,0,2
BRDA:7,20,1,0
BRDA:35,21,0,1
BRDA:35,21,1,1
BRDA:35,21,2,0
BRDA:55,22,0,1
BRDA:55,22,1,0
BRF:48
BRH:27
end_of_record
TN:
SF:/home/fede/Workspace/cruijff/App/Screens/Spots/SpotsListScreen/mocks.js
FN:2,navigate
FNF:1
FNH:0
FNDA:0,navigate
DA:1,1
DA:5,1
LF:2
LH:2
BRF:0
BRH:0
end_of_record
TN:
SF:/home/fede/Workspace/cruijff/App/Screens/Spots/SpotsListScreen/stories.js
FN:4,_interopRequireDefault
FN:7,(anonymous_1)
FNF:2
FNH:2
FNDA:3,_interopRequireDefault
FNDA:1,(anonymous_1)
DA:1,1
DA:2,1
DA:3,1
DA:4,3
DA:6,1
DA:7,1
LF:6
LH:6
BRDA:4,0,0,2
BRDA:4,0,1,1
BRDA:4,1,0,3
BRDA:4,1,1,3
BRF:4
BRH:4
end_of_record
TN:
SF:/home/fede/Workspace/cruijff/App/Services/IncomingLinks.js
FN:2,_interopRequireDefault
FN:12,_callee
FN:12,_callee$
FNF:3
FNH:1
FNDA:1,_interopRequireDefault
FNDA:0,_callee
FNDA:0,_callee$
DA:1,1
DA:2,1
DA:4,1
DA:7,1
DA:10,1
DA:12,1
DA:13,0
DA:14,0
DA:15,0
DA:16,0
DA:17,0
DA:18,0
DA:19,0
DA:22,0
DA:23,0
DA:24,0
DA:26,0
DA:28,0
LF:18
LH:6
BRDA:2,0,0,0
BRDA:2,0,1,1
BRDA:2,1,0,1
BRDA:2,1,1,1
BRDA:12,2,0,0
BRDA:12,2,1,0
BRDA:12,2,2,0
BRDA:13,3,0,0
BRDA:13,3,1,0
BRDA:15,4,0,0
BRDA:15,4,1,0
BRDA:18,5,0,0
BRDA:18,5,1,0
BRDA:24,6,0,0
BRDA:24,6,1,0
BRF:15
BRH:3
end_of_record
TN:
SF:/home/fede/Workspace/cruijff/App/Services/SeedorfApi.js
FN:3,_interopRequireDefault
FNF:1
FNH:1
FNDA:3,_interopRequireDefault
DA:1,1
DA:2,1
DA:3,3
DA:5,1
DA:6,1
LF:5
LH:5
BRDA:3,0,0,3
BRDA:3,0,1,0
BRDA:3,1,0,3
BRDA:3,1,1,3
BRDA:5,2,0,1
BRDA:5,2,1,0
BRF:6
BRH:4
end_of_record
TN:
SF:/home/fede/Workspace/cruijff/App/Services/SeedorfApiFixture.js
FN:2,_objectSpread
FN:2,(anonymous_1)
FN:2,(anonymous_2)
FN:2,_defineProperty
FN:5,getGames
FN:10,getAllSpots
FN:15,(anonymous_6)
FN:19,getGame
FN:25,(anonymous_8)
FN:26,(anonymous_9)
FN:27,(anonymous_10)
FN:28,(anonymous_11)
FN:29,(anonymous_12)
FN:29,(anonymous_13)
FN:31,(anonymous_14)
FN:39,getSpot
FN:48,createGame
FN:53,deleteGame
FN:58,submitRating
FN:63,signup
FN:70,verifyToken
FN:74,setToken
FN:76,setGameStatus
FNF:23
FNH:3
FNDA:0,_objectSpread
FNDA:0,(anonymous_1)
FNDA:0,(anonymous_2)
FNDA:0,_defineProperty
FNDA:0,getGames
FNDA:1,getAllSpots
FNDA:580,(anonymous_6)
FNDA:0,getGame
FNDA:0,(anonymous_8)
FNDA:0,(anonymous_9)
FNDA:0,(anonymous_10)
FNDA:0,(anonymous_11)
FNDA:0,(anonymous_12)
FNDA:0,(anonymous_13)
FNDA:0,(anonymous_14)
FNDA:1,getSpot
FNDA:0,createGame
FNDA:0,deleteGame
FNDA:0,submitRating
FNDA:0,signup
FNDA:0,verifyToken
FNDA:0,setToken
FNDA:0,setGameStatus
DA:1,2
DA:2,2
DA:4,2
DA:5,0
DA:11,1
DA:12,1
DA:13,1
DA:15,580
DA:20,0
DA:21,0
DA:22,0
DA:23,0
DA:24,0
DA:25,0
DA:26,0
DA:27,0
DA:28,0
DA:29,0
DA:31,0
DA:33,0
DA:40,1
DA:41,1
DA:42,1
DA:48,0
DA:53,0
DA:58,0
DA:63,0
DA:70,0
DA:74,0
DA:76,0
DA:77,2
LF:31
LH:11
BRDA:2,0,0,0
BRDA:2,0,1,0
BRDA:2,1,0,0
BRDA:2,1,1,0
BRDA:2,2,0,0
BRDA:2,2,1,0
BRF:6
BRH:0
end_of_record
TN:
SF:/home/fede/Workspace/cruijff/App/Services/SeedorfApiLive.js
FN:5,_interopRequireDefault
FN:9,create
FN:42,getUser
FN:43,getAllSpots
FN:44,getSpot
FN:45,getGame
FN:46,getGames
FN:47,verifyToken
FN:49,signup
FN:62,login
FN:70,updateUserName
FN:77,updateUserAvatar
FN:81,updateUserLanguage
FN:85,submitRating
FN:91,createGame
FN:107,setGameSport
FN:113,setGameSpot
FN:119,setGameStatus
FN:125,setGameTimes
FN:142,setGameName
FN:148,setGameInviteMode
FN:154,setGameDescription
FN:160,setGameCapacity
FN:166,deleteGame
FN:170,setRSVPStatus
FN:176,updateRSVPStatus
FN:182,sendMagicLoginLink
FN:188,confirmMagicLoginLink
FN:239,setToken
FN:245,(anonymous_29)
FNF:30
FNH:2
FNDA:8,_interopRequireDefault
FNDA:1,create
FNDA:0,getUser
FNDA:0,getAllSpots
FNDA:0,getSpot
FNDA:0,getGame
FNDA:0,getGames
FNDA:0,verifyToken
FNDA:0,signup
FNDA:0,login
FNDA:0,updateUserName
FNDA:0,updateUserAvatar
FNDA:0,updateUserLanguage
FNDA:0,submitRating
FNDA:0,createGame
FNDA:0,setGameSport
FNDA:0,setGameSpot
FNDA:0,setGameStatus
FNDA:0,setGameTimes
FNDA:0,setGameName
FNDA:0,setGameInviteMode
FNDA:0,setGameDescription
FNDA:0,setGameCapacity
FNDA:0,deleteGame
FNDA:0,setRSVPStatus
FNDA:0,updateRSVPStatus
FNDA:0,sendMagicLoginLink
FNDA:0,confirmMagicLoginLink
FNDA:0,setToken
FNDA:0,(anonymous_29)
DA:1,2
DA:2,2
DA:3,2
DA:4,2
DA:5,8
DA:9,2
DA:16,1
DA:42,1
DA:43,1
DA:44,1
DA:45,1
DA:46,1
DA:47,1
DA:49,1
DA:50,0
DA:62,1
DA:70,1
DA:77,1
DA:81,1
DA:85,1
DA:91,1
DA:92,0
DA:107,1
DA:113,1
DA:119,1
DA:125,1
DA:126,0
DA:127,0
DA:128,0
DA:129,0
DA:130,0
DA:142,1
DA:148,1
DA:154,1
DA:160,1
DA:166,1
DA:170,1
DA:176,1
DA:182,1
DA:188,1
DA:211,1
DA:240,0
DA:241,0
DA:243,0
DA:244,0
DA:246,0
DA:254,2
DA:255,2
LF:48
LH:36
BRDA:5,0,0,4
BRDA:5,0,1,4
BRDA:5,1,0,8
BRDA:5,1,1,8
BRDA:240,2,0,0
BRDA:240,2,1,0
BRF:6
BRH:4
end_of_record
TN:
SF:/home/fede/Workspace/cruijff/App/Themes/Colors.js
FNF:0
FNH:0
DA:1,6
DA:47,6
LF:2
LH:2
BRF:0
BRH:0
end_of_record
TN:
SF:/home/fede/Workspace/cruijff/App/Themes/Fonts.js
FN:1,_interopRequireDefault
FNF:1
FNH:1
FNDA:5,_interopRequireDefault
DA:1,5
DA:3,5
DA:9,5
DA:23,5
DA:58,5
DA:61,5
LF:6
LH:6
BRDA:1,0,0,5
BRDA:1,0,1,0
BRDA:1,1,0,5
BRDA:1,1,1,5
BRF:4
BRH:3
end_of_record
TN:
SF:/home/fede/Workspace/cruijff/App/Themes/Icons.js
FNF:0
FNH:0
DA:1,1
DA:2,1
DA:13,1
LF:3
LH:3
BRF:0
BRH:0
end_of_record
TN:
SF:/home/fede/Workspace/cruijff/App/Themes/Palettes.js
FN:1,_interopRequireDefault
FN:3,getInputPalette
FNF:2
FNH:2
FNDA:5,_interopRequireDefault
FNDA:89,getInputPalette
DA:1,5
DA:3,5
DA:4,89
DA:6,63
DA:16,17
DA:26,8
DA:36,1
DA:46,0
DA:50,5
LF:9
LH:8
BRDA:1,0,0,5
BRDA:1,0,1,0
BRDA:1,1,0,5
BRDA:1,1,1,5
BRDA:4,2,0,63
BRDA:4,2,1,17
BRDA:4,2,2,8
BRDA:4,2,3,1
BRDA:4,2,4,0
BRF:9
BRH:7
end_of_record
TN:
SF:/home/fede/Workspace/cruijff/storybook/index.js
FN:14,_interopRequireDefault
FNF:1
FNH:1
FNDA:1,_interopRequireDefault
DA:1,1
DA:11,1
DA:12,1
DA:14,1
DA:18,1
DA:19,1
LF:6
LH:6
BRDA:14,0,0,1
BRDA:14,0,1,0
BRDA:14,1,0,1
BRDA:14,1,1,1
BRF:4
BRH:3
end_of_record
TN:
SF:/home/fede/Workspace/cruijff/storybook/setup_faker.js
FN:3,_interopRequireDefault
FN:5,bindAll
FN:6,(anonymous_2)
FNF:3
FNH:3
FNDA:16,_interopRequireDefault
FNDA:8,bindAll
FNDA:80,(anonymous_2)
DA:2,8
DA:3,16
DA:6,8
DA:7,80
DA:8,80
DA:11,8
DA:13,8
DA:14,8
LF:8
LH:8
BRDA:3,0,0,0
BRDA:3,0,1,16
BRDA:3,1,0,16
BRDA:3,1,1,16
BRDA:7,2,0,80
BRDA:7,2,1,0
BRF:6
BRH:4
end_of_record
TN:
SF:/home/fede/Workspace/cruijff/storybook/storyLoader.js
FN:7,loadStories
FNF:1
FNH:1
FNDA:1,loadStories
DA:8,1
DA:9,1
DA:10,1
DA:11,1
DA:12,1
DA:13,1
DA:14,1
DA:15,1
DA:16,1
DA:17,1
DA:18,1
DA:19,1
DA:20,1
DA:21,1
DA:22,1
DA:23,1
DA:24,1
DA:25,1
DA:26,1
DA:27,1
DA:28,1
DA:29,1
DA:30,1
DA:31,1
DA:32,1
DA:33,1
DA:34,1
DA:35,1
DA:36,1
DA:37,1
DA:38,1
DA:39,1
DA:40,1
DA:41,1
DA:42,1
DA:43,1
DA:44,1
DA:45,1
DA:46,1
DA:47,1
DA:48,1
DA:49,1
DA:50,1
DA:51,1
DA:52,1
DA:53,1
DA:54,1
DA:55,1
DA:56,1
DA:57,1
DA:58,1
DA:59,1
DA:60,1
DA:61,1
DA:62,1
DA:63,1
DA:64,1
DA:65,1
DA:66,1
DA:67,1
DA:68,1
DA:69,1
DA:70,1
DA:71,1
DA:72,1
DA:73,1
DA:74,1
DA:75,1
DA:76,1
DA:77,1
DA:78,1
DA:79,1
DA:80,1
DA:81,1
DA:82,1
DA:83,1
DA:84,1
DA:85,1
DA:86,1
DA:87,1
DA:88,1
DA:89,1
DA:90,1
DA:91,1
DA:92,1
DA:93,1
DA:94,1
DA:95,1
DA:96,1
DA:97,1
DA:98,1
DA:99,1
DA:100,1
DA:101,1
DA:102,1
DA:103,1
DA:104,1
DA:105,1
DA:106,1
DA:107,1
DA:108,1
DA:109,1
DA:110,1
DA:111,1
DA:112,1
DA:113,1
DA:114,1
DA:115,1
DA:116,1
DA:117,1
DA:118,1
DA:119,1
DA:120,1
DA:121,1
DA:122,1
DA:123,1
DA:124,1
DA:128,1
DA:249,1
LF:119
LH:119
BRF:0
BRH:0
end_of_record
TN:
SF:/home/fede/Workspace/cruijff/storybook/storybook.js
FN:7,_interopRequireDefault
FN:9,(anonymous_1)
FN:25,(anonymous_2)
FNF:3
FNH:2
FNDA:1,_interopRequireDefault
FNDA:232,(anonymous_1)
FNDA:0,(anonymous_2)
DA:1,1
DA:2,1
DA:3,1
DA:4,1
DA:5,1
DA:6,1
DA:7,1
DA:9,232
DA:20,1
DA:24,1
DA:25,1
DA:27,1
LF:12
LH:12
BRDA:7,0,0,0
BRDA:7,0,1,1
BRDA:7,1,0,1
BRDA:7,1,1,1
BRF:4
BRH:3
end_of_record
